{"G:\\UpworkTask\\VictorSemenkov\\Alex Zehnbacht\\RealDijoca\\Dijoca\\src-pwa\\custom-service-worker.js": {"path":"G:\\UpworkTask\\VictorSemenkov\\Alex Zehnbacht\\RealDijoca\\Dijoca\\src-pwa\\custom-service-worker.js","statementMap":{},"fnMap":{},"branchMap":{},"s":{},"f":{},"b":{},"hash":"7c9131ec5d7f1a60b138c0d5c805558f14147d52"}
,"G:\\UpworkTask\\VictorSemenkov\\Alex Zehnbacht\\RealDijoca\\Dijoca\\src-pwa\\register-service-worker.js": {"path":"G:\\UpworkTask\\VictorSemenkov\\Alex Zehnbacht\\RealDijoca\\Dijoca\\src-pwa\\register-service-worker.js","statementMap":{"0":{"start":{"line":7,"column":0},"end":{"line":41,"column":2}},"1":{"start":{"line":15,"column":4},"end":{"line":15,"column":70}},"2":{"start":{"line":19,"column":4},"end":{"line":19,"column":54}},"3":{"start":{"line":23,"column":4},"end":{"line":23,"column":59}},"4":{"start":{"line":27,"column":4},"end":{"line":27,"column":46}},"5":{"start":{"line":31,"column":4},"end":{"line":31,"column":60}},"6":{"start":{"line":35,"column":4},"end":{"line":35,"column":80}},"7":{"start":{"line":39,"column":4},"end":{"line":39,"column":67}}},"fnMap":{"0":{"name":"(anonymous_0)","decl":{"start":{"line":14,"column":2},"end":{"line":14,"column":3}},"loc":{"start":{"line":14,"column":11},"end":{"line":16,"column":3}},"line":14},"1":{"name":"(anonymous_1)","decl":{"start":{"line":18,"column":2},"end":{"line":18,"column":3}},"loc":{"start":{"line":18,"column":28},"end":{"line":20,"column":3}},"line":18},"2":{"name":"(anonymous_2)","decl":{"start":{"line":22,"column":2},"end":{"line":22,"column":3}},"loc":{"start":{"line":22,"column":24},"end":{"line":24,"column":3}},"line":22},"3":{"name":"(anonymous_3)","decl":{"start":{"line":26,"column":2},"end":{"line":26,"column":3}},"loc":{"start":{"line":26,"column":29},"end":{"line":28,"column":3}},"line":26},"4":{"name":"(anonymous_4)","decl":{"start":{"line":30,"column":2},"end":{"line":30,"column":3}},"loc":{"start":{"line":30,"column":25},"end":{"line":32,"column":3}},"line":30},"5":{"name":"(anonymous_5)","decl":{"start":{"line":34,"column":2},"end":{"line":34,"column":3}},"loc":{"start":{"line":34,"column":13},"end":{"line":36,"column":3}},"line":34},"6":{"name":"(anonymous_6)","decl":{"start":{"line":38,"column":2},"end":{"line":38,"column":3}},"loc":{"start":{"line":38,"column":14},"end":{"line":40,"column":3}},"line":38}},"branchMap":{},"s":{"0":0,"1":0,"2":0,"3":0,"4":0,"5":0,"6":0,"7":0},"f":{"0":0,"1":0,"2":0,"3":0,"4":0,"5":0,"6":0},"b":{},"hash":"dadc18316e472dd5e77d34fc2092b651e9baaf16"}
,"G:\\UpworkTask\\VictorSemenkov\\Alex Zehnbacht\\RealDijoca\\Dijoca\\src\\boot\\axios.js": {"path":"G:\\UpworkTask\\VictorSemenkov\\Alex Zehnbacht\\RealDijoca\\Dijoca\\src\\boot\\axios.js","statementMap":{"0":{"start":{"line":4,"column":2},"end":{"line":4,"column":30}}},"fnMap":{"0":{"name":"(anonymous_0)","decl":{"start":{"line":3,"column":15},"end":{"line":3,"column":16}},"loc":{"start":{"line":3,"column":28},"end":{"line":5,"column":1}},"line":3}},"branchMap":{},"s":{"0":0},"f":{"0":0},"b":{},"hash":"e95f9535ea747aa541bbfea1cf47ac59823676e9"}
,"G:\\UpworkTask\\VictorSemenkov\\Alex Zehnbacht\\RealDijoca\\Dijoca\\src\\boot\\i18n.js": {"path":"G:\\UpworkTask\\VictorSemenkov\\Alex Zehnbacht\\RealDijoca\\Dijoca\\src\\boot\\i18n.js","statementMap":{"0":{"start":{"line":5,"column":0},"end":{"line":5,"column":16}},"1":{"start":{"line":7,"column":13},"end":{"line":11,"column":2}},"2":{"start":{"line":15,"column":2},"end":{"line":15,"column":17}}},"fnMap":{"0":{"name":"(anonymous_0)","decl":{"start":{"line":13,"column":15},"end":{"line":13,"column":16}},"loc":{"start":{"line":13,"column":28},"end":{"line":16,"column":1}},"line":13}},"branchMap":{},"s":{"0":0,"1":0,"2":0},"f":{"0":0},"b":{},"hash":"9264fc9013b8f38c7ffca769e3d7eca85a7b55d8"}
,"G:\\UpworkTask\\VictorSemenkov\\Alex Zehnbacht\\RealDijoca\\Dijoca\\src\\boot\\socket.js": {"path":"G:\\UpworkTask\\VictorSemenkov\\Alex Zehnbacht\\RealDijoca\\Dijoca\\src\\boot\\socket.js","statementMap":{"0":{"start":{"line":3,"column":12},"end":{"line":3,"column":20}},"1":{"start":{"line":6,"column":2},"end":{"line":18,"column":3}},"2":{"start":{"line":7,"column":4},"end":{"line":17,"column":5}},"3":{"start":{"line":9,"column":8},"end":{"line":9,"column":60}},"4":{"start":{"line":10,"column":8},"end":{"line":10,"column":13}},"5":{"start":{"line":13,"column":8},"end":{"line":13,"column":59}},"6":{"start":{"line":14,"column":8},"end":{"line":14,"column":13}},"7":{"start":{"line":22,"column":15},"end":{"line":51,"column":3}},"8":{"start":{"line":24,"column":6},"end":{"line":26,"column":7}},"9":{"start":{"line":28,"column":6},"end":{"line":30,"column":7}},"10":{"start":{"line":29,"column":8},"end":{"line":29,"column":24}},"11":{"start":{"line":31,"column":6},"end":{"line":34,"column":7}},"12":{"start":{"line":32,"column":8},"end":{"line":32,"column":24}},"13":{"start":{"line":33,"column":8},"end":{"line":33,"column":21}},"14":{"start":{"line":35,"column":6},"end":{"line":42,"column":7}},"15":{"start":{"line":36,"column":8},"end":{"line":41,"column":9}},"16":{"start":{"line":37,"column":10},"end":{"line":37,"column":45}},"17":{"start":{"line":39,"column":10},"end":{"line":39,"column":24}},"18":{"start":{"line":40,"column":10},"end":{"line":40,"column":26}},"19":{"start":{"line":43,"column":6},"end":{"line":45,"column":7}},"20":{"start":{"line":44,"column":8},"end":{"line":44,"column":24}},"21":{"start":{"line":49,"column":6},"end":{"line":49,"column":31}},"22":{"start":{"line":53,"column":2},"end":{"line":53,"column":32}}},"fnMap":{"0":{"name":"handleMessage","decl":{"start":{"line":5,"column":9},"end":{"line":5,"column":22}},"loc":{"start":{"line":5,"column":30},"end":{"line":19,"column":1}},"line":5},"1":{"name":"(anonymous_1)","decl":{"start":{"line":21,"column":15},"end":{"line":21,"column":16}},"loc":{"start":{"line":21,"column":28},"end":{"line":54,"column":1}},"line":21},"2":{"name":"(anonymous_2)","decl":{"start":{"line":23,"column":4},"end":{"line":23,"column":5}},"loc":{"start":{"line":23,"column":12},"end":{"line":46,"column":5}},"line":23},"3":{"name":"(anonymous_3)","decl":{"start":{"line":28,"column":30},"end":{"line":28,"column":31}},"loc":{"start":{"line":28,"column":45},"end":{"line":30,"column":7}},"line":28},"4":{"name":"(anonymous_4)","decl":{"start":{"line":31,"column":31},"end":{"line":31,"column":32}},"loc":{"start":{"line":31,"column":46},"end":{"line":34,"column":7}},"line":31},"5":{"name":"(anonymous_5)","decl":{"start":{"line":35,"column":33},"end":{"line":35,"column":34}},"loc":{"start":{"line":35,"column":48},"end":{"line":42,"column":7}},"line":35},"6":{"name":"(anonymous_6)","decl":{"start":{"line":43,"column":31},"end":{"line":43,"column":32}},"loc":{"start":{"line":43,"column":46},"end":{"line":45,"column":7}},"line":43},"7":{"name":"(anonymous_7)","decl":{"start":{"line":48,"column":4},"end":{"line":48,"column":5}},"loc":{"start":{"line":48,"column":16},"end":{"line":50,"column":5}},"line":48}},"branchMap":{"0":{"loc":{"start":{"line":6,"column":2},"end":{"line":18,"column":3}},"type":"if","locations":[{"start":{"line":6,"column":2},"end":{"line":18,"column":3}},{"start":{"line":6,"column":2},"end":{"line":18,"column":3}}],"line":6},"1":{"loc":{"start":{"line":7,"column":4},"end":{"line":17,"column":5}},"type":"switch","locations":[{"start":{"line":8,"column":6},"end":{"line":10,"column":13}},{"start":{"line":12,"column":6},"end":{"line":14,"column":13}},{"start":{"line":16,"column":6},"end":{"line":16,"column":14}}],"line":7}},"s":{"0":0,"1":0,"2":0,"3":0,"4":0,"5":0,"6":0,"7":0,"8":0,"9":0,"10":0,"11":0,"12":0,"13":0,"14":0,"15":0,"16":0,"17":0,"18":0,"19":0,"20":0,"21":0,"22":0},"f":{"0":0,"1":0,"2":0,"3":0,"4":0,"5":0,"6":0,"7":0},"b":{"0":[0,0],"1":[0,0,0]},"hash":"1355d0e3d230fa9fb034c8ec369fc2e5dd5523ae"}
,"G:\\UpworkTask\\VictorSemenkov\\Alex Zehnbacht\\RealDijoca\\Dijoca\\src\\boot\\vuelidate.js": {"path":"G:\\UpworkTask\\VictorSemenkov\\Alex Zehnbacht\\RealDijoca\\Dijoca\\src\\boot\\vuelidate.js","statementMap":{"0":{"start":{"line":4,"column":2},"end":{"line":4,"column":20}}},"fnMap":{"0":{"name":"(anonymous_0)","decl":{"start":{"line":3,"column":15},"end":{"line":3,"column":16}},"loc":{"start":{"line":3,"column":28},"end":{"line":5,"column":1}},"line":3}},"branchMap":{},"s":{"0":0},"f":{"0":0},"b":{},"hash":"633b1ed1b561195fad12d8b835e6a01df254aa37"}
,"G:\\UpworkTask\\VictorSemenkov\\Alex Zehnbacht\\RealDijoca\\Dijoca\\src\\boot\\api\\auth.js": {"path":"G:\\UpworkTask\\VictorSemenkov\\Alex Zehnbacht\\RealDijoca\\Dijoca\\src\\boot\\api\\auth.js","statementMap":{"0":{"start":{"line":5,"column":4},"end":{"line":5,"column":54}},"1":{"start":{"line":9,"column":4},"end":{"line":9,"column":51}},"2":{"start":{"line":13,"column":4},"end":{"line":13,"column":41}},"3":{"start":{"line":17,"column":4},"end":{"line":17,"column":49}},"4":{"start":{"line":21,"column":4},"end":{"line":21,"column":50}}},"fnMap":{"0":{"name":"(anonymous_0)","decl":{"start":{"line":4,"column":2},"end":{"line":4,"column":3}},"loc":{"start":{"line":4,"column":16},"end":{"line":6,"column":3}},"line":4},"1":{"name":"(anonymous_1)","decl":{"start":{"line":8,"column":2},"end":{"line":8,"column":3}},"loc":{"start":{"line":8,"column":16},"end":{"line":10,"column":3}},"line":8},"2":{"name":"(anonymous_2)","decl":{"start":{"line":12,"column":2},"end":{"line":12,"column":3}},"loc":{"start":{"line":12,"column":20},"end":{"line":14,"column":3}},"line":12},"3":{"name":"(anonymous_3)","decl":{"start":{"line":16,"column":2},"end":{"line":16,"column":3}},"loc":{"start":{"line":16,"column":26},"end":{"line":18,"column":3}},"line":16},"4":{"name":"(anonymous_4)","decl":{"start":{"line":20,"column":2},"end":{"line":20,"column":3}},"loc":{"start":{"line":20,"column":20},"end":{"line":22,"column":3}},"line":20}},"branchMap":{},"s":{"0":0,"1":0,"2":0,"3":0,"4":0},"f":{"0":0,"1":0,"2":0,"3":0,"4":0},"b":{},"hash":"77bec68d8e6fd6cf24bc195a3ae0e03230384c4a"}
,"G:\\UpworkTask\\VictorSemenkov\\Alex Zehnbacht\\RealDijoca\\Dijoca\\src\\boot\\api\\device-models.js": {"path":"G:\\UpworkTask\\VictorSemenkov\\Alex Zehnbacht\\RealDijoca\\Dijoca\\src\\boot\\api\\device-models.js","statementMap":{"0":{"start":{"line":5,"column":14},"end":{"line":5,"column":16}},"1":{"start":{"line":7,"column":4},"end":{"line":7,"column":40}},"2":{"start":{"line":9,"column":4},"end":{"line":9,"column":25}}},"fnMap":{"0":{"name":"(anonymous_0)","decl":{"start":{"line":4,"column":2},"end":{"line":4,"column":3}},"loc":{"start":{"line":4,"column":21},"end":{"line":10,"column":3}},"line":4}},"branchMap":{},"s":{"0":0,"1":0,"2":0},"f":{"0":0},"b":{},"hash":"6a7767438ccfa207ed1bfc51460e05035cf1bd09"}
,"G:\\UpworkTask\\VictorSemenkov\\Alex Zehnbacht\\RealDijoca\\Dijoca\\src\\boot\\api\\device-software.js": {"path":"G:\\UpworkTask\\VictorSemenkov\\Alex Zehnbacht\\RealDijoca\\Dijoca\\src\\boot\\api\\device-software.js","statementMap":{"0":{"start":{"line":5,"column":14},"end":{"line":5,"column":16}},"1":{"start":{"line":7,"column":4},"end":{"line":7,"column":60}},"2":{"start":{"line":9,"column":4},"end":{"line":9,"column":25}}},"fnMap":{"0":{"name":"(anonymous_0)","decl":{"start":{"line":4,"column":2},"end":{"line":4,"column":3}},"loc":{"start":{"line":4,"column":31},"end":{"line":10,"column":3}},"line":4}},"branchMap":{},"s":{"0":0,"1":0,"2":0},"f":{"0":0},"b":{},"hash":"97f7d77913df7d3422b0ae23d4dde74103564102"}
,"G:\\UpworkTask\\VictorSemenkov\\Alex Zehnbacht\\RealDijoca\\Dijoca\\src\\boot\\api\\device-types.js": {"path":"G:\\UpworkTask\\VictorSemenkov\\Alex Zehnbacht\\RealDijoca\\Dijoca\\src\\boot\\api\\device-types.js","statementMap":{"0":{"start":{"line":5,"column":14},"end":{"line":5,"column":16}},"1":{"start":{"line":7,"column":4},"end":{"line":7,"column":39}},"2":{"start":{"line":9,"column":4},"end":{"line":9,"column":25}}},"fnMap":{"0":{"name":"(anonymous_0)","decl":{"start":{"line":4,"column":2},"end":{"line":4,"column":3}},"loc":{"start":{"line":4,"column":20},"end":{"line":10,"column":3}},"line":4}},"branchMap":{},"s":{"0":0,"1":0,"2":0},"f":{"0":0},"b":{},"hash":"823c315d8af70321c71075b9c995b640fc0d9f4a"}
,"G:\\UpworkTask\\VictorSemenkov\\Alex Zehnbacht\\RealDijoca\\Dijoca\\src\\boot\\api\\devices.js": {"path":"G:\\UpworkTask\\VictorSemenkov\\Alex Zehnbacht\\RealDijoca\\Dijoca\\src\\boot\\api\\devices.js","statementMap":{"0":{"start":{"line":5,"column":14},"end":{"line":5,"column":16}},"1":{"start":{"line":7,"column":4},"end":{"line":13,"column":5}},"2":{"start":{"line":8,"column":6},"end":{"line":8,"column":76}},"3":{"start":{"line":9,"column":11},"end":{"line":13,"column":5}},"4":{"start":{"line":10,"column":6},"end":{"line":10,"column":60}},"5":{"start":{"line":12,"column":6},"end":{"line":12,"column":36}},"6":{"start":{"line":15,"column":4},"end":{"line":15,"column":25}},"7":{"start":{"line":19,"column":14},"end":{"line":19,"column":16}},"8":{"start":{"line":21,"column":4},"end":{"line":27,"column":5}},"9":{"start":{"line":22,"column":6},"end":{"line":22,"column":88}},"10":{"start":{"line":23,"column":11},"end":{"line":27,"column":5}},"11":{"start":{"line":24,"column":6},"end":{"line":24,"column":72}},"12":{"start":{"line":26,"column":6},"end":{"line":26,"column":48}},"13":{"start":{"line":29,"column":4},"end":{"line":29,"column":25}},"14":{"start":{"line":33,"column":14},"end":{"line":33,"column":16}},"15":{"start":{"line":35,"column":4},"end":{"line":41,"column":5}},"16":{"start":{"line":36,"column":6},"end":{"line":36,"column":88}},"17":{"start":{"line":37,"column":11},"end":{"line":41,"column":5}},"18":{"start":{"line":38,"column":6},"end":{"line":38,"column":72}},"19":{"start":{"line":40,"column":6},"end":{"line":40,"column":48}},"20":{"start":{"line":43,"column":4},"end":{"line":43,"column":33}},"21":{"start":{"line":47,"column":14},"end":{"line":47,"column":16}},"22":{"start":{"line":49,"column":4},"end":{"line":55,"column":5}},"23":{"start":{"line":50,"column":6},"end":{"line":50,"column":76}},"24":{"start":{"line":51,"column":11},"end":{"line":55,"column":5}},"25":{"start":{"line":52,"column":6},"end":{"line":52,"column":60}},"26":{"start":{"line":54,"column":6},"end":{"line":54,"column":36}},"27":{"start":{"line":57,"column":4},"end":{"line":57,"column":31}},"28":{"start":{"line":61,"column":14},"end":{"line":61,"column":16}},"29":{"start":{"line":63,"column":4},"end":{"line":69,"column":5}},"30":{"start":{"line":64,"column":6},"end":{"line":64,"column":88}},"31":{"start":{"line":65,"column":11},"end":{"line":69,"column":5}},"32":{"start":{"line":66,"column":6},"end":{"line":66,"column":72}},"33":{"start":{"line":68,"column":6},"end":{"line":68,"column":48}},"34":{"start":{"line":71,"column":4},"end":{"line":71,"column":32}}},"fnMap":{"0":{"name":"(anonymous_0)","decl":{"start":{"line":4,"column":2},"end":{"line":4,"column":3}},"loc":{"start":{"line":4,"column":34},"end":{"line":16,"column":3}},"line":4},"1":{"name":"(anonymous_1)","decl":{"start":{"line":18,"column":2},"end":{"line":18,"column":3}},"loc":{"start":{"line":18,"column":43},"end":{"line":30,"column":3}},"line":18},"2":{"name":"(anonymous_2)","decl":{"start":{"line":32,"column":2},"end":{"line":32,"column":3}},"loc":{"start":{"line":32,"column":51},"end":{"line":44,"column":3}},"line":32},"3":{"name":"(anonymous_3)","decl":{"start":{"line":46,"column":2},"end":{"line":46,"column":3}},"loc":{"start":{"line":46,"column":39},"end":{"line":58,"column":3}},"line":46},"4":{"name":"(anonymous_4)","decl":{"start":{"line":60,"column":2},"end":{"line":60,"column":3}},"loc":{"start":{"line":60,"column":46},"end":{"line":72,"column":3}},"line":60}},"branchMap":{"0":{"loc":{"start":{"line":7,"column":4},"end":{"line":13,"column":5}},"type":"if","locations":[{"start":{"line":7,"column":4},"end":{"line":13,"column":5}},{"start":{"line":7,"column":4},"end":{"line":13,"column":5}}],"line":7},"1":{"loc":{"start":{"line":9,"column":11},"end":{"line":13,"column":5}},"type":"if","locations":[{"start":{"line":9,"column":11},"end":{"line":13,"column":5}},{"start":{"line":9,"column":11},"end":{"line":13,"column":5}}],"line":9},"2":{"loc":{"start":{"line":21,"column":4},"end":{"line":27,"column":5}},"type":"if","locations":[{"start":{"line":21,"column":4},"end":{"line":27,"column":5}},{"start":{"line":21,"column":4},"end":{"line":27,"column":5}}],"line":21},"3":{"loc":{"start":{"line":23,"column":11},"end":{"line":27,"column":5}},"type":"if","locations":[{"start":{"line":23,"column":11},"end":{"line":27,"column":5}},{"start":{"line":23,"column":11},"end":{"line":27,"column":5}}],"line":23},"4":{"loc":{"start":{"line":35,"column":4},"end":{"line":41,"column":5}},"type":"if","locations":[{"start":{"line":35,"column":4},"end":{"line":41,"column":5}},{"start":{"line":35,"column":4},"end":{"line":41,"column":5}}],"line":35},"5":{"loc":{"start":{"line":37,"column":11},"end":{"line":41,"column":5}},"type":"if","locations":[{"start":{"line":37,"column":11},"end":{"line":41,"column":5}},{"start":{"line":37,"column":11},"end":{"line":41,"column":5}}],"line":37},"6":{"loc":{"start":{"line":49,"column":4},"end":{"line":55,"column":5}},"type":"if","locations":[{"start":{"line":49,"column":4},"end":{"line":55,"column":5}},{"start":{"line":49,"column":4},"end":{"line":55,"column":5}}],"line":49},"7":{"loc":{"start":{"line":51,"column":11},"end":{"line":55,"column":5}},"type":"if","locations":[{"start":{"line":51,"column":11},"end":{"line":55,"column":5}},{"start":{"line":51,"column":11},"end":{"line":55,"column":5}}],"line":51},"8":{"loc":{"start":{"line":63,"column":4},"end":{"line":69,"column":5}},"type":"if","locations":[{"start":{"line":63,"column":4},"end":{"line":69,"column":5}},{"start":{"line":63,"column":4},"end":{"line":69,"column":5}}],"line":63},"9":{"loc":{"start":{"line":65,"column":11},"end":{"line":69,"column":5}},"type":"if","locations":[{"start":{"line":65,"column":11},"end":{"line":69,"column":5}},{"start":{"line":65,"column":11},"end":{"line":69,"column":5}}],"line":65}},"s":{"0":0,"1":0,"2":0,"3":0,"4":0,"5":0,"6":0,"7":0,"8":0,"9":0,"10":0,"11":0,"12":0,"13":0,"14":0,"15":0,"16":0,"17":0,"18":0,"19":0,"20":0,"21":0,"22":0,"23":0,"24":0,"25":0,"26":0,"27":0,"28":0,"29":0,"30":0,"31":0,"32":0,"33":0,"34":0},"f":{"0":0,"1":0,"2":0,"3":0,"4":0},"b":{"0":[0,0],"1":[0,0],"2":[0,0],"3":[0,0],"4":[0,0],"5":[0,0],"6":[0,0],"7":[0,0],"8":[0,0],"9":[0,0]},"hash":"559b2f3bddd5a181c50d129251a20e35481e4245"}
,"G:\\UpworkTask\\VictorSemenkov\\Alex Zehnbacht\\RealDijoca\\Dijoca\\src\\boot\\api\\index.js": {"path":"G:\\UpworkTask\\VictorSemenkov\\Alex Zehnbacht\\RealDijoca\\Dijoca\\src\\boot\\api\\index.js","statementMap":{"0":{"start":{"line":10,"column":17},"end":{"line":23,"column":1}},"1":{"start":{"line":26,"column":2},"end":{"line":26,"column":26}}},"fnMap":{"0":{"name":"(anonymous_0)","decl":{"start":{"line":25,"column":15},"end":{"line":25,"column":16}},"loc":{"start":{"line":25,"column":28},"end":{"line":27,"column":1}},"line":25}},"branchMap":{},"s":{"0":0,"1":0},"f":{"0":0},"b":{},"hash":"9f62fb7a803045fda0c27acfc752290cabf2c55e"}
,"G:\\UpworkTask\\VictorSemenkov\\Alex Zehnbacht\\RealDijoca\\Dijoca\\src\\boot\\api\\locations.js": {"path":"G:\\UpworkTask\\VictorSemenkov\\Alex Zehnbacht\\RealDijoca\\Dijoca\\src\\boot\\api\\locations.js","statementMap":{"0":{"start":{"line":5,"column":14},"end":{"line":5,"column":16}},"1":{"start":{"line":7,"column":4},"end":{"line":11,"column":5}},"2":{"start":{"line":8,"column":6},"end":{"line":8,"column":54}},"3":{"start":{"line":10,"column":6},"end":{"line":10,"column":38}},"4":{"start":{"line":13,"column":4},"end":{"line":13,"column":25}},"5":{"start":{"line":17,"column":14},"end":{"line":17,"column":16}},"6":{"start":{"line":19,"column":4},"end":{"line":23,"column":5}},"7":{"start":{"line":20,"column":6},"end":{"line":20,"column":68}},"8":{"start":{"line":22,"column":6},"end":{"line":22,"column":52}},"9":{"start":{"line":25,"column":4},"end":{"line":25,"column":25}},"10":{"start":{"line":29,"column":14},"end":{"line":29,"column":16}},"11":{"start":{"line":31,"column":4},"end":{"line":35,"column":5}},"12":{"start":{"line":32,"column":6},"end":{"line":32,"column":68}},"13":{"start":{"line":34,"column":6},"end":{"line":34,"column":52}},"14":{"start":{"line":37,"column":4},"end":{"line":37,"column":33}},"15":{"start":{"line":41,"column":14},"end":{"line":41,"column":16}},"16":{"start":{"line":43,"column":4},"end":{"line":47,"column":5}},"17":{"start":{"line":44,"column":6},"end":{"line":44,"column":54}},"18":{"start":{"line":46,"column":6},"end":{"line":46,"column":38}},"19":{"start":{"line":49,"column":4},"end":{"line":49,"column":31}},"20":{"start":{"line":53,"column":14},"end":{"line":53,"column":16}},"21":{"start":{"line":55,"column":4},"end":{"line":59,"column":5}},"22":{"start":{"line":56,"column":6},"end":{"line":56,"column":68}},"23":{"start":{"line":58,"column":6},"end":{"line":58,"column":52}},"24":{"start":{"line":61,"column":4},"end":{"line":61,"column":32}}},"fnMap":{"0":{"name":"(anonymous_0)","decl":{"start":{"line":4,"column":2},"end":{"line":4,"column":3}},"loc":{"start":{"line":4,"column":24},"end":{"line":14,"column":3}},"line":4},"1":{"name":"(anonymous_1)","decl":{"start":{"line":16,"column":2},"end":{"line":16,"column":3}},"loc":{"start":{"line":16,"column":35},"end":{"line":26,"column":3}},"line":16},"2":{"name":"(anonymous_2)","decl":{"start":{"line":28,"column":2},"end":{"line":28,"column":3}},"loc":{"start":{"line":28,"column":43},"end":{"line":38,"column":3}},"line":28},"3":{"name":"(anonymous_3)","decl":{"start":{"line":40,"column":2},"end":{"line":40,"column":3}},"loc":{"start":{"line":40,"column":29},"end":{"line":50,"column":3}},"line":40},"4":{"name":"(anonymous_4)","decl":{"start":{"line":52,"column":2},"end":{"line":52,"column":3}},"loc":{"start":{"line":52,"column":38},"end":{"line":62,"column":3}},"line":52}},"branchMap":{"0":{"loc":{"start":{"line":7,"column":4},"end":{"line":11,"column":5}},"type":"if","locations":[{"start":{"line":7,"column":4},"end":{"line":11,"column":5}},{"start":{"line":7,"column":4},"end":{"line":11,"column":5}}],"line":7},"1":{"loc":{"start":{"line":19,"column":4},"end":{"line":23,"column":5}},"type":"if","locations":[{"start":{"line":19,"column":4},"end":{"line":23,"column":5}},{"start":{"line":19,"column":4},"end":{"line":23,"column":5}}],"line":19},"2":{"loc":{"start":{"line":31,"column":4},"end":{"line":35,"column":5}},"type":"if","locations":[{"start":{"line":31,"column":4},"end":{"line":35,"column":5}},{"start":{"line":31,"column":4},"end":{"line":35,"column":5}}],"line":31},"3":{"loc":{"start":{"line":43,"column":4},"end":{"line":47,"column":5}},"type":"if","locations":[{"start":{"line":43,"column":4},"end":{"line":47,"column":5}},{"start":{"line":43,"column":4},"end":{"line":47,"column":5}}],"line":43},"4":{"loc":{"start":{"line":55,"column":4},"end":{"line":59,"column":5}},"type":"if","locations":[{"start":{"line":55,"column":4},"end":{"line":59,"column":5}},{"start":{"line":55,"column":4},"end":{"line":59,"column":5}}],"line":55}},"s":{"0":0,"1":0,"2":0,"3":0,"4":0,"5":0,"6":0,"7":0,"8":0,"9":0,"10":0,"11":0,"12":0,"13":0,"14":0,"15":0,"16":0,"17":0,"18":0,"19":0,"20":0,"21":0,"22":0,"23":0,"24":0},"f":{"0":0,"1":0,"2":0,"3":0,"4":0},"b":{"0":[0,0],"1":[0,0],"2":[0,0],"3":[0,0],"4":[0,0]},"hash":"e601fad2f636bba83a85e9784fe66383449072ac"}
,"G:\\UpworkTask\\VictorSemenkov\\Alex Zehnbacht\\RealDijoca\\Dijoca\\src\\boot\\api\\users.js": {"path":"G:\\UpworkTask\\VictorSemenkov\\Alex Zehnbacht\\RealDijoca\\Dijoca\\src\\boot\\api\\users.js","statementMap":{"0":{"start":{"line":5,"column":4},"end":{"line":5,"column":44}},"1":{"start":{"line":9,"column":4},"end":{"line":9,"column":54}},"2":{"start":{"line":13,"column":4},"end":{"line":13,"column":62}},"3":{"start":{"line":17,"column":4},"end":{"line":17,"column":50}},"4":{"start":{"line":21,"column":4},"end":{"line":21,"column":61}}},"fnMap":{"0":{"name":"(anonymous_0)","decl":{"start":{"line":4,"column":2},"end":{"line":4,"column":3}},"loc":{"start":{"line":4,"column":14},"end":{"line":6,"column":3}},"line":4},"1":{"name":"(anonymous_1)","decl":{"start":{"line":8,"column":2},"end":{"line":8,"column":3}},"loc":{"start":{"line":8,"column":19},"end":{"line":10,"column":3}},"line":8},"2":{"name":"(anonymous_2)","decl":{"start":{"line":12,"column":2},"end":{"line":12,"column":3}},"loc":{"start":{"line":12,"column":27},"end":{"line":14,"column":3}},"line":12},"3":{"name":"(anonymous_3)","decl":{"start":{"line":16,"column":2},"end":{"line":16,"column":3}},"loc":{"start":{"line":16,"column":17},"end":{"line":18,"column":3}},"line":16},"4":{"name":"(anonymous_4)","decl":{"start":{"line":20,"column":2},"end":{"line":20,"column":3}},"loc":{"start":{"line":20,"column":22},"end":{"line":22,"column":3}},"line":20}},"branchMap":{},"s":{"0":0,"1":0,"2":0,"3":0,"4":0},"f":{"0":0,"1":0,"2":0,"3":0,"4":0},"b":{},"hash":"708185206e351c276030d83d37d963aca9c151ac"}
,"G:\\UpworkTask\\VictorSemenkov\\Alex Zehnbacht\\RealDijoca\\Dijoca\\src\\boot\\api\\utils.js": {"path":"G:\\UpworkTask\\VictorSemenkov\\Alex Zehnbacht\\RealDijoca\\Dijoca\\src\\boot\\api\\utils.js","statementMap":{"0":{"start":{"line":5,"column":4},"end":{"line":5,"column":72}},"1":{"start":{"line":8,"column":4},"end":{"line":10,"column":5}},"2":{"start":{"line":13,"column":4},"end":{"line":13,"column":68}}},"fnMap":{"0":{"name":"(anonymous_0)","decl":{"start":{"line":4,"column":2},"end":{"line":4,"column":3}},"loc":{"start":{"line":4,"column":33},"end":{"line":6,"column":3}},"line":4},"1":{"name":"(anonymous_1)","decl":{"start":{"line":7,"column":2},"end":{"line":7,"column":3}},"loc":{"start":{"line":7,"column":34},"end":{"line":11,"column":3}},"line":7},"2":{"name":"(anonymous_2)","decl":{"start":{"line":12,"column":2},"end":{"line":12,"column":3}},"loc":{"start":{"line":12,"column":28},"end":{"line":14,"column":3}},"line":12}},"branchMap":{},"s":{"0":0,"1":0,"2":0},"f":{"0":0,"1":0,"2":0},"b":{},"hash":"5948d90b2b448be8cae794929484d6fbc10b05c6"}
,"G:\\UpworkTask\\VictorSemenkov\\Alex Zehnbacht\\RealDijoca\\Dijoca\\src\\components\\AddressBuilder.vue": {"path":"G:\\UpworkTask\\VictorSemenkov\\Alex Zehnbacht\\RealDijoca\\Dijoca\\src\\components\\AddressBuilder.vue","statementMap":{"0":{"start":{"line":17,"column":0},"end":{"line":17,"column":null}},"1":{"start":{"line":18,"column":0},"end":{"line":18,"column":null}},"2":{"start":{"line":19,"column":0},"end":{"line":19,"column":null}},"3":{"start":{"line":24,"column":0},"end":{"line":24,"column":null}},"4":{"start":{"line":38,"column":0},"end":{"line":38,"column":null}},"5":{"start":{"line":43,"column":0},"end":{"line":43,"column":null}},"6":{"start":{"line":46,"column":0},"end":{"line":46,"column":null}},"7":{"start":{"line":52,"column":0},"end":{"line":52,"column":null}},"8":{"start":{"line":54,"column":0},"end":{"line":54,"column":null}},"9":{"start":{"line":55,"column":0},"end":{"line":55,"column":null}},"10":{"start":{"line":57,"column":0},"end":{"line":60,"column":null}},"11":{"start":{"line":59,"column":0},"end":{"line":59,"column":null}},"12":{"start":{"line":61,"column":0},"end":{"line":61,"column":null}},"13":{"start":{"line":65,"column":0},"end":{"line":67,"column":null}},"14":{"start":{"line":66,"column":0},"end":{"line":66,"column":null}}},"fnMap":{"0":{"name":"data","decl":{"start":{"line":23,"column":0},"end":{"line":23,"column":null}},"loc":{"start":{"line":23,"column":0},"end":{"line":30,"column":null}}},"1":{"name":"location","decl":{"start":{"line":37,"column":0},"end":{"line":37,"column":null}},"loc":{"start":{"line":37,"column":0},"end":{"line":39,"column":null}}},"2":{"name":"addressJson","decl":{"start":{"line":42,"column":0},"end":{"line":42,"column":null}},"loc":{"start":{"line":42,"column":0},"end":{"line":44,"column":null}}},"3":{"name":"location","decl":{"start":{"line":45,"column":0},"end":{"line":45,"column":null}},"loc":{"start":{"line":45,"column":0},"end":{"line":47,"column":null}}},"4":{"name":"CountrySelected","decl":{"start":{"line":51,"column":0},"end":{"line":51,"column":null}},"loc":{"start":{"line":51,"column":0},"end":{"line":53,"column":null}}},"5":{"name":"SimulateDelay","decl":{"start":{"line":54,"column":0},"end":{"line":54,"column":null}},"loc":{"start":{"line":54,"column":0},"end":{"line":62,"column":null}}},"6":{"name":"(anonymous_7)","decl":{"start":{"line":57,"column":0},"end":{"line":57,"column":null}},"loc":{"start":{"line":57,"column":0},"end":{"line":60,"column":null}}},"7":{"name":"created","decl":{"start":{"line":64,"column":0},"end":{"line":64,"column":null}},"loc":{"start":{"line":64,"column":0},"end":{"line":68,"column":null}}}},"branchMap":{"0":{"loc":{"start":{"line":65,"column":0},"end":{"line":67,"column":null}},"type":"if","locations":[{"start":{"line":65,"column":0},"end":{"line":67,"column":null}},{"start":{"line":65,"column":0},"end":{"line":67,"column":null}}]}},"s":{"0":0,"1":0,"2":0,"3":0,"4":0,"5":0,"6":0,"7":0,"8":0,"9":0,"10":0,"11":0,"12":0,"13":0,"14":0},"f":{"0":0,"1":0,"2":0,"3":0,"4":0,"5":0,"6":0,"7":0},"b":{"0":[0,0]}}
,"G:\\UpworkTask\\VictorSemenkov\\Alex Zehnbacht\\RealDijoca\\Dijoca\\src\\components\\CountryDialog.vue": {"path":"G:\\UpworkTask\\VictorSemenkov\\Alex Zehnbacht\\RealDijoca\\Dijoca\\src\\components\\CountryDialog.vue","statementMap":{"0":{"start":{"line":43,"column":0},"end":{"line":43,"column":null}},"1":{"start":{"line":44,"column":0},"end":{"line":44,"column":null}},"2":{"start":{"line":48,"column":0},"end":{"line":48,"column":null}},"3":{"start":{"line":63,"column":0},"end":{"line":63,"column":null}},"4":{"start":{"line":66,"column":0},"end":{"line":66,"column":null}},"5":{"start":{"line":72,"column":0},"end":{"line":72,"column":null}},"6":{"start":{"line":75,"column":0},"end":{"line":75,"column":null}}},"fnMap":{"0":{"name":"data","decl":{"start":{"line":47,"column":0},"end":{"line":47,"column":null}},"loc":{"start":{"line":47,"column":0},"end":{"line":58,"column":null}}},"1":{"name":"get","decl":{"start":{"line":62,"column":0},"end":{"line":62,"column":null}},"loc":{"start":{"line":62,"column":0},"end":{"line":64,"column":null}}},"2":{"name":"set","decl":{"start":{"line":65,"column":0},"end":{"line":65,"column":null}},"loc":{"start":{"line":65,"column":0},"end":{"line":67,"column":null}}},"3":{"name":"toOptions","decl":{"start":{"line":71,"column":0},"end":{"line":71,"column":null}},"loc":{"start":{"line":71,"column":0},"end":{"line":73,"column":null}}},"4":{"name":"CountrySelected","decl":{"start":{"line":74,"column":0},"end":{"line":74,"column":null}},"loc":{"start":{"line":74,"column":0},"end":{"line":76,"column":null}}}},"branchMap":{},"s":{"0":0,"1":0,"2":0,"3":0,"4":0,"5":0,"6":0},"f":{"0":0,"1":0,"2":0,"3":0,"4":0},"b":{}}
,"G:\\UpworkTask\\VictorSemenkov\\Alex Zehnbacht\\RealDijoca\\Dijoca\\src\\components\\CountrySpecific.vue": {"path":"G:\\UpworkTask\\VictorSemenkov\\Alex Zehnbacht\\RealDijoca\\Dijoca\\src\\components\\CountrySpecific.vue","statementMap":{"0":{"start":{"line":53,"column":0},"end":{"line":53,"column":null}},"1":{"start":{"line":54,"column":0},"end":{"line":54,"column":null}},"2":{"start":{"line":59,"column":0},"end":{"line":59,"column":null}},"3":{"start":{"line":77,"column":0},"end":{"line":77,"column":null}},"4":{"start":{"line":86,"column":0},"end":{"line":86,"column":null}},"5":{"start":{"line":87,"column":0},"end":{"line":87,"column":null}},"6":{"start":{"line":88,"column":0},"end":{"line":88,"column":null}},"7":{"start":{"line":89,"column":0},"end":{"line":89,"column":null}},"8":{"start":{"line":92,"column":0},"end":{"line":92,"column":null}},"9":{"start":{"line":93,"column":0},"end":{"line":93,"column":null}},"10":{"start":{"line":94,"column":0},"end":{"line":94,"column":null}},"11":{"start":{"line":95,"column":0},"end":{"line":101,"column":null}},"12":{"start":{"line":96,"column":0},"end":{"line":100,"column":null}},"13":{"start":{"line":97,"column":0},"end":{"line":97,"column":null}},"14":{"start":{"line":98,"column":0},"end":{"line":100,"column":null}},"15":{"start":{"line":99,"column":0},"end":{"line":99,"column":null}},"16":{"start":{"line":106,"column":0},"end":{"line":106,"column":null}},"17":{"start":{"line":109,"column":0},"end":{"line":109,"column":null}},"18":{"start":{"line":112,"column":0},"end":{"line":112,"column":null}},"19":{"start":{"line":118,"column":0},"end":{"line":118,"column":null}},"20":{"start":{"line":120,"column":0},"end":{"line":120,"column":null}},"21":{"start":{"line":124,"column":0},"end":{"line":125,"column":null}},"22":{"start":{"line":125,"column":0},"end":{"line":125,"column":null}},"23":{"start":{"line":127,"column":0},"end":{"line":127,"column":null}},"24":{"start":{"line":128,"column":0},"end":{"line":128,"column":null}},"25":{"start":{"line":132,"column":0},"end":{"line":134,"column":null}},"26":{"start":{"line":133,"column":0},"end":{"line":133,"column":null}},"27":{"start":{"line":138,"column":0},"end":{"line":138,"column":null}},"28":{"start":{"line":139,"column":0},"end":{"line":139,"column":null}},"29":{"start":{"line":140,"column":0},"end":{"line":140,"column":null}},"30":{"start":{"line":141,"column":0},"end":{"line":141,"column":null}},"31":{"start":{"line":142,"column":0},"end":{"line":142,"column":null}},"32":{"start":{"line":143,"column":0},"end":{"line":143,"column":null}},"33":{"start":{"line":144,"column":0},"end":{"line":150,"column":null}},"34":{"start":{"line":145,"column":0},"end":{"line":149,"column":null}},"35":{"start":{"line":146,"column":0},"end":{"line":146,"column":null}},"36":{"start":{"line":147,"column":0},"end":{"line":149,"column":null}},"37":{"start":{"line":148,"column":0},"end":{"line":148,"column":null}},"38":{"start":{"line":151,"column":0},"end":{"line":151,"column":null}},"39":{"start":{"line":153,"column":0},"end":{"line":153,"column":null}},"40":{"start":{"line":154,"column":0},"end":{"line":163,"column":null}},"41":{"start":{"line":155,"column":0},"end":{"line":162,"column":null}},"42":{"start":{"line":156,"column":0},"end":{"line":156,"column":null}},"43":{"start":{"line":158,"column":0},"end":{"line":158,"column":null}},"44":{"start":{"line":159,"column":0},"end":{"line":160,"column":null}},"45":{"start":{"line":160,"column":0},"end":{"line":160,"column":null}},"46":{"start":{"line":167,"column":0},"end":{"line":167,"column":null}},"47":{"start":{"line":168,"column":0},"end":{"line":175,"column":null}},"48":{"start":{"line":169,"column":0},"end":{"line":169,"column":null}},"49":{"start":{"line":170,"column":0},"end":{"line":174,"column":null}},"50":{"start":{"line":171,"column":0},"end":{"line":171,"column":null}},"51":{"start":{"line":173,"column":0},"end":{"line":173,"column":null}},"52":{"start":{"line":178,"column":0},"end":{"line":191,"column":null}},"53":{"start":{"line":179,"column":0},"end":{"line":179,"column":null}},"54":{"start":{"line":180,"column":0},"end":{"line":180,"column":null}},"55":{"start":{"line":181,"column":0},"end":{"line":181,"column":null}},"56":{"start":{"line":182,"column":0},"end":{"line":190,"column":null}},"57":{"start":{"line":183,"column":0},"end":{"line":187,"column":null}},"58":{"start":{"line":184,"column":0},"end":{"line":184,"column":null}},"59":{"start":{"line":185,"column":0},"end":{"line":187,"column":null}},"60":{"start":{"line":186,"column":0},"end":{"line":186,"column":null}},"61":{"start":{"line":189,"column":0},"end":{"line":189,"column":null}}},"fnMap":{"0":{"name":"data","decl":{"start":{"line":58,"column":0},"end":{"line":58,"column":null}},"loc":{"start":{"line":58,"column":0},"end":{"line":74,"column":null}}},"1":{"name":"validations","decl":{"start":{"line":76,"column":0},"end":{"line":76,"column":null}},"loc":{"start":{"line":76,"column":0},"end":{"line":83,"column":null}}},"2":{"name":"country","decl":{"start":{"line":85,"column":0},"end":{"line":85,"column":null}},"loc":{"start":{"line":85,"column":0},"end":{"line":90,"column":null}}},"3":{"name":"location","decl":{"start":{"line":91,"column":0},"end":{"line":91,"column":null}},"loc":{"start":{"line":91,"column":0},"end":{"line":102,"column":null}}},"4":{"name":"currentCountryConfig","decl":{"start":{"line":105,"column":0},"end":{"line":105,"column":null}},"loc":{"start":{"line":105,"column":0},"end":{"line":107,"column":null}}},"5":{"name":"optionForProvinceSelector","decl":{"start":{"line":108,"column":0},"end":{"line":108,"column":null}},"loc":{"start":{"line":108,"column":0},"end":{"line":110,"column":null}}},"6":{"name":"location","decl":{"start":{"line":111,"column":0},"end":{"line":111,"column":null}},"loc":{"start":{"line":111,"column":0},"end":{"line":113,"column":null}}},"7":{"name":"isFieldVisible","decl":{"start":{"line":117,"column":0},"end":{"line":117,"column":null}},"loc":{"start":{"line":117,"column":0},"end":{"line":121,"column":null}}},"8":{"name":"getProvinceObject","decl":{"start":{"line":123,"column":0},"end":{"line":123,"column":null}},"loc":{"start":{"line":123,"column":0},"end":{"line":129,"column":null}}},"9":{"name":"(anonymous_10)","decl":{"start":{"line":124,"column":0},"end":{"line":124,"column":null}},"loc":{"start":{"line":124,"column":0},"end":{"line":125,"column":null}}},"10":{"name":"toTitleCase","decl":{"start":{"line":131,"column":0},"end":{"line":131,"column":null}},"loc":{"start":{"line":131,"column":0},"end":{"line":135,"column":null}}},"11":{"name":"(anonymous_12)","decl":{"start":{"line":132,"column":0},"end":{"line":132,"column":null}},"loc":{"start":{"line":132,"column":0},"end":{"line":134,"column":null}}},"12":{"name":"buildJson","decl":{"start":{"line":137,"column":0},"end":{"line":137,"column":null}},"loc":{"start":{"line":137,"column":0},"end":{"line":152,"column":null}}},"13":{"name":"filterFn","decl":{"start":{"line":153,"column":0},"end":{"line":153,"column":null}},"loc":{"start":{"line":153,"column":0},"end":{"line":164,"column":null}}},"14":{"name":"(anonymous_15)","decl":{"start":{"line":154,"column":0},"end":{"line":154,"column":null}},"loc":{"start":{"line":154,"column":0},"end":{"line":163,"column":null}}},"15":{"name":"(anonymous_16)","decl":{"start":{"line":159,"column":0},"end":{"line":159,"column":null}},"loc":{"start":{"line":159,"column":0},"end":{"line":160,"column":null}}},"16":{"name":"mounted","decl":{"start":{"line":167,"column":0},"end":{"line":167,"column":null}},"loc":{"start":{"line":167,"column":0},"end":{"line":176,"column":null}}},"17":{"name":"(anonymous_18)","decl":{"start":{"line":168,"column":0},"end":{"line":168,"column":null}},"loc":{"start":{"line":168,"column":0},"end":{"line":175,"column":null}}},"18":{"name":"created","decl":{"start":{"line":177,"column":0},"end":{"line":177,"column":null}},"loc":{"start":{"line":177,"column":0},"end":{"line":192,"column":null}}}},"branchMap":{"0":{"loc":{"start":{"line":78,"column":0},"end":{"line":78,"column":null}},"type":"binary-expr","locations":[{"start":{"line":78,"column":0},"end":{"line":78,"column":null}},{"start":{"line":78,"column":0},"end":{"line":78,"column":null}}]},"1":{"loc":{"start":{"line":79,"column":0},"end":{"line":79,"column":null}},"type":"binary-expr","locations":[{"start":{"line":79,"column":0},"end":{"line":79,"column":null}},{"start":{"line":79,"column":0},"end":{"line":79,"column":null}}]},"2":{"loc":{"start":{"line":80,"column":0},"end":{"line":80,"column":null}},"type":"binary-expr","locations":[{"start":{"line":80,"column":0},"end":{"line":80,"column":null}},{"start":{"line":80,"column":0},"end":{"line":80,"column":null}}]},"3":{"loc":{"start":{"line":81,"column":0},"end":{"line":81,"column":null}},"type":"binary-expr","locations":[{"start":{"line":81,"column":0},"end":{"line":81,"column":null}},{"start":{"line":81,"column":0},"end":{"line":81,"column":null}}]},"4":{"loc":{"start":{"line":95,"column":0},"end":{"line":101,"column":null}},"type":"if","locations":[{"start":{"line":95,"column":0},"end":{"line":101,"column":null}},{"start":{"line":95,"column":0},"end":{"line":101,"column":null}}]},"5":{"loc":{"start":{"line":96,"column":0},"end":{"line":100,"column":null}},"type":"if","locations":[{"start":{"line":96,"column":0},"end":{"line":100,"column":null}},{"start":{"line":96,"column":0},"end":{"line":100,"column":null}}]},"6":{"loc":{"start":{"line":98,"column":0},"end":{"line":100,"column":null}},"type":"if","locations":[{"start":{"line":98,"column":0},"end":{"line":100,"column":null}},{"start":{"line":98,"column":0},"end":{"line":100,"column":null}}]},"7":{"loc":{"start":{"line":106,"column":0},"end":{"line":106,"column":null}},"type":"binary-expr","locations":[{"start":{"line":106,"column":0},"end":{"line":106,"column":null}},{"start":{"line":106,"column":0},"end":{"line":106,"column":null}}]},"8":{"loc":{"start":{"line":120,"column":0},"end":{"line":120,"column":null}},"type":"binary-expr","locations":[{"start":{"line":120,"column":0},"end":{"line":120,"column":null}},{"start":{"line":120,"column":0},"end":{"line":120,"column":null}}]},"9":{"loc":{"start":{"line":141,"column":0},"end":{"line":141,"column":null}},"type":"if","locations":[{"start":{"line":141,"column":0},"end":{"line":141,"column":null}},{"start":{"line":141,"column":0},"end":{"line":141,"column":null}}]},"10":{"loc":{"start":{"line":142,"column":0},"end":{"line":142,"column":null}},"type":"if","locations":[{"start":{"line":142,"column":0},"end":{"line":142,"column":null}},{"start":{"line":142,"column":0},"end":{"line":142,"column":null}}]},"11":{"loc":{"start":{"line":143,"column":0},"end":{"line":143,"column":null}},"type":"if","locations":[{"start":{"line":143,"column":0},"end":{"line":143,"column":null}},{"start":{"line":143,"column":0},"end":{"line":143,"column":null}}]},"12":{"loc":{"start":{"line":144,"column":0},"end":{"line":150,"column":null}},"type":"if","locations":[{"start":{"line":144,"column":0},"end":{"line":150,"column":null}},{"start":{"line":144,"column":0},"end":{"line":150,"column":null}}]},"13":{"loc":{"start":{"line":145,"column":0},"end":{"line":149,"column":null}},"type":"if","locations":[{"start":{"line":145,"column":0},"end":{"line":149,"column":null}},{"start":{"line":145,"column":0},"end":{"line":149,"column":null}}]},"14":{"loc":{"start":{"line":147,"column":0},"end":{"line":149,"column":null}},"type":"if","locations":[{"start":{"line":147,"column":0},"end":{"line":149,"column":null}},{"start":{"line":147,"column":0},"end":{"line":149,"column":null}}]},"15":{"loc":{"start":{"line":155,"column":0},"end":{"line":162,"column":null}},"type":"if","locations":[{"start":{"line":155,"column":0},"end":{"line":162,"column":null}},{"start":{"line":155,"column":0},"end":{"line":162,"column":null}}]},"16":{"loc":{"start":{"line":170,"column":0},"end":{"line":174,"column":null}},"type":"if","locations":[{"start":{"line":170,"column":0},"end":{"line":174,"column":null}},{"start":{"line":170,"column":0},"end":{"line":174,"column":null}}]},"17":{"loc":{"start":{"line":178,"column":0},"end":{"line":191,"column":null}},"type":"if","locations":[{"start":{"line":178,"column":0},"end":{"line":191,"column":null}},{"start":{"line":178,"column":0},"end":{"line":191,"column":null}}]},"18":{"loc":{"start":{"line":182,"column":0},"end":{"line":190,"column":null}},"type":"if","locations":[{"start":{"line":182,"column":0},"end":{"line":190,"column":null}},{"start":{"line":182,"column":0},"end":{"line":190,"column":null}}]},"19":{"loc":{"start":{"line":183,"column":0},"end":{"line":187,"column":null}},"type":"if","locations":[{"start":{"line":183,"column":0},"end":{"line":187,"column":null}},{"start":{"line":183,"column":0},"end":{"line":187,"column":null}}]},"20":{"loc":{"start":{"line":185,"column":0},"end":{"line":187,"column":null}},"type":"if","locations":[{"start":{"line":185,"column":0},"end":{"line":187,"column":null}},{"start":{"line":185,"column":0},"end":{"line":187,"column":null}}]}},"s":{"0":0,"1":0,"2":0,"3":0,"4":0,"5":0,"6":0,"7":0,"8":0,"9":0,"10":0,"11":0,"12":0,"13":0,"14":0,"15":0,"16":0,"17":0,"18":0,"19":0,"20":0,"21":0,"22":0,"23":0,"24":0,"25":0,"26":0,"27":0,"28":0,"29":0,"30":0,"31":0,"32":0,"33":0,"34":0,"35":0,"36":0,"37":0,"38":0,"39":0,"40":0,"41":0,"42":0,"43":0,"44":0,"45":0,"46":0,"47":0,"48":0,"49":0,"50":0,"51":0,"52":0,"53":0,"54":0,"55":0,"56":0,"57":0,"58":0,"59":0,"60":0,"61":0},"f":{"0":0,"1":0,"2":0,"3":0,"4":0,"5":0,"6":0,"7":0,"8":0,"9":0,"10":0,"11":0,"12":0,"13":0,"14":0,"15":0,"16":0,"17":0,"18":0},"b":{"0":[0,0],"1":[0,0],"2":[0,0],"3":[0,0],"4":[0,0],"5":[0,0],"6":[0,0],"7":[0,0],"8":[0,0],"9":[0,0],"10":[0,0],"11":[0,0],"12":[0,0],"13":[0,0],"14":[0,0],"15":[0,0],"16":[0,0],"17":[0,0],"18":[0,0],"19":[0,0],"20":[0,0]}}
,"G:\\UpworkTask\\VictorSemenkov\\Alex Zehnbacht\\RealDijoca\\Dijoca\\src\\components\\MainMenu.vue": {"path":"G:\\UpworkTask\\VictorSemenkov\\Alex Zehnbacht\\RealDijoca\\Dijoca\\src\\components\\MainMenu.vue","statementMap":{"0":{"start":{"line":208,"column":0},"end":{"line":208,"column":null}},"1":{"start":{"line":209,"column":0},"end":{"line":209,"column":null}},"2":{"start":{"line":213,"column":0},"end":{"line":213,"column":null}},"3":{"start":{"line":225,"column":0},"end":{"line":225,"column":null}},"4":{"start":{"line":226,"column":0},"end":{"line":226,"column":null}},"5":{"start":{"line":229,"column":0},"end":{"line":229,"column":null}},"6":{"start":{"line":231,"column":0},"end":{"line":231,"column":null}},"7":{"start":{"line":232,"column":0},"end":{"line":248,"column":null}},"8":{"start":{"line":234,"column":0},"end":{"line":234,"column":null}},"9":{"start":{"line":242,"column":0},"end":{"line":242,"column":null}}},"fnMap":{"0":{"name":"data","decl":{"start":{"line":212,"column":0},"end":{"line":212,"column":null}},"loc":{"start":{"line":212,"column":0},"end":{"line":216,"column":null}}},"1":{"name":"logout","decl":{"start":{"line":224,"column":0},"end":{"line":224,"column":null}},"loc":{"start":{"line":224,"column":0},"end":{"line":227,"column":null}}},"2":{"name":"hasPerm","decl":{"start":{"line":228,"column":0},"end":{"line":228,"column":null}},"loc":{"start":{"line":228,"column":0},"end":{"line":230,"column":null}}},"3":{"name":"resendConfirmation","decl":{"start":{"line":231,"column":0},"end":{"line":231,"column":null}},"loc":{"start":{"line":231,"column":0},"end":{"line":250,"column":null}}},"4":{"name":"(anonymous_10)","decl":{"start":{"line":232,"column":0},"end":{"line":232,"column":null}},"loc":{"start":{"line":232,"column":0},"end":{"line":240,"column":null}}},"5":{"name":"(anonymous_11)","decl":{"start":{"line":240,"column":0},"end":{"line":240,"column":null}},"loc":{"start":{"line":240,"column":0},"end":{"line":248,"column":null}}}},"branchMap":{},"s":{"0":0,"1":0,"2":0,"3":0,"4":0,"5":0,"6":0,"7":0,"8":0,"9":0},"f":{"0":0,"1":0,"2":0,"3":0,"4":0,"5":0},"b":{}}
,"G:\\UpworkTask\\VictorSemenkov\\Alex Zehnbacht\\RealDijoca\\Dijoca\\src\\components\\NewPassword.vue": {"path":"G:\\UpworkTask\\VictorSemenkov\\Alex Zehnbacht\\RealDijoca\\Dijoca\\src\\components\\NewPassword.vue","statementMap":{"0":{"start":{"line":58,"column":0},"end":{"line":58,"column":null}},"1":{"start":{"line":63,"column":0},"end":{"line":63,"column":null}},"2":{"start":{"line":84,"column":0},"end":{"line":84,"column":null}},"3":{"start":{"line":87,"column":0},"end":{"line":87,"column":null}},"4":{"start":{"line":90,"column":0},"end":{"line":90,"column":null}},"5":{"start":{"line":89,"column":0},"end":{"line":89,"column":null}},"6":{"start":{"line":91,"column":0},"end":{"line":95,"column":null}},"7":{"start":{"line":91,"column":0},"end":{"line":91,"column":null}},"8":{"start":{"line":92,"column":0},"end":{"line":94,"column":null}},"9":{"start":{"line":93,"column":0},"end":{"line":93,"column":null}},"10":{"start":{"line":96,"column":0},"end":{"line":102,"column":null}},"11":{"start":{"line":97,"column":0},"end":{"line":97,"column":null}},"12":{"start":{"line":98,"column":0},"end":{"line":98,"column":null}},"13":{"start":{"line":100,"column":0},"end":{"line":100,"column":null}},"14":{"start":{"line":101,"column":0},"end":{"line":101,"column":null}}},"fnMap":{"0":{"name":"data","decl":{"start":{"line":62,"column":0},"end":{"line":62,"column":null}},"loc":{"start":{"line":62,"column":0},"end":{"line":76,"column":null}}},"1":{"name":"notSamePasswords","decl":{"start":{"line":83,"column":0},"end":{"line":83,"column":null}},"loc":{"start":{"line":83,"column":0},"end":{"line":85,"column":null}}},"2":{"name":"passwordsFilled","decl":{"start":{"line":86,"column":0},"end":{"line":86,"column":null}},"loc":{"start":{"line":86,"column":0},"end":{"line":88,"column":null}}},"3":{"name":"passwordValidation","decl":{"start":{"line":89,"column":0},"end":{"line":89,"column":null}},"loc":{"start":{"line":89,"column":0},"end":{"line":103,"column":null}}}},"branchMap":{"0":{"loc":{"start":{"line":87,"column":0},"end":{"line":87,"column":null}},"type":"binary-expr","locations":[{"start":{"line":87,"column":0},"end":{"line":87,"column":null}},{"start":{"line":87,"column":0},"end":{"line":87,"column":null}}]},"1":{"loc":{"start":{"line":92,"column":0},"end":{"line":94,"column":null}},"type":"if","locations":[{"start":{"line":92,"column":0},"end":{"line":94,"column":null}},{"start":{"line":92,"column":0},"end":{"line":94,"column":null}}]},"2":{"loc":{"start":{"line":89,"column":0},"end":{"line":89,"column":null}},"type":"if","locations":[{"start":{"line":89,"column":0},"end":{"line":89,"column":null}},{"start":{"line":89,"column":0},"end":{"line":89,"column":null}}]},"3":{"loc":{"start":{"line":96,"column":0},"end":{"line":102,"column":null}},"type":"if","locations":[{"start":{"line":96,"column":0},"end":{"line":102,"column":null}},{"start":{"line":96,"column":0},"end":{"line":102,"column":null}}]},"4":{"loc":{"start":{"line":96,"column":0},"end":{"line":96,"column":null}},"type":"binary-expr","locations":[{"start":{"line":96,"column":0},"end":{"line":96,"column":null}},{"start":{"line":96,"column":0},"end":{"line":96,"column":null}}]}},"s":{"0":0,"1":0,"2":0,"3":0,"4":0,"5":0,"6":0,"7":0,"8":0,"9":0,"10":0,"11":0,"12":0,"13":0,"14":0},"f":{"0":0,"1":0,"2":0,"3":0},"b":{"0":[0,0],"1":[0,0],"2":[0,0],"3":[0,0],"4":[0,0]}}
,"G:\\UpworkTask\\VictorSemenkov\\Alex Zehnbacht\\RealDijoca\\Dijoca\\src\\helpers\\countrySettings.js": {"path":"G:\\UpworkTask\\VictorSemenkov\\Alex Zehnbacht\\RealDijoca\\Dijoca\\src\\helpers\\countrySettings.js","statementMap":{"0":{"start":{"line":5,"column":16},"end":{"line":7,"column":3}},"1":{"start":{"line":6,"column":9},"end":{"line":6,"column":48}},"2":{"start":{"line":8,"column":2},"end":{"line":12,"column":3}},"3":{"start":{"line":9,"column":4},"end":{"line":9,"column":40}},"4":{"start":{"line":11,"column":4},"end":{"line":11,"column":13}},"5":{"start":{"line":16,"column":19},"end":{"line":16,"column":55}},"6":{"start":{"line":17,"column":19},"end":{"line":17,"column":55}},"7":{"start":{"line":18,"column":19},"end":{"line":18,"column":86}},"8":{"start":{"line":19,"column":19},"end":{"line":19,"column":129}},"9":{"start":{"line":20,"column":19},"end":{"line":20,"column":55}},"10":{"start":{"line":21,"column":19},"end":{"line":21,"column":55}},"11":{"start":{"line":22,"column":19},"end":{"line":22,"column":61}},"12":{"start":{"line":23,"column":19},"end":{"line":23,"column":55}},"13":{"start":{"line":24,"column":19},"end":{"line":24,"column":55}},"14":{"start":{"line":25,"column":19},"end":{"line":25,"column":55}},"15":{"start":{"line":26,"column":16},"end":{"line":26,"column":53}},"16":{"start":{"line":28,"column":2},"end":{"line":113,"column":3}},"17":{"start":{"line":34,"column":24},"end":{"line":34,"column":65}},"18":{"start":{"line":41,"column":24},"end":{"line":41,"column":50}},"19":{"start":{"line":48,"column":24},"end":{"line":48,"column":44}},"20":{"start":{"line":55,"column":24},"end":{"line":55,"column":50}},"21":{"start":{"line":62,"column":24},"end":{"line":62,"column":43}},"22":{"start":{"line":69,"column":24},"end":{"line":69,"column":39}},"23":{"start":{"line":76,"column":24},"end":{"line":76,"column":48}},"24":{"start":{"line":83,"column":24},"end":{"line":83,"column":43}},"25":{"start":{"line":90,"column":24},"end":{"line":90,"column":43}},"26":{"start":{"line":97,"column":24},"end":{"line":97,"column":35}},"27":{"start":{"line":104,"column":24},"end":{"line":104,"column":45}},"28":{"start":{"line":111,"column":24},"end":{"line":111,"column":50}}},"fnMap":{"0":{"name":"getCountryName","decl":{"start":{"line":4,"column":9},"end":{"line":4,"column":23}},"loc":{"start":{"line":4,"column":31},"end":{"line":13,"column":1}},"line":4},"1":{"name":"(anonymous_1)","decl":{"start":{"line":6,"column":4},"end":{"line":6,"column":5}},"loc":{"start":{"line":6,"column":9},"end":{"line":6,"column":48}},"line":6},"2":{"name":"countrySettings","decl":{"start":{"line":15,"column":16},"end":{"line":15,"column":31}},"loc":{"start":{"line":15,"column":35},"end":{"line":114,"column":1}},"line":15},"3":{"name":"(anonymous_3)","decl":{"start":{"line":34,"column":17},"end":{"line":34,"column":18}},"loc":{"start":{"line":34,"column":24},"end":{"line":34,"column":65}},"line":34},"4":{"name":"(anonymous_4)","decl":{"start":{"line":41,"column":17},"end":{"line":41,"column":18}},"loc":{"start":{"line":41,"column":24},"end":{"line":41,"column":50}},"line":41},"5":{"name":"(anonymous_5)","decl":{"start":{"line":48,"column":17},"end":{"line":48,"column":18}},"loc":{"start":{"line":48,"column":24},"end":{"line":48,"column":44}},"line":48},"6":{"name":"(anonymous_6)","decl":{"start":{"line":55,"column":17},"end":{"line":55,"column":18}},"loc":{"start":{"line":55,"column":24},"end":{"line":55,"column":50}},"line":55},"7":{"name":"(anonymous_7)","decl":{"start":{"line":62,"column":17},"end":{"line":62,"column":18}},"loc":{"start":{"line":62,"column":24},"end":{"line":62,"column":43}},"line":62},"8":{"name":"(anonymous_8)","decl":{"start":{"line":69,"column":17},"end":{"line":69,"column":18}},"loc":{"start":{"line":69,"column":24},"end":{"line":69,"column":39}},"line":69},"9":{"name":"(anonymous_9)","decl":{"start":{"line":76,"column":17},"end":{"line":76,"column":18}},"loc":{"start":{"line":76,"column":24},"end":{"line":76,"column":48}},"line":76},"10":{"name":"(anonymous_10)","decl":{"start":{"line":83,"column":17},"end":{"line":83,"column":18}},"loc":{"start":{"line":83,"column":24},"end":{"line":83,"column":43}},"line":83},"11":{"name":"(anonymous_11)","decl":{"start":{"line":90,"column":17},"end":{"line":90,"column":18}},"loc":{"start":{"line":90,"column":24},"end":{"line":90,"column":43}},"line":90},"12":{"name":"(anonymous_12)","decl":{"start":{"line":97,"column":17},"end":{"line":97,"column":18}},"loc":{"start":{"line":97,"column":24},"end":{"line":97,"column":35}},"line":97},"13":{"name":"(anonymous_13)","decl":{"start":{"line":104,"column":17},"end":{"line":104,"column":18}},"loc":{"start":{"line":104,"column":24},"end":{"line":104,"column":45}},"line":104},"14":{"name":"(anonymous_14)","decl":{"start":{"line":111,"column":17},"end":{"line":111,"column":18}},"loc":{"start":{"line":111,"column":24},"end":{"line":111,"column":50}},"line":111}},"branchMap":{"0":{"loc":{"start":{"line":8,"column":2},"end":{"line":12,"column":3}},"type":"if","locations":[{"start":{"line":8,"column":2},"end":{"line":12,"column":3}},{"start":{"line":8,"column":2},"end":{"line":12,"column":3}}],"line":8}},"s":{"0":0,"1":0,"2":0,"3":0,"4":0,"5":0,"6":0,"7":0,"8":0,"9":0,"10":0,"11":0,"12":0,"13":0,"14":0,"15":0,"16":0,"17":0,"18":0,"19":0,"20":0,"21":0,"22":0,"23":0,"24":0,"25":0,"26":0,"27":0,"28":0},"f":{"0":0,"1":0,"2":0,"3":0,"4":0,"5":0,"6":0,"7":0,"8":0,"9":0,"10":0,"11":0,"12":0,"13":0,"14":0},"b":{"0":[0,0]},"hash":"0e9f3f78689c5df3aa5176261b6052a3877a928e"}
,"G:\\UpworkTask\\VictorSemenkov\\Alex Zehnbacht\\RealDijoca\\Dijoca\\src\\helpers\\geo.js": {"path":"G:\\UpworkTask\\VictorSemenkov\\Alex Zehnbacht\\RealDijoca\\Dijoca\\src\\helpers\\geo.js","statementMap":{"0":{"start":{"line":2,"column":2},"end":{"line":240,"column":3}},"1":{"start":{"line":243,"column":2},"end":{"line":295,"column":3}},"2":{"start":{"line":298,"column":2},"end":{"line":312,"column":3}},"3":{"start":{"line":316,"column":2},"end":{"line":325,"column":3}},"4":{"start":{"line":329,"column":2},"end":{"line":407,"column":3}},"5":{"start":{"line":411,"column":2},"end":{"line":497,"column":3}},"6":{"start":{"line":501,"column":2},"end":{"line":508,"column":3}}},"fnMap":{"0":{"name":"countries","decl":{"start":{"line":1,"column":16},"end":{"line":1,"column":25}},"loc":{"start":{"line":1,"column":29},"end":{"line":241,"column":1}},"line":1},"1":{"name":"usStates","decl":{"start":{"line":242,"column":16},"end":{"line":242,"column":24}},"loc":{"start":{"line":242,"column":28},"end":{"line":296,"column":1}},"line":242},"2":{"name":"caProvinces","decl":{"start":{"line":297,"column":16},"end":{"line":297,"column":27}},"loc":{"start":{"line":297,"column":31},"end":{"line":313,"column":1}},"line":297},"3":{"name":"auStates","decl":{"start":{"line":315,"column":16},"end":{"line":315,"column":24}},"loc":{"start":{"line":315,"column":28},"end":{"line":326,"column":1}},"line":315},"4":{"name":"thProvinces","decl":{"start":{"line":328,"column":16},"end":{"line":328,"column":27}},"loc":{"start":{"line":328,"column":31},"end":{"line":408,"column":1}},"line":328},"5":{"name":"ruFedSubjects","decl":{"start":{"line":410,"column":16},"end":{"line":410,"column":29}},"loc":{"start":{"line":410,"column":33},"end":{"line":498,"column":1}},"line":410},"6":{"name":"byRegions","decl":{"start":{"line":500,"column":16},"end":{"line":500,"column":25}},"loc":{"start":{"line":500,"column":29},"end":{"line":509,"column":1}},"line":500}},"branchMap":{},"s":{"0":0,"1":0,"2":0,"3":0,"4":0,"5":0,"6":0},"f":{"0":0,"1":0,"2":0,"3":0,"4":0,"5":0,"6":0},"b":{},"hash":"cf961e49229c09393fc7f3c5b64ae6b3675caa4c"}
,"G:\\UpworkTask\\VictorSemenkov\\Alex Zehnbacht\\RealDijoca\\Dijoca\\src\\i18n\\index.js": {"path":"G:\\UpworkTask\\VictorSemenkov\\Alex Zehnbacht\\RealDijoca\\Dijoca\\src\\i18n\\index.js","statementMap":{},"fnMap":{},"branchMap":{},"s":{},"f":{},"b":{},"hash":"84ca0dc7f48fe6511e5db2ac21bcafd0013afa63"}
,"G:\\UpworkTask\\VictorSemenkov\\Alex Zehnbacht\\RealDijoca\\Dijoca\\src\\i18n\\en-us\\index.js": {"path":"G:\\UpworkTask\\VictorSemenkov\\Alex Zehnbacht\\RealDijoca\\Dijoca\\src\\i18n\\en-us\\index.js","statementMap":{},"fnMap":{},"branchMap":{},"s":{},"f":{},"b":{},"hash":"69fe71e3a597fdd9537f798b95c3f5d351fafe10"}
,"G:\\UpworkTask\\VictorSemenkov\\Alex Zehnbacht\\RealDijoca\\Dijoca\\src\\layouts\\Header.vue": {"path":"G:\\UpworkTask\\VictorSemenkov\\Alex Zehnbacht\\RealDijoca\\Dijoca\\src\\layouts\\Header.vue","statementMap":{"0":{"start":{"line":29,"column":0},"end":{"line":29,"column":null}},"1":{"start":{"line":41,"column":0},"end":{"line":45,"column":null}},"2":{"start":{"line":42,"column":0},"end":{"line":42,"column":null}},"3":{"start":{"line":44,"column":0},"end":{"line":44,"column":null}},"4":{"start":{"line":48,"column":0},"end":{"line":48,"column":null}},"5":{"start":{"line":50,"column":0},"end":{"line":50,"column":null}},"6":{"start":{"line":51,"column":0},"end":{"line":53,"column":null}},"7":{"start":{"line":52,"column":0},"end":{"line":52,"column":null}},"8":{"start":{"line":58,"column":0},"end":{"line":58,"column":null}},"9":{"start":{"line":61,"column":0},"end":{"line":61,"column":null}},"10":{"start":{"line":62,"column":0},"end":{"line":62,"column":null}},"11":{"start":{"line":64,"column":0},"end":{"line":64,"column":null}}},"fnMap":{"0":{"name":"data","decl":{"start":{"line":28,"column":0},"end":{"line":28,"column":null}},"loc":{"start":{"line":28,"column":0},"end":{"line":38,"column":null}}},"1":{"name":"goBack","decl":{"start":{"line":40,"column":0},"end":{"line":40,"column":null}},"loc":{"start":{"line":40,"column":0},"end":{"line":46,"column":null}}},"2":{"name":"toggleDrawer","decl":{"start":{"line":47,"column":0},"end":{"line":47,"column":null}},"loc":{"start":{"line":47,"column":0},"end":{"line":49,"column":null}}},"3":{"name":"updateRouteMeta","decl":{"start":{"line":50,"column":0},"end":{"line":50,"column":null}},"loc":{"start":{"line":50,"column":0},"end":{"line":54,"column":null}}},"4":{"name":"(anonymous_5)","decl":{"start":{"line":51,"column":0},"end":{"line":51,"column":null}},"loc":{"start":{"line":51,"column":0},"end":{"line":53,"column":null}}},"5":{"name":"$routeMeta","decl":{"start":{"line":57,"column":0},"end":{"line":57,"column":null}},"loc":{"start":{"line":57,"column":0},"end":{"line":59,"column":null}}},"6":{"name":"created","decl":{"start":{"line":61,"column":0},"end":{"line":61,"column":null}},"loc":{"start":{"line":61,"column":0},"end":{"line":65,"column":null}}},"7":{"name":"(anonymous_8)","decl":{"start":{"line":64,"column":0},"end":{"line":64,"column":null}},"loc":{"start":{"line":64,"column":0},"end":{"line":64,"column":null}}}},"branchMap":{"0":{"loc":{"start":{"line":41,"column":0},"end":{"line":45,"column":null}},"type":"if","locations":[{"start":{"line":41,"column":0},"end":{"line":45,"column":null}},{"start":{"line":41,"column":0},"end":{"line":45,"column":null}}]},"1":{"loc":{"start":{"line":52,"column":0},"end":{"line":52,"column":null}},"type":"if","locations":[{"start":{"line":52,"column":0},"end":{"line":52,"column":null}},{"start":{"line":52,"column":0},"end":{"line":52,"column":null}}]}},"s":{"0":0,"1":0,"2":0,"3":0,"4":0,"5":0,"6":0,"7":0,"8":0,"9":0,"10":0,"11":0},"f":{"0":0,"1":0,"2":0,"3":0,"4":0,"5":0,"6":0,"7":0},"b":{"0":[0,0],"1":[0,0]}}
,"G:\\UpworkTask\\VictorSemenkov\\Alex Zehnbacht\\RealDijoca\\Dijoca\\src\\layouts\\MyLayout.vue": {"path":"G:\\UpworkTask\\VictorSemenkov\\Alex Zehnbacht\\RealDijoca\\Dijoca\\src\\layouts\\MyLayout.vue","statementMap":{"0":{"start":{"line":75,"column":0},"end":{"line":75,"column":null}},"1":{"start":{"line":80,"column":0},"end":{"line":80,"column":null}}},"fnMap":{"0":{"name":"data","decl":{"start":{"line":79,"column":0},"end":{"line":79,"column":null}},"loc":{"start":{"line":79,"column":0},"end":{"line":83,"column":null}}}},"branchMap":{},"s":{"0":0,"1":0},"f":{"0":0},"b":{}}
,"G:\\UpworkTask\\VictorSemenkov\\Alex Zehnbacht\\RealDijoca\\Dijoca\\src\\layouts\\Secure.vue": {"path":"G:\\UpworkTask\\VictorSemenkov\\Alex Zehnbacht\\RealDijoca\\Dijoca\\src\\layouts\\Secure.vue","statementMap":{"0":{"start":{"line":22,"column":0},"end":{"line":22,"column":null}},"1":{"start":{"line":23,"column":0},"end":{"line":23,"column":null}},"2":{"start":{"line":28,"column":0},"end":{"line":28,"column":null}},"3":{"start":{"line":43,"column":0},"end":{"line":43,"column":null}},"4":{"start":{"line":44,"column":0},"end":{"line":46,"column":null}},"5":{"start":{"line":45,"column":0},"end":{"line":45,"column":null}},"6":{"start":{"line":47,"column":0},"end":{"line":47,"column":null}},"7":{"start":{"line":48,"column":0},"end":{"line":48,"column":null}}},"fnMap":{"0":{"name":"data","decl":{"start":{"line":27,"column":0},"end":{"line":27,"column":null}},"loc":{"start":{"line":27,"column":0},"end":{"line":31,"column":null}}},"1":{"name":"mounted","decl":{"start":{"line":43,"column":0},"end":{"line":43,"column":null}},"loc":{"start":{"line":43,"column":0},"end":{"line":49,"column":null}}},"2":{"name":"(anonymous_8)","decl":{"start":{"line":44,"column":0},"end":{"line":44,"column":null}},"loc":{"start":{"line":44,"column":0},"end":{"line":46,"column":null}}}},"branchMap":{},"s":{"0":0,"1":0,"2":0,"3":0,"4":0,"5":0,"6":0,"7":0},"f":{"0":0,"1":0,"2":0},"b":{}}
,"G:\\UpworkTask\\VictorSemenkov\\Alex Zehnbacht\\RealDijoca\\Dijoca\\src\\layouts\\Unsecure.vue": {"path":"G:\\UpworkTask\\VictorSemenkov\\Alex Zehnbacht\\RealDijoca\\Dijoca\\src\\layouts\\Unsecure.vue","statementMap":{"0":{"start":{"line":16,"column":0},"end":{"line":16,"column":null}}},"fnMap":{"0":{"name":"data","decl":{"start":{"line":15,"column":0},"end":{"line":15,"column":null}},"loc":{"start":{"line":15,"column":0},"end":{"line":17,"column":null}}}},"branchMap":{},"s":{"0":0},"f":{"0":0},"b":{}}
,"G:\\UpworkTask\\VictorSemenkov\\Alex Zehnbacht\\RealDijoca\\Dijoca\\src\\pages\\Authorization\\Confirmation.vue": {"path":"G:\\UpworkTask\\VictorSemenkov\\Alex Zehnbacht\\RealDijoca\\Dijoca\\src\\pages\\Authorization\\Confirmation.vue","statementMap":{"0":{"start":{"line":34,"column":0},"end":{"line":34,"column":null}},"1":{"start":{"line":40,"column":0},"end":{"line":40,"column":null}},"2":{"start":{"line":43,"column":0},"end":{"line":43,"column":null}},"3":{"start":{"line":46,"column":0},"end":{"line":46,"column":null}},"4":{"start":{"line":47,"column":0},"end":{"line":54,"column":null}},"5":{"start":{"line":53,"column":0},"end":{"line":53,"column":null}},"6":{"start":{"line":54,"column":0},"end":{"line":54,"column":null}}},"fnMap":{"0":{"name":"data","decl":{"start":{"line":33,"column":0},"end":{"line":33,"column":null}},"loc":{"start":{"line":33,"column":0},"end":{"line":37,"column":null}}},"1":{"name":"email","decl":{"start":{"line":39,"column":0},"end":{"line":39,"column":null}},"loc":{"start":{"line":39,"column":0},"end":{"line":41,"column":null}}},"2":{"name":"token","decl":{"start":{"line":42,"column":0},"end":{"line":42,"column":null}},"loc":{"start":{"line":42,"column":0},"end":{"line":44,"column":null}}},"3":{"name":"created","decl":{"start":{"line":46,"column":0},"end":{"line":46,"column":null}},"loc":{"start":{"line":46,"column":0},"end":{"line":56,"column":null}}},"4":{"name":"(anonymous_5)","decl":{"start":{"line":48,"column":0},"end":{"line":48,"column":null}},"loc":{"start":{"line":48,"column":0},"end":{"line":53,"column":null}}},"5":{"name":"(anonymous_6)","decl":{"start":{"line":53,"column":0},"end":{"line":53,"column":null}},"loc":{"start":{"line":53,"column":0},"end":{"line":54,"column":null}}}},"branchMap":{},"s":{"0":0,"1":0,"2":0,"3":0,"4":0,"5":0,"6":0},"f":{"0":0,"1":0,"2":0,"3":0,"4":0,"5":0},"b":{}}
,"G:\\UpworkTask\\VictorSemenkov\\Alex Zehnbacht\\RealDijoca\\Dijoca\\src\\pages\\Authorization\\Forgot.vue": {"path":"G:\\UpworkTask\\VictorSemenkov\\Alex Zehnbacht\\RealDijoca\\Dijoca\\src\\pages\\Authorization\\Forgot.vue","statementMap":{"0":{"start":{"line":51,"column":0},"end":{"line":51,"column":null}},"1":{"start":{"line":56,"column":0},"end":{"line":56,"column":null}},"2":{"start":{"line":68,"column":0},"end":{"line":71,"column":null}},"3":{"start":{"line":69,"column":0},"end":{"line":69,"column":null}},"4":{"start":{"line":70,"column":0},"end":{"line":70,"column":null}},"5":{"start":{"line":73,"column":0},"end":{"line":73,"column":null}},"6":{"start":{"line":74,"column":0},"end":{"line":80,"column":null}},"7":{"start":{"line":75,"column":0},"end":{"line":75,"column":null}},"8":{"start":{"line":76,"column":0},"end":{"line":79,"column":null}},"9":{"start":{"line":77,"column":0},"end":{"line":77,"column":null}},"10":{"start":{"line":78,"column":0},"end":{"line":78,"column":null}},"11":{"start":{"line":82,"column":0},"end":{"line":82,"column":null}},"12":{"start":{"line":83,"column":0},"end":{"line":83,"column":null}},"13":{"start":{"line":84,"column":0},"end":{"line":117,"column":null}},"14":{"start":{"line":85,"column":0},"end":{"line":85,"column":null}},"15":{"start":{"line":92,"column":0},"end":{"line":115,"column":null}},"16":{"start":{"line":94,"column":0},"end":{"line":94,"column":null}},"17":{"start":{"line":95,"column":0},"end":{"line":106,"column":null}},"18":{"start":{"line":96,"column":0},"end":{"line":96,"column":null}},"19":{"start":{"line":102,"column":0},"end":{"line":102,"column":null}},"20":{"start":{"line":103,"column":0},"end":{"line":106,"column":null}},"21":{"start":{"line":104,"column":0},"end":{"line":104,"column":null}},"22":{"start":{"line":105,"column":0},"end":{"line":105,"column":null}},"23":{"start":{"line":109,"column":0},"end":{"line":109,"column":null}}},"fnMap":{"0":{"name":"data","decl":{"start":{"line":55,"column":0},"end":{"line":55,"column":null}},"loc":{"start":{"line":55,"column":0},"end":{"line":62,"column":null}}},"1":{"name":"stopTimeoutCounter","decl":{"start":{"line":67,"column":0},"end":{"line":67,"column":null}},"loc":{"start":{"line":67,"column":0},"end":{"line":72,"column":null}}},"2":{"name":"startTimeoutCounter","decl":{"start":{"line":73,"column":0},"end":{"line":73,"column":null}},"loc":{"start":{"line":73,"column":0},"end":{"line":81,"column":null}}},"3":{"name":"(anonymous_4)","decl":{"start":{"line":74,"column":0},"end":{"line":74,"column":null}},"loc":{"start":{"line":74,"column":0},"end":{"line":80,"column":null}}},"4":{"name":"onSubmit","decl":{"start":{"line":82,"column":0},"end":{"line":82,"column":null}},"loc":{"start":{"line":82,"column":0},"end":{"line":140,"column":null}}},"5":{"name":"(anonymous_6)","decl":{"start":{"line":92,"column":0},"end":{"line":92,"column":null}},"loc":{"start":{"line":92,"column":0},"end":{"line":107,"column":null}}},"6":{"name":"(anonymous_7)","decl":{"start":{"line":107,"column":0},"end":{"line":107,"column":null}},"loc":{"start":{"line":107,"column":0},"end":{"line":115,"column":null}}}},"branchMap":{"0":{"loc":{"start":{"line":68,"column":0},"end":{"line":71,"column":null}},"type":"if","locations":[{"start":{"line":68,"column":0},"end":{"line":71,"column":null}},{"start":{"line":68,"column":0},"end":{"line":71,"column":null}}]},"1":{"loc":{"start":{"line":76,"column":0},"end":{"line":79,"column":null}},"type":"if","locations":[{"start":{"line":76,"column":0},"end":{"line":79,"column":null}},{"start":{"line":76,"column":0},"end":{"line":79,"column":null}}]},"2":{"loc":{"start":{"line":84,"column":0},"end":{"line":117,"column":null}},"type":"if","locations":[{"start":{"line":84,"column":0},"end":{"line":117,"column":null}},{"start":{"line":84,"column":0},"end":{"line":117,"column":null}}]},"3":{"loc":{"start":{"line":95,"column":0},"end":{"line":106,"column":null}},"type":"if","locations":[{"start":{"line":95,"column":0},"end":{"line":106,"column":null}},{"start":{"line":95,"column":0},"end":{"line":106,"column":null}}]},"4":{"loc":{"start":{"line":103,"column":0},"end":{"line":106,"column":null}},"type":"if","locations":[{"start":{"line":103,"column":0},"end":{"line":106,"column":null}},{"start":{"line":103,"column":0},"end":{"line":106,"column":null}}]}},"s":{"0":0,"1":0,"2":0,"3":0,"4":0,"5":0,"6":0,"7":0,"8":0,"9":0,"10":0,"11":0,"12":0,"13":0,"14":0,"15":0,"16":0,"17":0,"18":0,"19":0,"20":0,"21":0,"22":0,"23":0},"f":{"0":0,"1":0,"2":0,"3":0,"4":0,"5":0,"6":0},"b":{"0":[0,0],"1":[0,0],"2":[0,0],"3":[0,0],"4":[0,0]}}
,"G:\\UpworkTask\\VictorSemenkov\\Alex Zehnbacht\\RealDijoca\\Dijoca\\src\\pages\\Authorization\\Login.vue": {"path":"G:\\UpworkTask\\VictorSemenkov\\Alex Zehnbacht\\RealDijoca\\Dijoca\\src\\pages\\Authorization\\Login.vue","statementMap":{"0":{"start":{"line":53,"column":0},"end":{"line":53,"column":null}},"1":{"start":{"line":58,"column":0},"end":{"line":58,"column":null}},"2":{"start":{"line":71,"column":0},"end":{"line":71,"column":null}},"3":{"start":{"line":72,"column":0},"end":{"line":96,"column":null}},"4":{"start":{"line":73,"column":0},"end":{"line":73,"column":null}},"5":{"start":{"line":80,"column":0},"end":{"line":80,"column":null}}},"fnMap":{"0":{"name":"data","decl":{"start":{"line":57,"column":0},"end":{"line":57,"column":null}},"loc":{"start":{"line":57,"column":0},"end":{"line":63,"column":null}}},"1":{"name":"onSubmit","decl":{"start":{"line":70,"column":0},"end":{"line":70,"column":null}},"loc":{"start":{"line":70,"column":0},"end":{"line":97,"column":null}}}},"branchMap":{"0":{"loc":{"start":{"line":72,"column":0},"end":{"line":96,"column":null}},"type":"if","locations":[{"start":{"line":72,"column":0},"end":{"line":96,"column":null}},{"start":{"line":72,"column":0},"end":{"line":96,"column":null}}]}},"s":{"0":0,"1":0,"2":0,"3":0,"4":0,"5":0},"f":{"0":0,"1":0},"b":{"0":[0,0]}}
,"G:\\UpworkTask\\VictorSemenkov\\Alex Zehnbacht\\RealDijoca\\Dijoca\\src\\pages\\Authorization\\Recovery.vue": {"path":"G:\\UpworkTask\\VictorSemenkov\\Alex Zehnbacht\\RealDijoca\\Dijoca\\src\\pages\\Authorization\\Recovery.vue","statementMap":{"0":{"start":{"line":69,"column":0},"end":{"line":69,"column":null}},"1":{"start":{"line":70,"column":0},"end":{"line":70,"column":null}},"2":{"start":{"line":75,"column":0},"end":{"line":75,"column":null}},"3":{"start":{"line":89,"column":0},"end":{"line":89,"column":null}},"4":{"start":{"line":92,"column":0},"end":{"line":92,"column":null}},"5":{"start":{"line":96,"column":0},"end":{"line":96,"column":null}},"6":{"start":{"line":97,"column":0},"end":{"line":113,"column":null}},"7":{"start":{"line":98,"column":0},"end":{"line":98,"column":null}},"8":{"start":{"line":105,"column":0},"end":{"line":111,"column":null}},"9":{"start":{"line":109,"column":0},"end":{"line":109,"column":null}},"10":{"start":{"line":110,"column":0},"end":{"line":110,"column":null}},"11":{"start":{"line":117,"column":0},"end":{"line":117,"column":null}},"12":{"start":{"line":118,"column":0},"end":{"line":118,"column":null}},"13":{"start":{"line":122,"column":0},"end":{"line":125,"column":null}},"14":{"start":{"line":124,"column":0},"end":{"line":124,"column":null}}},"fnMap":{"0":{"name":"data","decl":{"start":{"line":74,"column":0},"end":{"line":74,"column":null}},"loc":{"start":{"line":74,"column":0},"end":{"line":82,"column":null}}},"1":{"name":"email","decl":{"start":{"line":88,"column":0},"end":{"line":88,"column":null}},"loc":{"start":{"line":88,"column":0},"end":{"line":90,"column":null}}},"2":{"name":"token","decl":{"start":{"line":91,"column":0},"end":{"line":91,"column":null}},"loc":{"start":{"line":91,"column":0},"end":{"line":93,"column":null}}},"3":{"name":"onSubmit","decl":{"start":{"line":96,"column":0},"end":{"line":96,"column":null}},"loc":{"start":{"line":96,"column":0},"end":{"line":114,"column":null}}},"4":{"name":"(anonymous_10)","decl":{"start":{"line":105,"column":0},"end":{"line":105,"column":null}},"loc":{"start":{"line":105,"column":0},"end":{"line":111,"column":null}}},"5":{"name":"created","decl":{"start":{"line":117,"column":0},"end":{"line":117,"column":null}},"loc":{"start":{"line":117,"column":0},"end":{"line":128,"column":null}}},"6":{"name":"(anonymous_12)","decl":{"start":{"line":122,"column":0},"end":{"line":122,"column":null}},"loc":{"start":{"line":122,"column":0},"end":{"line":125,"column":null}}},"7":{"name":"(anonymous_13)","decl":{"start":{"line":125,"column":0},"end":{"line":125,"column":null}},"loc":{"start":{"line":125,"column":0},"end":{"line":125,"column":null}}}},"branchMap":{"0":{"loc":{"start":{"line":97,"column":0},"end":{"line":113,"column":null}},"type":"if","locations":[{"start":{"line":97,"column":0},"end":{"line":113,"column":null}},{"start":{"line":97,"column":0},"end":{"line":113,"column":null}}]}},"s":{"0":0,"1":0,"2":0,"3":0,"4":0,"5":0,"6":0,"7":0,"8":0,"9":0,"10":0,"11":0,"12":0,"13":0,"14":0},"f":{"0":0,"1":0,"2":0,"3":0,"4":0,"5":0,"6":0,"7":0},"b":{"0":[0,0]}}
,"G:\\UpworkTask\\VictorSemenkov\\Alex Zehnbacht\\RealDijoca\\Dijoca\\src\\pages\\Authorization\\Signup.vue": {"path":"G:\\UpworkTask\\VictorSemenkov\\Alex Zehnbacht\\RealDijoca\\Dijoca\\src\\pages\\Authorization\\Signup.vue","statementMap":{"0":{"start":{"line":77,"column":0},"end":{"line":77,"column":null}},"1":{"start":{"line":78,"column":0},"end":{"line":78,"column":null}},"2":{"start":{"line":83,"column":0},"end":{"line":83,"column":null}},"3":{"start":{"line":104,"column":0},"end":{"line":104,"column":null}},"4":{"start":{"line":105,"column":0},"end":{"line":115,"column":null}},"5":{"start":{"line":106,"column":0},"end":{"line":106,"column":null}},"6":{"start":{"line":113,"column":0},"end":{"line":113,"column":null}},"7":{"start":{"line":114,"column":0},"end":{"line":114,"column":null}},"8":{"start":{"line":117,"column":0},"end":{"line":117,"column":null}},"9":{"start":{"line":118,"column":0},"end":{"line":118,"column":null}},"10":{"start":{"line":119,"column":0},"end":{"line":133,"column":null}},"11":{"start":{"line":121,"column":0},"end":{"line":121,"column":null}},"12":{"start":{"line":122,"column":0},"end":{"line":122,"column":null}},"13":{"start":{"line":123,"column":0},"end":{"line":123,"column":null}},"14":{"start":{"line":126,"column":0},"end":{"line":126,"column":null}}},"fnMap":{"0":{"name":"data","decl":{"start":{"line":82,"column":0},"end":{"line":82,"column":null}},"loc":{"start":{"line":82,"column":0},"end":{"line":93,"column":null}}},"1":{"name":"onSubmit","decl":{"start":{"line":103,"column":0},"end":{"line":103,"column":null}},"loc":{"start":{"line":103,"column":0},"end":{"line":116,"column":null}}},"2":{"name":"createUser","decl":{"start":{"line":117,"column":0},"end":{"line":117,"column":null}},"loc":{"start":{"line":117,"column":0},"end":{"line":135,"column":null}}},"3":{"name":"(anonymous_4)","decl":{"start":{"line":119,"column":0},"end":{"line":119,"column":null}},"loc":{"start":{"line":119,"column":0},"end":{"line":124,"column":null}}},"4":{"name":"(anonymous_5)","decl":{"start":{"line":124,"column":0},"end":{"line":124,"column":null}},"loc":{"start":{"line":124,"column":0},"end":{"line":133,"column":null}}}},"branchMap":{"0":{"loc":{"start":{"line":105,"column":0},"end":{"line":115,"column":null}},"type":"if","locations":[{"start":{"line":105,"column":0},"end":{"line":115,"column":null}},{"start":{"line":105,"column":0},"end":{"line":115,"column":null}}]},"1":{"loc":{"start":{"line":105,"column":0},"end":{"line":105,"column":null}},"type":"binary-expr","locations":[{"start":{"line":105,"column":0},"end":{"line":105,"column":null}},{"start":{"line":105,"column":0},"end":{"line":105,"column":null}}]}},"s":{"0":0,"1":0,"2":0,"3":0,"4":0,"5":0,"6":0,"7":0,"8":0,"9":0,"10":0,"11":0,"12":0,"13":0,"14":0},"f":{"0":0,"1":0,"2":0,"3":0,"4":0},"b":{"0":[0,0],"1":[0,0]}}
,"G:\\UpworkTask\\VictorSemenkov\\Alex Zehnbacht\\RealDijoca\\Dijoca\\src\\pages\\Devices\\List.vue": {"path":"G:\\UpworkTask\\VictorSemenkov\\Alex Zehnbacht\\RealDijoca\\Dijoca\\src\\pages\\Devices\\List.vue","statementMap":{"0":{"start":{"line":46,"column":0},"end":{"line":46,"column":null}},"1":{"start":{"line":57,"column":0},"end":{"line":74,"column":null}},"2":{"start":{"line":84,"column":0},"end":{"line":84,"column":null}},"3":{"start":{"line":88,"column":0},"end":{"line":88,"column":null}},"4":{"start":{"line":94,"column":0},"end":{"line":94,"column":null}},"5":{"start":{"line":102,"column":0},"end":{"line":102,"column":null}},"6":{"start":{"line":105,"column":0},"end":{"line":105,"column":null}},"7":{"start":{"line":108,"column":0},"end":{"line":108,"column":null}},"8":{"start":{"line":111,"column":0},"end":{"line":111,"column":null}},"9":{"start":{"line":114,"column":0},"end":{"line":114,"column":null}},"10":{"start":{"line":117,"column":0},"end":{"line":126,"column":null}},"11":{"start":{"line":118,"column":0},"end":{"line":118,"column":null}},"12":{"start":{"line":120,"column":0},"end":{"line":120,"column":null}},"13":{"start":{"line":130,"column":0},"end":{"line":130,"column":null}},"14":{"start":{"line":131,"column":0},"end":{"line":131,"column":null}},"15":{"start":{"line":135,"column":0},"end":{"line":135,"column":null}}},"fnMap":{"0":{"name":"data","decl":{"start":{"line":46,"column":0},"end":{"line":46,"column":null}},"loc":{"start":{"line":46,"column":0},"end":{"line":46,"column":null}}},"1":{"name":"columns","decl":{"start":{"line":56,"column":0},"end":{"line":56,"column":null}},"loc":{"start":{"line":56,"column":0},"end":{"line":85,"column":null}}},"2":{"name":"devices","decl":{"start":{"line":87,"column":0},"end":{"line":87,"column":null}},"loc":{"start":{"line":87,"column":0},"end":{"line":91,"column":null}}},"3":{"name":"scope","decl":{"start":{"line":93,"column":0},"end":{"line":93,"column":null}},"loc":{"start":{"line":93,"column":0},"end":{"line":97,"column":null}}},"4":{"name":"getLocationTitle","decl":{"start":{"line":101,"column":0},"end":{"line":101,"column":null}},"loc":{"start":{"line":101,"column":0},"end":{"line":103,"column":null}}},"5":{"name":"createDevice","decl":{"start":{"line":104,"column":0},"end":{"line":104,"column":null}},"loc":{"start":{"line":104,"column":0},"end":{"line":109,"column":null}}},"6":{"name":"selectDevice","decl":{"start":{"line":110,"column":0
[...]
lumn":21},"end":{"line":19,"column":22}},"loc":{"start":{"line":19,"column":42},"end":{"line":30,"column":3}},"line":19},"6":{"name":"(anonymous_6)","decl":{"start":{"line":21,"column":6},"end":{"line":21,"column":7}},"loc":{"start":{"line":21,"column":18},"end":{"line":24,"column":7}},"line":21},"7":{"name":"(anonymous_7)","decl":{"start":{"line":25,"column":6},"end":{"line":25,"column":7}},"loc":{"start":{"line":25,"column":18},"end":{"line":28,"column":7}},"line":25},"8":{"name":"update","decl":{"start":{"line":33,"column":16},"end":{"line":33,"column":22}},"loc":{"start":{"line":33,"column":55},"end":{"line":41,"column":1}},"line":33},"9":{"name":"(anonymous_9)","decl":{"start":{"line":36,"column":21},"end":{"line":36,"column":22}},"loc":{"start":{"line":36,"column":42},"end":{"line":40,"column":3}},"line":36},"10":{"name":"create","decl":{"start":{"line":43,"column":16},"end":{"line":43,"column":22}},"loc":{"start":{"line":43,"column":49},"end":{"line":53,"column":1}},"line":43},"11":{"name":"(anonymous_11)","decl":{"start":{"line":44,"column":21},"end":{"line":44,"column":22}},"loc":{"start":{"line":44,"column":42},"end":{"line":52,"column":3}},"line":44},"12":{"name":"(anonymous_12)","decl":{"start":{"line":46,"column":6},"end":{"line":46,"column":7}},"loc":{"start":{"line":46,"column":18},"end":{"line":49,"column":7}},"line":46},"13":{"name":"destroy","decl":{"start":{"line":55,"column":16},"end":{"line":55,"column":23}},"loc":{"start":{"line":55,"column":56},"end":{"line":65,"column":1}},"line":55},"14":{"name":"(anonymous_14)","decl":{"start":{"line":56,"column":21},"end":{"line":56,"column":22}},"loc":{"start":{"line":56,"column":42},"end":{"line":64,"column":3}},"line":56},"15":{"name":"(anonymous_15)","decl":{"start":{"line":58,"column":6},"end":{"line":58,"column":7}},"loc":{"start":{"line":58,"column":18},"end":{"line":61,"column":7}},"line":58}},"branchMap":{},"s":{"0":0,"1":0,"2":0,"3":0,"4":0,"5":0,"6":0,"7":0,"8":0,"9":0,"10":0,"11":0,"12":0,"13":0,"14":0,"15":0,"16":0,"17":0,"18":0,"19":0,"20":0,"21":0,"22":0},"f":{"0":0,"1":0,"2":0,"3":0,"4":0,"5":0,"6":0,"7":0,"8":0,"9":0,"10":0,"11":0,"12":0,"13":0,"14":0,"15":0},"b":{},"hash":"60a2522acb19164944faf8e4fd59d8c165260e53"}
,"G:\\UpworkTask\\VictorSemenkov\\Alex Zehnbacht\\RealDijoca\\Dijoca\\src\\store\\locations\\getters.js": {"path":"G:\\UpworkTask\\VictorSemenkov\\Alex Zehnbacht\\RealDijoca\\Dijoca\\src\\store\\locations\\getters.js","statementMap":{"0":{"start":{"line":2,"column":2},"end":{"line":2,"column":39}},"1":{"start":{"line":5,"column":13},"end":{"line":5,"column":44}},"2":{"start":{"line":7,"column":2},"end":{"line":17,"column":3}},"3":{"start":{"line":8,"column":13},"end":{"line":8,"column":47}},"4":{"start":{"line":10,"column":4},"end":{"line":14,"column":5}},"5":{"start":{"line":12,"column":8},"end":{"line":12,"column":35}},"6":{"start":{"line":16,"column":4},"end":{"line":16,"column":13}},"7":{"start":{"line":21,"column":2},"end":{"line":21,"column":45}},"8":{"start":{"line":21,"column":17},"end":{"line":21,"column":45}}},"fnMap":{"0":{"name":"all","decl":{"start":{"line":1,"column":16},"end":{"line":1,"column":19}},"loc":{"start":{"line":1,"column":28},"end":{"line":3,"column":1}},"line":1},"1":{"name":"my","decl":{"start":{"line":4,"column":16},"end":{"line":4,"column":18}},"loc":{"start":{"line":4,"column":60},"end":{"line":18,"column":1}},"line":4},"2":{"name":"(anonymous_2)","decl":{"start":{"line":11,"column":6},"end":{"line":11,"column":7}},"loc":{"start":{"line":11,"column":13},"end":{"line":13,"column":7}},"line":11},"3":{"name":"byId","decl":{"start":{"line":20,"column":16},"end":{"line":20,"column":20}},"loc":{"start":{"line":20,"column":29},"end":{"line":22,"column":1}},"line":20},"4":{"name":"(anonymous_4)","decl":{"start":{"line":21,"column":9},"end":{"line":21,"column":10}},"loc":{"start":{"line":21,"column":17},"end":{"line":21,"column":45}},"line":21}},"branchMap":{"0":{"loc":{"start":{"line":7,"column":2},"end":{"line":17,"column":3}},"type":"if","locations":[{"start":{"line":7,"column":2},"end":{"line":17,"column":3}},{"start":{"line":7,"column":2},"end":{"line":17,"column":3}}],"line":7},"1":{"loc":{"start":{"line":21,"column":17},"end":{"line":21,"column":45}},"type":"binary-expr","locations":[{"start":{"line":21,"column":17},"end":{"line":21,"column":36}},{"start":{"line":21,"column":40},"end":{"line":21,"column":45}}],"line":21}},"s":{"0":0,"1":0,"2":0,"3":0,"4":0,"5":0,"6":0,"7":0,"8":0},"f":{"0":0,"1":0,"2":0,"3":0,"4":0},"b":{"0":[0,0],"1":[0,0]},"hash":"b219d264e4e2db7ba5da574f0ab4a305aaaf29c0"}
,"G:\\UpworkTask\\VictorSemenkov\\Alex Zehnbacht\\RealDijoca\\Dijoca\\src\\store\\locations\\index.js": {"path":"G:\\UpworkTask\\VictorSemenkov\\Alex Zehnbacht\\RealDijoca\\Dijoca\\src\\store\\locations\\index.js","statementMap":{},"fnMap":{},"branchMap":{},"s":{},"f":{},"b":{},"hash":"f590085bdc2fe377e05f7d1defd0c890348c4c1c"}
,"G:\\UpworkTask\\VictorSemenkov\\Alex Zehnbacht\\RealDijoca\\Dijoca\\src\\store\\locations\\mutations.js": {"path":"G:\\UpworkTask\\VictorSemenkov\\Alex Zehnbacht\\RealDijoca\\Dijoca\\src\\store\\locations\\mutations.js","statementMap":{"0":{"start":{"line":4,"column":2},"end":{"line":6,"column":3}},"1":{"start":{"line":5,"column":4},"end":{"line":5,"column":57}},"2":{"start":{"line":10,"column":2},"end":{"line":14,"column":3}},"3":{"start":{"line":10,"column":15},"end":{"line":10,"column":16}},"4":{"start":{"line":11,"column":12},"end":{"line":11,"column":27}},"5":{"start":{"line":13,"column":4},"end":{"line":13,"column":28}},"6":{"start":{"line":18,"column":2},"end":{"line":18,"column":41}}},"fnMap":{"0":{"name":"importLocation","decl":{"start":{"line":3,"column":16},"end":{"line":3,"column":30}},"loc":{"start":{"line":3,"column":52},"end":{"line":7,"column":1}},"line":3},"1":{"name":"importLocations","decl":{"start":{"line":9,"column":16},"end":{"line":9,"column":31}},"loc":{"start":{"line":9,"column":54},"end":{"line":15,"column":1}},"line":9},"2":{"name":"removeLocation","decl":{"start":{"line":17,"column":16},"end":{"line":17,"column":30}},"loc":{"start":{"line":17,"column":51},"end":{"line":19,"column":1}},"line":17}},"branchMap":{"0":{"loc":{"start":{"line":4,"column":2},"end":{"line":6,"column":3}},"type":"if","locations":[{"start":{"line":4,"column":2},"end":{"line":6,"column":3}},{"start":{"line":4,"column":2},"end":{"line":6,"column":3}}],"line":4}},"s":{"0":0,"1":0,"2":0,"3":0,"4":0,"5":0,"6":0},"f":{"0":0,"1":0,"2":0},"b":{"0":[0,0]},"hash":"52fa95623b06cce7b80baf270b445211f8b31e57"}
,"G:\\UpworkTask\\VictorSemenkov\\Alex Zehnbacht\\RealDijoca\\Dijoca\\src\\store\\locations\\state.js": {"path":"G:\\UpworkTask\\VictorSemenkov\\Alex Zehnbacht\\RealDijoca\\Dijoca\\src\\store\\locations\\state.js","statementMap":{},"fnMap":{},"branchMap":{},"s":{},"f":{},"b":{},"hash":"3c93f650ebffaa7cf09751283654ef823adc6273"}
,"G:\\UpworkTask\\VictorSemenkov\\Alex Zehnbacht\\RealDijoca\\Dijoca\\src\\store\\logs\\actions.js": {"path":"G:\\UpworkTask\\VictorSemenkov\\Alex Zehnbacht\\RealDijoca\\Dijoca\\src\\store\\logs\\actions.js","statementMap":{"0":{"start":{"line":3,"column":2},"end":{"line":3,"column":38}},"1":{"start":{"line":8,"column":2},"end":{"line":8,"column":38}}},"fnMap":{"0":{"name":"importLogEntry","decl":{"start":{"line":2,"column":16},"end":{"line":2,"column":30}},"loc":{"start":{"line":2,"column":45},"end":{"line":4,"column":1}},"line":2},"1":{"name":"create","decl":{"start":{"line":7,"column":16},"end":{"line":7,"column":22}},"loc":{"start":{"line":7,"column":37},"end":{"line":9,"column":1}},"line":7}},"branchMap":{},"s":{"0":0,"1":0},"f":{"0":0,"1":0},"b":{},"hash":"c69a114279acd76df2acd2cf60990cb4f741e18f"}
,"G:\\UpworkTask\\VictorSemenkov\\Alex Zehnbacht\\RealDijoca\\Dijoca\\src\\store\\logs\\getters.js": {"path":"G:\\UpworkTask\\VictorSemenkov\\Alex Zehnbacht\\RealDijoca\\Dijoca\\src\\store\\logs\\getters.js","statementMap":{"0":{"start":{"line":2,"column":2},"end":{"line":2,"column":22}},"1":{"start":{"line":6,"column":2},"end":{"line":6,"column":82}},"2":{"start":{"line":6,"column":25},"end":{"line":6,"column":82}},"3":{"start":{"line":6,"column":54},"end":{"line":6,"column":81}}},"fnMap":{"0":{"name":"all","decl":{"start":{"line":1,"column":16},"end":{"line":1,"column":19}},"loc":{"start":{"line":1,"column":28},"end":{"line":3,"column":1}},"line":1},"1":{"name":"byReporterId","decl":{"start":{"line":5,"column":16},"end":{"line":5,"column":28}},"loc":{"start":{"line":5,"column":46},"end":{"line":7,"column":1}},"line":5},"2":{"name":"(anonymous_2)","decl":{"start":{"line":6,"column":9},"end":{"line":6,"column":10}},"loc":{"start":{"line":6,"column":25},"end":{"line":6,"column":82}},"line":6},"3":{"name":"(anonymous_3)","decl":{"start":{"line":6,"column":47},"end":{"line":6,"column":48}},"loc":{"start":{"line":6,"column":54},"end":{"line":6,"column":81}},"line":6}},"branchMap":{},"s":{"0":0,"1":0,"2":0,"3":0},"f":{"0":0,"1":0,"2":0,"3":0},"b":{},"hash":"c4fe659ab4ff4c27e9d5d94242d15faee0b11636"}
,"G:\\UpworkTask\\VictorSemenkov\\Alex Zehnbacht\\RealDijoca\\Dijoca\\src\\store\\logs\\index.js": {"path":"G:\\UpworkTask\\VictorSemenkov\\Alex Zehnbacht\\RealDijoca\\Dijoca\\src\\store\\logs\\index.js","statementMap":{},"fnMap":{},"branchMap":{},"s":{},"f":{},"b":{},"hash":"b30266a4d214cb3f65616950cbaffc9a4250d744"}
,"G:\\UpworkTask\\VictorSemenkov\\Alex Zehnbacht\\RealDijoca\\Dijoca\\src\\store\\logs\\mutations.js": {"path":"G:\\UpworkTask\\VictorSemenkov\\Alex Zehnbacht\\RealDijoca\\Dijoca\\src\\store\\logs\\mutations.js","statementMap":{"0":{"start":{"line":2,"column":2},"end":{"line":2,"column":26}}},"fnMap":{"0":{"name":"importLogEntry","decl":{"start":{"line":1,"column":16},"end":{"line":1,"column":30}},"loc":{"start":{"line":1,"column":45},"end":{"line":3,"column":1}},"line":1}},"branchMap":{},"s":{"0":0},"f":{"0":0},"b":{},"hash":"e30d606d7736a70b6fbb8a2d6e0bcf62d96d6e98"}
,"G:\\UpworkTask\\VictorSemenkov\\Alex Zehnbacht\\RealDijoca\\Dijoca\\src\\store\\logs\\state.js": {"path":"G:\\UpworkTask\\VictorSemenkov\\Alex Zehnbacht\\RealDijoca\\Dijoca\\src\\store\\logs\\state.js","statementMap":{},"fnMap":{},"branchMap":{},"s":{},"f":{},"b":{},"hash":"99364449203a0fcedf93645c1ff68947ee609596"}
,"G:\\UpworkTask\\VictorSemenkov\\Alex Zehnbacht\\RealDijoca\\Dijoca\\src\\store\\users\\actions.js": {"path":"G:\\UpworkTask\\VictorSemenkov\\Alex Zehnbacht\\RealDijoca\\Dijoca\\src\\store\\users\\actions.js","statementMap":{"0":{"start":{"line":4,"column":2},"end":{"line":15,"column":4}},"1":{"start":{"line":5,"column":4},"end":{"line":14,"column":5}},"2":{"start":{"line":7,"column":8},"end":{"line":7,"column":50}},"3":{"start":{"line":8,"column":8},"end":{"line":8,"column":17}},"4":{"start":{"line":11,"column":8},"end":{"line":11,"column":29}},"5":{"start":{"line":12,"column":8},"end":{"line":12,"column":16}},"6":{"start":{"line":19,"column":2},"end":{"line":30,"column":4}},"7":{"start":{"line":20,"column":4},"end":{"line":29,"column":5}},"8":{"start":{"line":22,"column":8},"end":{"line":22,"column":49}},"9":{"start":{"line":23,"column":8},"end":{"line":23,"column":17}},"10":{"start":{"line":26,"column":8},"end":{"line":26,"column":29}},"11":{"start":{"line":27,"column":8},"end":{"line":27,"column":16}},"12":{"start":{"line":34,"column":2},"end":{"line":34,"column":34}},"13":{"start":{"line":37,"column":2},"end":{"line":37,"column":36}},"14":{"start":{"line":41,"column":13},"end":{"line":41,"column":42}},"15":{"start":{"line":43,"column":2},"end":{"line":45,"column":4}},"16":{"start":{"line":44,"column":4},"end":{"line":44,"column":68}},"17":{"start":{"line":49,"column":2},"end":{"line":54,"column":4}},"18":{"start":{"line":50,"column":4},"end":{"line":53,"column":14}},"19":{"start":{"line":51,"column":6},"end":{"line":51,"column":47}},"20":{"start":{"line":52,"column":6},"end":{"line":52,"column":15}},"21":{"start":{"line":58,"column":2},"end":{"line":66,"column":4}},"22":{"start":{"line":59,"column":4},"end":{"line":65,"column":5}},"23":{"start":{"line":61,"column":8},"end":{"line":61,"column":42}},"24":{"start":{"line":62,"column":8},"end":{"line":62,"column":17}}},"fnMap":{"0":{"name":"loadUsers","decl":{"start":{"line":3,"column":16},"end":{"line":3,"column":25}},"loc":{"start":{"line":3,"column":34},"end":{"line":16,"column":1}},"line":3},"1":{"name":"(anonymous_1)","decl":{"start":{"line":4,"column":21},"end":{"line":4,"column":22}},"loc":{"start":{"line":4,"column":42},"end":{"line":15,"column":3}},"line":4},"2":{"name":"(anonymous_2)","decl":{"start":{"line":6,"column":6},"end":{"line":6,"column":7}},"loc":{"start":{"line":6,"column":18},"end":{"line":9,"column":7}},"line":6},"3":{"name":"(anonymous_3)","decl":{"start":{"line":10,"column":6},"end":{"line":10,"column":7}},"loc":{"start":{"line":10,"column":18},"end":{"line":13,"column":7}},"line":10},"4":{"name":"loadUser","decl":{"start":{"line":18,"column":16},"end":{"line":18,"column":24}},"loc":{"start":{"line":18,"column":45},"end":{"line":31,"column":1}},"line":18},"5":{"name":"(anonymous_5)","decl":{"start":{"line":19,"column":21},"end":{"line":19,"column":22}},"loc":{"start":{"line":19,"column":42},"end":{"line":30,"column":3}},"line":19},"6":{"name":"(anonymous_6)","decl":{"start":{"line":21,"column":6},"end":{"line":21,"column":7}},"loc":{"start":{"line":21,"column":18},"end":{"line":24,"column":7}},"line":21},"7":{"name":"(anonymous_7)","decl":{"start":{"line":25,"column":6},"end":{"line":25,"column":7}},"loc":{"start":{"line":25,"column":18},"end":{"line":28,"column":7}},"line":25},"8":{"name":"importUser","decl":{"start":{"line":33,"column":16},"end":{"line":33,"column":26}},"loc":{"start":{"line":33,"column":41},"end":{"line":35,"column":1}},"line":33},"9":{"name":"importUsers","decl":{"start":{"line":36,"column":16},"end":{"line":36,"column":27}},"loc":{"start":{"line":36,"column":43},"end":{"line":38,"column":1}},"line":36},"10":{"name":"update","decl":{"start":{"line":40,"column":16},"end":{"line":40,"column":22}},"loc":{"start":{"line":40,"column":43},"end":{"line":46,"column":1}},"line":40},"11":{"name":"(anonymous_11)","decl":{"start":{"line":43,"column":21},"end":{"line":43,"column":22}},"loc":{"start":{"line":43,"column":42},"end":{"line":45,"column":3}},"line":43},"12":{"name":"(anonymous_12)","decl":{"start":{"line":44,"column":37},"end":{"line":44,"column":38}},"loc":{"start":{"line":44,"column":49},"end":{"line":44,"column":51}},"line":44},"13":{"name":"(anonymous_13)","decl":{"start":{"line":44,"column":53},"end":{"line":44,"column":54}},"loc":{"start":{"line":44,"column":65},"end":{"line":44,"column":67}},"line":44},"14":{"name":"create","decl":{"start":{"line":48,"column":16},"end":{"line":48,"column":22}},"loc":{"start":{"line":48,"column":41},"end":{"line":55,"column":1}},"line":48},"15":{"name":"(anonymous_15)","decl":{"start":{"line":49,"column":21},"end":{"line":49,"column":22}},"loc":{"start":{"line":49,"column":42},"end":{"line":54,"column":3}},"line":49},"16":{"name":"(anonymous_16)","decl":{"start":{"line":50,"column":27},"end":{"line":50,"column":28}},"loc":{"start":{"line":50,"column":39},"end":{"line":53,"column":5}},"line":50},"17":{"name":"destroy","decl":{"start":{"line":57,"column":16},"end":{"line":57,"column":23}},"loc":{"start":{"line":57,"column":44},"end":{"line":67,"column":1}},"line":57},"18":{"name":"(anonymous_18)","decl":{"start":{"line":58,"column":21},"end":{"line":58,"column":22}},"loc":{"start":{"line":58,"column":42},"end":{"line":66,"column":3}},"line":58},"19":{"name":"(anonymous_19)","decl":{"start":{"line":60,"column":6},"end":{"line":60,"column":7}},"loc":{"start":{"line":60,"column":18},"end":{"line":63,"column":7}},"line":60},"20":{"name":"(anonymous_20)","decl":{"start":{"line":64,"column":6},"end":{"line":64,"column":7}},"loc":{"start":{"line":64,"column":18},"end":{"line":64,"column":20}},"line":64}},"branchMap":{},"s":{"0":0,"1":0,"2":0,"3":0,"4":0,"5":0,"6":0,"7":0,"8":0,"9":0,"10":0,"11":0,"12":0,"13":0,"14":0,"15":0,"16":0,"17":0,"18":0,"19":0,"20":0,"21":0,"22":0,"23":0,"24":0},"f":{"0":0,"1":0,"2":0,"3":0,"4":0,"5":0,"6":0,"7":0,"8":0,"9":0,"10":0,"11":0,"12":0,"13":0,"14":0,"15":0,"16":0,"17":0,"18":0,"19":0,"20":0},"b":{},"hash":"f13281302213f4b5c2bf1a330d8ab1a8b8215c1a"}
,"G:\\UpworkTask\\VictorSemenkov\\Alex Zehnbacht\\RealDijoca\\Dijoca\\src\\store\\users\\getters.js": {"path":"G:\\UpworkTask\\VictorSemenkov\\Alex Zehnbacht\\RealDijoca\\Dijoca\\src\\store\\users\\getters.js","statementMap":{"0":{"start":{"line":2,"column":2},"end":{"line":2,"column":35}},"1":{"start":{"line":13,"column":2},"end":{"line":13,"column":11}},"2":{"start":{"line":17,"column":2},"end":{"line":17,"column":41}},"3":{"start":{"line":17,"column":17},"end":{"line":17,"column":41}}},"fnMap":{"0":{"name":"all","decl":{"start":{"line":1,"column":16},"end":{"line":1,"column":19}},"loc":{"start":{"line":1,"column":28},"end":{"line":3,"column":1}},"line":1},"1":{"name":"my","decl":{"start":{"line":5,"column":16},"end":{"line":5,"column":18}},"loc":{"start":{"line":5,"column":60},"end":{"line":14,"column":1}},"line":5},"2":{"name":"byId","decl":{"start":{"line":16,"column":16},"end":{"line":16,"column":20}},"loc":{"start":{"line":16,"column":29},"end":{"line":18,"column":1}},"line":16},"3":{"name":"(anonymous_3)","decl":{"start":{"line":17,"column":9},"end":{"line":17,"column":10}},"loc":{"start":{"line":17,"column":17},"end":{"line":17,"column":41}},"line":17}},"branchMap":{"0":{"loc":{"start":{"line":17,"column":17},"end":{"line":17,"column":41}},"type":"binary-expr","locations":[{"start":{"line":17,"column":17},"end":{"line":17,"column":32}},{"start":{"line":17,"column":36},"end":{"line":17,"column":41}}],"line":17}},"s":{"0":0,"1":0,"2":0,"3":0},"f":{"0":0,"1":0,"2":0,"3":0},"b":{"0":[0,0]},"hash":"bcdd2021807691c4c394c781e90d373e6008dd04"}
,"G:\\UpworkTask\\VictorSemenkov\\Alex Zehnbacht\\RealDijoca\\Dijoca\\src\\store\\users\\index.js": {"path":"G:\\UpworkTask\\VictorSemenkov\\Alex Zehnbacht\\RealDijoca\\Dijoca\\src\\store\\users\\index.js","statementMap":{},"fnMap":{},"branchMap":{},"s":{},"f":{},"b":{},"hash":"0674f7989083fc4fac702f44891a12b05efeaede"}
,"G:\\UpworkTask\\VictorSemenkov\\Alex Zehnbacht\\RealDijoca\\Dijoca\\src\\store\\users\\mutations.js": {"path":"G:\\UpworkTask\\VictorSemenkov\\Alex Zehnbacht\\RealDijoca\\Dijoca\\src\\store\\users\\mutations.js","statementMap":{"0":{"start":{"line":4,"column":2},"end":{"line":6,"column":3}},"1":{"start":{"line":5,"column":4},"end":{"line":5,"column":45}},"2":{"start":{"line":10,"column":2},"end":{"line":12,"column":3}},"3":{"start":{"line":10,"column":15},"end":{"line":10,"column":16}},"4":{"start":{"line":11,"column":4},"end":{"line":11,"column":34}},"5":{"start":{"line":16,"column":2},"end":{"line":16,"column":33}}},"fnMap":{"0":{"name":"importUser","decl":{"start":{"line":3,"column":16},"end":{"line":3,"column":26}},"loc":{"start":{"line":3,"column":44},"end":{"line":7,"column":1}},"line":3},"1":{"name":"importUsers","decl":{"start":{"line":9,"column":16},"end":{"line":9,"column":27}},"loc":{"start":{"line":9,"column":46},"end":{"line":13,"column":1}},"line":9},"2":{"name":"removeUser","decl":{"start":{"line":15,"column":16},"end":{"line":15,"column":26}},"loc":{"start":{"line":15,"column":43},"end":{"line":17,"column":1}},"line":15}},"branchMap":{"0":{"loc":{"start":{"line":4,"column":2},"end":{"line":6,"column":3}},"type":"if","locations":[{"start":{"line":4,"column":2},"end":{"line":6,"column":3}},{"start":{"line":4,"column":2},"end":{"line":6,"column":3}}],"line":4}},"s":{"0":0,"1":0,"2":0,"3":0,"4":0,"5":0},"f":{"0":0,"1":0,"2":0},"b":{"0":[0,0]},"hash":"ad799598a0572cb1ff9c2c2c2f8f975872818185"}
,"G:\\UpworkTask\\VictorSemenkov\\Alex Zehnbacht\\RealDijoca\\Dijoca\\src\\store\\users\\state.js": {"path":"G:\\UpworkTask\\VictorSemenkov\\Alex Zehnbacht\\RealDijoca\\Dijoca\\src\\store\\users\\state.js","statementMap":{},"fnMap":{},"branchMap":{},"s":{},"f":{},"b":{},"hash":"409b872b0b441a325ee3716fee70f4545f8f6689"}
}
