TN:
SF:G:\UpworkTask\VictorSemenkov\Alex Zehnbacht\RealDijoca\Dijoca\src-pwa\custom-service-worker.js
FNF:0
FNH:0
LF:0
LH:0
BRF:0
BRH:0
end_of_record
TN:
SF:G:\UpworkTask\VictorSemenkov\Alex Zehnbacht\RealDijoca\Dijoca\src-pwa\register-service-worker.js
FN:14,(anonymous_0)
FN:18,(anonymous_1)
FN:22,(anonymous_2)
FN:26,(anonymous_3)
FN:30,(anonymous_4)
FN:34,(anonymous_5)
FN:38,(anonymous_6)
FNF:7
FNH:0
FNDA:0,(anonymous_0)
FNDA:0,(anonymous_1)
FNDA:0,(anonymous_2)
FNDA:0,(anonymous_3)
FNDA:0,(anonymous_4)
FNDA:0,(anonymous_5)
FNDA:0,(anonymous_6)
DA:7,0
DA:15,0
DA:19,0
DA:23,0
DA:27,0
DA:31,0
DA:35,0
DA:39,0
LF:8
LH:0
BRF:0
BRH:0
end_of_record
TN:
SF:G:\UpworkTask\VictorSemenkov\Alex Zehnbacht\RealDijoca\Dijoca\src\boot\axios.js
FN:3,(anonymous_0)
FNF:1
FNH:0
FNDA:0,(anonymous_0)
DA:4,0
LF:1
LH:0
BRF:0
BRH:0
end_of_record
TN:
SF:G:\UpworkTask\VictorSemenkov\Alex Zehnbacht\RealDijoca\Dijoca\src\boot\i18n.js
FN:13,(anonymous_0)
FNF:1
FNH:0
FNDA:0,(anonymous_0)
DA:5,0
DA:7,0
DA:15,0
LF:3
LH:0
BRF:0
BRH:0
end_of_record
TN:
SF:G:\UpworkTask\VictorSemenkov\Alex Zehnbacht\RealDijoca\Dijoca\src\boot\socket.js
FN:5,handleMessage
FN:21,(anonymous_1)
FN:23,(anonymous_2)
FN:28,(anonymous_3)
FN:31,(anonymous_4)
FN:35,(anonymous_5)
FN:43,(anonymous_6)
FN:48,(anonymous_7)
FNF:8
FNH:0
FNDA:0,handleMessage
FNDA:0,(anonymous_1)
FNDA:0,(anonymous_2)
FNDA:0,(anonymous_3)
FNDA:0,(anonymous_4)
FNDA:0,(anonymous_5)
FNDA:0,(anonymous_6)
FNDA:0,(anonymous_7)
DA:3,0
DA:6,0
DA:7,0
DA:9,0
DA:10,0
DA:13,0
DA:14,0
DA:22,0
DA:24,0
DA:28,0
DA:29,0
DA:31,0
DA:32,0
DA:33,0
DA:35,0
DA:36,0
DA:37,0
DA:39,0
DA:40,0
DA:43,0
DA:44,0
DA:49,0
DA:53,0
LF:23
LH:0
BRDA:6,0,0,0
BRDA:6,0,1,0
BRDA:7,1,0,0
BRDA:7,1,1,0
BRDA:7,1,2,0
BRF:5
BRH:0
end_of_record
TN:
SF:G:\UpworkTask\VictorSemenkov\Alex Zehnbacht\RealDijoca\Dijoca\src\boot\vuelidate.js
FN:3,(anonymous_0)
FNF:1
FNH:0
FNDA:0,(anonymous_0)
DA:4,0
LF:1
LH:0
BRF:0
BRH:0
end_of_record
TN:
SF:G:\UpworkTask\VictorSemenkov\Alex Zehnbacht\RealDijoca\Dijoca\src\boot\api\auth.js
FN:4,(anonymous_0)
FN:8,(anonymous_1)
FN:12,(anonymous_2)
FN:16,(anonymous_3)
FN:20,(anonymous_4)
FNF:5
FNH:0
FNDA:0,(anonymous_0)
FNDA:0,(anonymous_1)
FNDA:0,(anonymous_2)
FNDA:0,(anonymous_3)
FNDA:0,(anonymous_4)
DA:5,0
DA:9,0
DA:13,0
DA:17,0
DA:21,0
LF:5
LH:0
BRF:0
BRH:0
end_of_record
TN:
SF:G:\UpworkTask\VictorSemenkov\Alex Zehnbacht\RealDijoca\Dijoca\src\boot\api\device-models.js
FN:4,(anonymous_0)
FNF:1
FNH:0
FNDA:0,(anonymous_0)
DA:5,0
DA:7,0
DA:9,0
LF:3
LH:0
BRF:0
BRH:0
end_of_record
TN:
SF:G:\UpworkTask\VictorSemenkov\Alex Zehnbacht\RealDijoca\Dijoca\src\boot\api\device-software.js
FN:4,(anonymous_0)
FNF:1
FNH:0
FNDA:0,(anonymous_0)
DA:5,0
DA:7,0
DA:9,0
LF:3
LH:0
BRF:0
BRH:0
end_of_record
TN:
SF:G:\UpworkTask\VictorSemenkov\Alex Zehnbacht\RealDijoca\Dijoca\src\boot\api\device-types.js
FN:4,(anonymous_0)
FNF:1
FNH:0
FNDA:0,(anonymous_0)
DA:5,0
DA:7,0
DA:9,0
LF:3
LH:0
BRF:0
BRH:0
end_of_record
TN:
SF:G:\UpworkTask\VictorSemenkov\Alex Zehnbacht\RealDijoca\Dijoca\src\boot\api\devices.js
FN:4,(anonymous_0)
FN:18,(anonymous_1)
FN:32,(anonymous_2)
FN:46,(anonymous_3)
FN:60,(anonymous_4)
FNF:5
FNH:0
FNDA:0,(anonymous_0)
FNDA:0,(anonymous_1)
FNDA:0,(anonymous_2)
FNDA:0,(anonymous_3)
FNDA:0,(anonymous_4)
DA:5,0
DA:7,0
DA:8,0
DA:9,0
DA:10,0
DA:12,0
DA:15,0
DA:19,0
DA:21,0
DA:22,0
DA:23,0
DA:24,0
DA:26,0
DA:29,0
DA:33,0
DA:35,0
DA:36,0
DA:37,0
DA:38,0
DA:40,0
DA:43,0
DA:47,0
DA:49,0
DA:50,0
DA:51,0
DA:52,0
DA:54,0
DA:57,0
DA:61,0
DA:63,0
DA:64,0
DA:65,0
DA:66,0
DA:68,0
DA:71,0
LF:35
LH:0
BRDA:7,0,0,0
BRDA:7,0,1,0
BRDA:9,1,0,0
BRDA:9,1,1,0
BRDA:21,2,0,0
BRDA:21,2,1,0
BRDA:23,3,0,0
BRDA:23,3,1,0
BRDA:35,4,0,0
BRDA:35,4,1,0
BRDA:37,5,0,0
BRDA:37,5,1,0
BRDA:49,6,0,0
BRDA:49,6,1,0
BRDA:51,7,0,0
BRDA:51,7,1,0
BRDA:63,8,0,0
BRDA:63,8,1,0
BRDA:65,9,0,0
BRDA:65,9,1,0
BRF:20
BRH:0
end_of_record
TN:
SF:G:\UpworkTask\VictorSemenkov\Alex Zehnbacht\RealDijoca\Dijoca\src\boot\api\index.js
FN:25,(anonymous_0)
FNF:1
FNH:0
FNDA:0,(anonymous_0)
DA:10,0
DA:26,0
LF:2
LH:0
BRF:0
BRH:0
end_of_record
TN:
SF:G:\UpworkTask\VictorSemenkov\Alex Zehnbacht\RealDijoca\Dijoca\src\boot\api\locations.js
FN:4,(anonymous_0)
FN:16,(anonymous_1)
FN:28,(anonymous_2)
FN:40,(anonymous_3)
FN:52,(anonymous_4)
FNF:5
FNH:0
FNDA:0,(anonymous_0)
FNDA:0,(anonymous_1)
FNDA:0,(anonymous_2)
FNDA:0,(anonymous_3)
FNDA:0,(anonymous_4)
DA:5,0
DA:7,0
DA:8,0
DA:10,0
DA:13,0
DA:17,0
DA:19,0
DA:20,0
DA:22,0
DA:25,0
DA:29,0
DA:31,0
DA:32,0
DA:34,0
DA:37,0
DA:41,0
DA:43,0
DA:44,0
DA:46,0
DA:49,0
DA:53,0
DA:55,0
DA:56,0
DA:58,0
DA:61,0
LF:25
LH:0
BRDA:7,0,0,0
BRDA:7,0,1,0
BRDA:19,1,0,0
BRDA:19,1,1,0
BRDA:31,2,0,0
BRDA:31,2,1,0
BRDA:43,3,0,0
BRDA:43,3,1,0
BRDA:55,4,0,0
BRDA:55,4,1,0
BRF:10
BRH:0
end_of_record
TN:
SF:G:\UpworkTask\VictorSemenkov\Alex Zehnbacht\RealDijoca\Dijoca\src\boot\api\users.js
FN:4,(anonymous_0)
FN:8,(anonymous_1)
FN:12,(anonymous_2)
FN:16,(anonymous_3)
FN:20,(anonymous_4)
FNF:5
FNH:0
FNDA:0,(anonymous_0)
FNDA:0,(anonymous_1)
FNDA:0,(anonymous_2)
FNDA:0,(anonymous_3)
FNDA:0,(anonymous_4)
DA:5,0
DA:9,0
DA:13,0
DA:17,0
DA:21,0
LF:5
LH:0
BRF:0
BRH:0
end_of_record
TN:
SF:G:\UpworkTask\VictorSemenkov\Alex Zehnbacht\RealDijoca\Dijoca\src\boot\api\utils.js
FN:4,(anonymous_0)
FN:7,(anonymous_1)
FN:12,(anonymous_2)
FNF:3
FNH:0
FNDA:0,(anonymous_0)
FNDA:0,(anonymous_1)
FNDA:0,(anonymous_2)
DA:5,0
DA:8,0
DA:13,0
LF:3
LH:0
BRF:0
BRH:0
end_of_record
TN:
SF:G:\UpworkTask\VictorSemenkov\Alex Zehnbacht\RealDijoca\Dijoca\src\components\AddressBuilder.vue
FN:23,data
FN:37,location
FN:42,addressJson
FN:45,location
FN:51,CountrySelected
FN:54,SimulateDelay
FN:57,(anonymous_7)
FN:64,created
FNF:8
FNH:0
FNDA:0,data
FNDA:0,location
FNDA:0,addressJson
FNDA:0,location
FNDA:0,CountrySelected
FNDA:0,SimulateDelay
FNDA:0,(anonymous_7)
FNDA:0,created
DA:17,0
DA:18,0
DA:19,0
DA:24,0
DA:38,0
DA:43,0
DA:46,0
DA:52,0
DA:54,0
DA:55,0
DA:57,0
DA:59,0
DA:61,0
DA:65,0
DA:66,0
LF:15
LH:0
BRDA:65,0,0,0
BRDA:65,0,1,0
BRF:2
BRH:0
end_of_record
TN:
SF:G:\UpworkTask\VictorSemenkov\Alex Zehnbacht\RealDijoca\Dijoca\src\components\CountryDialog.vue
FN:47,data
FN:62,get
FN:65,set
FN:71,toOptions
FN:74,CountrySelected
FNF:5
FNH:0
FNDA:0,data
FNDA:0,get
FNDA:0,set
FNDA:0,toOptions
FNDA:0,CountrySelected
DA:43,0
DA:44,0
DA:48,0
DA:63,0
DA:66,0
DA:72,0
DA:75,0
LF:7
LH:0
BRF:0
BRH:0
end_of_record
TN:
SF:G:\UpworkTask\VictorSemenkov\Alex Zehnbacht\RealDijoca\Dijoca\src\components\CountrySpecific.vue
FN:58,data
FN:76,validations
FN:85,country
FN:91,location
FN:105,currentCountryConfig
FN:108,optionForProvinceSelector
FN:111,location
FN:117,isFieldVisible
FN:123,getProvinceObject
FN:124,(anonymous_10)
FN:131,toTitleCase
FN:132,(anonymous_12)
FN:137,buildJson
FN:153,filterFn
FN:154,(anonymous_15)
FN:159,(anonymous_16)
FN:167,mounted
FN:168,(anonymous_18)
FN:177,created
FNF:19
FNH:0
FNDA:0,data
FNDA:0,validations
FNDA:0,country
FNDA:0,location
FNDA:0,currentCountryConfig
FNDA:0,optionForProvinceSelector
FNDA:0,location
FNDA:0,isFieldVisible
FNDA:0,getProvinceObject
FNDA:0,(anonymous_10)
FNDA:0,toTitleCase
FNDA:0,(anonymous_12)
FNDA:0,buildJson
FNDA:0,filterFn
FNDA:0,(anonymous_15)
FNDA:0,(anonymous_16)
FNDA:0,mounted
FNDA:0,(anonymous_18)
FNDA:0,created
DA:53,0
DA:54,0
DA:59,0
DA:77,0
DA:86,0
DA:87,0
DA:88,0
DA:89,0
DA:92,0
DA:93,0
DA:94,0
DA:95,0
DA:96,0
DA:97,0
DA:98,0
DA:99,0
DA:106,0
DA:109,0
DA:112,0
DA:118,0
DA:120,0
DA:124,0
DA:125,0
DA:127,0
DA:128,0
DA:132,0
DA:133,0
DA:138,0
DA:139,0
DA:140,0
DA:141,0
DA:142,0
DA:143,0
DA:144,0
DA:145,0
DA:146,0
DA:147,0
DA:148,0
DA:151,0
DA:153,0
DA:154,0
DA:155,0
DA:156,0
DA:158,0
DA:159,0
DA:160,0
DA:167,0
DA:168,0
DA:169,0
DA:170,0
DA:171,0
DA:173,0
DA:178,0
DA:179,0
DA:180,0
DA:181,0
DA:182,0
DA:183,0
DA:184,0
DA:185,0
DA:186,0
DA:189,0
LF:62
LH:0
BRDA:78,0,0,0
BRDA:78,0,1,0
BRDA:79,1,0,0
BRDA:79,1,1,0
BRDA:80,2,0,0
BRDA:80,2,1,0
BRDA:81,3,0,0
BRDA:81,3,1,0
BRDA:95,4,0,0
BRDA:95,4,1,0
BRDA:96,5,0,0
BRDA:96,5,1,0
BRDA:98,6,0,0
BRDA:98,6,1,0
BRDA:106,7,0,0
BRDA:106,7,1,0
BRDA:120,8,0,0
BRDA:120,8,1,0
BRDA:141,9,0,0
BRDA:141,9,1,0
BRDA:142,10,0,0
BRDA:142,10,1,0
BRDA:143,11,0,0
BRDA:143,11,1,0
BRDA:144,12,0,0
BRDA:144,12,1,0
BRDA:145,13,0,0
BRDA:145,13,1,0
BRDA:147,14,0,0
BRDA:147,14,1,0
BRDA:155,15,0,0
BRDA:155,15,1,0
BRDA:170,16,0,0
BRDA:170,16,1,0
BRDA:178,17,0,0
BRDA:178,17,1,0
BRDA:182,18,0,0
BRDA:182,18,1,0
BRDA:183,19,0,0
BRDA:183,19,1,0
BRDA:185,20,0,0
BRDA:185,20,1,0
BRF:42
BRH:0
end_of_record
TN:
SF:G:\UpworkTask\VictorSemenkov\Alex Zehnbacht\RealDijoca\Dijoca\src\components\MainMenu.vue
FN:212,data
FN:224,logout
FN:228,hasPerm
FN:231,resendConfirmation
FN:232,(anonymous_10)
FN:240,(anonymous_11)
FNF:6
FNH:0
FNDA:0,data
FNDA:0,logout
FNDA:0,hasPerm
FNDA:0,resendConfirmation
FNDA:0,(anonymous_10)
FNDA:0,(anonymous_11)
DA:208,0
DA:209,0
DA:213,0
DA:225,0
DA:226,0
DA:229,0
DA:231,0
DA:232,0
DA:234,0
DA:242,0
LF:10
LH:0
BRF:0
BRH:0
end_of_record
TN:
SF:G:\UpworkTask\VictorSemenkov\Alex Zehnbacht\RealDijoca\Dijoca\src\components\NewPassword.vue
FN:62,data
FN:83,notSamePasswords
FN:86,passwordsFilled
FN:89,passwordValidation
FNF:4
FNH:0
FNDA:0,data
FNDA:0,notSamePasswords
FNDA:0,passwordsFilled
FNDA:0,passwordValidation
DA:58,0
DA:63,0
DA:84,0
DA:87,0
DA:89,0
DA:90,0
DA:91,0
DA:92,0
DA:93,0
DA:96,0
DA:97,0
DA:98,0
DA:100,0
DA:101,0
LF:14
LH:0
BRDA:87,0,0,0
BRDA:87,0,1,0
BRDA:92,1,0,0
BRDA:92,1,1,0
BRDA:89,2,0,0
BRDA:89,2,1,0
BRDA:96,3,0,0
BRDA:96,3,1,0
BRDA:96,4,0,0
BRDA:96,4,1,0
BRF:10
BRH:0
end_of_record
TN:
SF:G:\UpworkTask\VictorSemenkov\Alex Zehnbacht\RealDijoca\Dijoca\src\helpers\countrySettings.js
FN:4,getCountryName
FN:6,(anonymous_1)
FN:15,countrySettings
FN:34,(anonymous_3)
FN:41,(anonymous_4)
FN:48,(anonymous_5)
FN:55,(anonymous_6)
FN:62,(anonymous_7)
FN:69,(anonymous_8)
FN:76,(anonymous_9)
FN:83,(anonymous_10)
FN:90,(anonymous_11)
FN:97,(anonymous_12)
FN:104,(anonymous_13)
FN:111,(anonymous_14)
FNF:15
FNH:0
FNDA:0,getCountryName
FNDA:0,(anonymous_1)
FNDA:0,countrySettings
FNDA:0,(anonymous_3)
FNDA:0,(anonymous_4)
FNDA:0,(anonymous_5)
FNDA:0,(anonymous_6)
FNDA:0,(anonymous_7)
FNDA:0,(anonymous_8)
FNDA:0,(anonymous_9)
FNDA:0,(anonymous_10)
FNDA:0,(anonymous_11)
FNDA:0,(anonymous_12)
FNDA:0,(anonymous_13)
FNDA:0,(anonymous_14)
DA:5,0
DA:6,0
DA:8,0
DA:9,0
DA:11,0
DA:16,0
DA:17,0
DA:18,0
DA:19,0
DA:20,0
DA:21,0
DA:22,0
DA:23,0
DA:24,0
DA:25,0
DA:26,0
DA:28,0
DA:34,0
DA:41,0
DA:48,0
DA:55,0
DA:62,0
DA:69,0
DA:76,0
DA:83,0
DA:90,0
DA:97,0
DA:104,0
DA:111,0
LF:29
LH:0
BRDA:8,0,0,0
BRDA:8,0,1,0
BRF:2
BRH:0
end_of_record
TN:
SF:G:\UpworkTask\VictorSemenkov\Alex Zehnbacht\RealDijoca\Dijoca\src\helpers\geo.js
FN:1,countries
FN:242,usStates
FN:297,caProvinces
FN:315,auStates
FN:328,thProvinces
FN:410,ruFedSubjects
FN:500,byRegions
FNF:7
FNH:0
FNDA:0,countries
FNDA:0,usStates
FNDA:0,caProvinces
FNDA:0,auStates
FNDA:0,thProvinces
FNDA:0,ruFedSubjects
FNDA:0,byRegions
DA:2,0
DA:243,0
DA:298,0
DA:316,0
DA:329,0
DA:411,0
DA:501,0
LF:7
LH:0
BRF:0
BRH:0
end_of_record
TN:
SF:G:\UpworkTask\VictorSemenkov\Alex Zehnbacht\RealDijoca\Dijoca\src\i18n\index.js
FNF:0
FNH:0
LF:0
LH:0
BRF:0
BRH:0
end_of_record
TN:
SF:G:\UpworkTask\VictorSemenkov\Alex Zehnbacht\RealDijoca\Dijoca\src\i18n\en-us\index.js
FNF:0
FNH:0
LF:0
LH:0
BRF:0
BRH:0
end_of_record
TN:
SF:G:\UpworkTask\VictorSemenkov\Alex Zehnbacht\RealDijoca\Dijoca\src\layouts\Header.vue
FN:28,data
FN:40,goBack
FN:47,toggleDrawer
FN:50,updateRouteMeta
FN:51,(anonymous_5)
FN:57,$routeMeta
FN:61,created
FN:64,(anonymous_8)
FNF:8
FNH:0
FNDA:0,data
FNDA:0,goBack
FNDA:0,toggleDrawer
FNDA:0,updateRouteMeta
FNDA:0,(anonymous_5)
FNDA:0,$routeMeta
FNDA:0,created
FNDA:0,(anonymous_8)
DA:29,0
DA:41,0
DA:42,0
DA:44,0
DA:48,0
DA:50,0
DA:51,0
DA:52,0
DA:58,0
DA:61,0
DA:62,0
DA:64,0
LF:12
LH:0
BRDA:41,0,0,0
BRDA:41,0,1,0
BRDA:52,1,0,0
BRDA:52,1,1,0
BRF:4
BRH:0
end_of_record
TN:
SF:G:\UpworkTask\VictorSemenkov\Alex Zehnbacht\RealDijoca\Dijoca\src\layouts\MyLayout.vue
FN:79,data
FNF:1
FNH:0
FNDA:0,data
DA:75,0
DA:80,0
LF:2
LH:0
BRF:0
BRH:0
end_of_record
TN:
SF:G:\UpworkTask\VictorSemenkov\Alex Zehnbacht\RealDijoca\Dijoca\src\layouts\Secure.vue
FN:27,data
FN:43,mounted
FN:44,(anonymous_8)
FNF:3
FNH:0
FNDA:0,data
FNDA:0,mounted
FNDA:0,(anonymous_8)
DA:22,0
DA:23,0
DA:28,0
DA:43,0
DA:44,0
DA:45,0
DA:47,0
DA:48,0
LF:8
LH:0
BRF:0
BRH:0
end_of_record
TN:
SF:G:\UpworkTask\VictorSemenkov\Alex Zehnbacht\RealDijoca\Dijoca\src\layouts\Unsecure.vue
FN:15,data
FNF:1
FNH:0
FNDA:0,data
DA:16,0
LF:1
LH:0
BRF:0
BRH:0
end_of_record
TN:
SF:G:\UpworkTask\VictorSemenkov\Alex Zehnbacht\RealDijoca\Dijoca\src\pages\Authorization\Confirmation.vue
FN:33,data
FN:39,email
FN:42,token
FN:46,created
FN:48,(anonymous_5)
FN:53,(anonymous_6)
FNF:6
FNH:0
FNDA:0,data
FNDA:0,email
FNDA:0,token
FNDA:0,created
FNDA:0,(anonymous_5)
FNDA:0,(anonymous_6)
DA:34,0
DA:40,0
DA:43,0
DA:46,0
DA:47,0
DA:53,0
DA:54,0
LF:7
LH:0
BRF:0
BRH:0
end_of_record
TN:
SF:G:\UpworkTask\VictorSemenkov\Alex Zehnbacht\RealDijoca\Dijoca\src\pages\Authorization\Forgot.vue
FN:55,data
FN:67,stopTimeoutCounter
FN:73,startTimeoutCounter
FN:74,(anonymous_4)
FN:82,onSubmit
FN:92,(anonymous_6)
FN:107,(anonymous_7)
FNF:7
FNH:0
FNDA:0,data
FNDA:0,stopTimeoutCounter
FNDA:0,startTimeoutCounter
FNDA:0,(anonymous_4)
FNDA:0,onSubmit
FNDA:0,(anonymous_6)
FNDA:0,(anonymous_7)
DA:51,0
DA:56,0
DA:68,0
DA:69,0
DA:70,0
DA:73,0
DA:74,0
DA:75,0
DA:76,0
DA:77,0
DA:78,0
DA:82,0
DA:83,0
DA:84,0
DA:85,0
DA:92,0
DA:94,0
DA:95,0
DA:96,0
DA:102,0
DA:103,0
DA:104,0
DA:105,0
DA:109,0
LF:24
LH:0
BRDA:68,0,0,0
BRDA:68,0,1,0
BRDA:76,1,0,0
BRDA:76,1,1,0
BRDA:84,2,0,0
BRDA:84,2,1,0
BRDA:95,3,0,0
BRDA:95,3,1,0
BRDA:103,4,0,0
BRDA:103,4,1,0
BRF:10
BRH:0
end_of_record
TN:
SF:G:\UpworkTask\VictorSemenkov\Alex Zehnbacht\RealDijoca\Dijoca\src\pages\Authorization\Login.vue
FN:57,data
FN:70,onSubmit
FNF:2
FNH:0
FNDA:0,data
FNDA:0,onSubmit
DA:53,0
DA:58,0
DA:71,0
DA:72,0
DA:73,0
DA:80,0
LF:6
LH:0
BRDA:72,0,0,0
BRDA:72,0,1,0
BRF:2
BRH:0
end_of_record
TN:
SF:G:\UpworkTask\VictorSemenkov\Alex Zehnbacht\RealDijoca\Dijoca\src\pages\Authorization\Recovery.vue
FN:74,data
FN:88,email
FN:91,token
FN:96,onSubmit
FN:105,(anonymous_10)
FN:117,created
FN:122,(anonymous_12)
FN:125,(anonymous_13)
FNF:8
FNH:0
FNDA:0,data
FNDA:0,email
FNDA:0,token
FNDA:0,onSubmit
FNDA:0,(anonymous_10)
FNDA:0,created
FNDA:0,(anonymous_12)
FNDA:0,(anonymous_13)
DA:69,0
DA:70,0
DA:75,0
DA:89,0
DA:92,0
DA:96,0
DA:97,0
DA:98,0
DA:105,0
DA:109,0
DA:110,0
DA:117,0
DA:118,0
DA:122,0
DA:124,0
LF:15
LH:0
BRDA:97,0,0,0
BRDA:97,0,1,0
BRF:2
BRH:0
end_of_record
TN:
SF:G:\UpworkTask\VictorSemenkov\Alex Zehnbacht\RealDijoca\Dijoca\src\pages\Authorization\Signup.vue
FN:82,data
FN:103,onSubmit
FN:117,createUser
FN:119,(anonymous_4)
FN:124,(anonymous_5)
FNF:5
FNH:0
FNDA:0,data
FNDA:0,onSubmit
FNDA:0,createUser
FNDA:0,(anonymous_4)
FNDA:0,(anonymous_5)
DA:77,0
DA:78,0
DA:83,0
DA:104,0
DA:105,0
DA:106,0
DA:113,0
DA:114,0
DA:117,0
DA:118,0
DA:119,0
DA:121,0
DA:122,0
DA:123,0
DA:126,0
LF:15
LH:0
BRDA:105,0,0,0
BRDA:105,0,1,0
BRDA:105,1,0,0
BRDA:105,1,1,0
BRF:4
BRH:0
end_of_record
TN:
SF:G:\UpworkTask\VictorSemenkov\Alex Zehnbacht\RealDijoca\Dijoca\src\pages\Devices\List.vue
FN:46,data
FN:56,columns
FN:87,devices
FN:93,scope
FN:101,getLocationTitle
FN:104,createDevice
FN:110,selectDevice
FN:113,hasPerm
FN:116,addDevice
FN:129,created
FNF:10
FNH:0
FNDA:0,data
FNDA:0,columns
FNDA:0,devices
FNDA:0,scope
FNDA:0,getLocationTitle
FNDA:0,createDevice
FNDA:0,selectDevice
FNDA:0,hasPerm
FNDA:0,addDevice
FNDA:0,created
DA:46,0
DA:57,0
DA:84,0
DA:88,0
DA:94,0
DA:102,0
DA:105,0
DA:108,0
DA:111,0
DA:114,0
DA:117,0
DA:118,0
DA:120,0
DA:130,0
DA:131,0
DA:135,0
LF:16
LH:0
BRDA:88,0,0,0
BRDA:88,0,1,0
BRDA:94,1,0,0
BRDA:94,1,1,0
BRDA:102,2,0,0
BRDA:102,2,1,0
BRDA:117,3,0,0
BRDA:117,3,1,0
BRDA:130,4,0,0
BRDA:130,4,1,0
BRF:10
BRH:0
end_of_record
TN:
SF:G:\UpworkTask\VictorSemenkov\Alex Zehnbacht\RealDijoca\Dijoca\src\pages\Devices\Models.vue
FN:21,data
FN:31,columns
FN:53,models
FN:59,selectDeviceType
FN:66,created
FNF:5
FNH:0
FNDA:0,data
FNDA:0,columns
FNDA:0,models
FNDA:0,selectDeviceType
FNDA:0,created
DA:21,0
DA:32,0
DA:50,0
DA:54,0
DA:60,0
DA:67,0
LF:6
LH:0
BRF:0
BRH:0
end_of_record
TN:
SF:G:\UpworkTask\VictorSemenkov\Alex Zehnbacht\RealDijoca\Dijoca\src\pages\Devices\Software.vue
FN:21,data
FN:31,columns
FN:53,software
FN:62,selectSoftware
FN:69,created
FNF:5
FNH:0
FNDA:0,data
FNDA:0,columns
FNDA:0,software
FNDA:0,selectSoftware
FNDA:0,created
DA:21,0
DA:32,0
DA:50,0
DA:57,0
DA:63,0
DA:70,0
LF:6
LH:0
BRF:0
BRH:0
end_of_record
TN:
SF:G:\UpworkTask\VictorSemenkov\Alex Zehnbacht\RealDijoca\Dijoca\src\pages\Devices\Types.vue
FN:21,data
FN:31,columns
FN:53,types
FN:59,selectDeviceType
FN:66,created
FNF:5
FNH:0
FNDA:0,data
FNDA:0,columns
FNDA:0,types
FNDA:0,selectDeviceType
FNDA:0,created
DA:21,0
DA:32,0
DA:50,0
DA:54,0
DA:60,0
DA:67,0
LF:6
LH:0
BRF:0
BRH:0
end_of_record
TN:
SF:G:\UpworkTask\VictorSemenkov\Alex Zehnbacht\RealDijoca\Dijoca\src\pages\Devices\index.vue
FN:16,data
FN:20,created
FNF:2
FNH:0
FNDA:0,data
FNDA:0,created
DA:16,0
LF:1
LH:0
BRF:0
BRH:0
end_of_record
TN:
SF:G:\UpworkTask\VictorSemenkov\Alex Zehnbacht\RealDijoca\Dijoca\src\pages\Devices\Device\Console.vue
FN:36,data
FN:60,log
FN:61,(anonymous_3)
FN:69,me
FN:73,log
FN:77,device
FN:83,sendCommand
FNF:7
FNH:0
FNDA:0,data
FNDA:0,log
FNDA:0,(anonymous_3)
FNDA:0,me
FNDA:0,log
FNDA:0,device
FNDA:0,sendCommand
DA:36,0
DA:60,0
DA:61,0
DA:62,0
DA:63,0
DA:70,0
DA:74,0
DA:78,0
DA:84,0
DA:96,0
DA:102,0
LF:11
LH:0
BRF:0
BRH:0
end_of_record
TN:
SF:G:\UpworkTask\VictorSemenkov\Alex Zehnbacht\RealDijoca\Dijoca\src\pages\Devices\Device\Device.vue
FN:53,data
FN:58,me
FN:62,log
FN:66,device
FN:72,getLocationTitle
FN:76,saveDevice
FN:85,destroyDevice
FN:88,(anonymous_8)
FN:99,hasPerm
FN:102,editDevice
FN:116,created
FNF:11
FNH:0
FNDA:0,data
FNDA:0,me
FNDA:0,log
FNDA:0,device
FNDA:0,getLocationTitle
FNDA:0,saveDevice
FNDA:0,destroyDevice
FNDA:0,(anonymous_8)
FNDA:0,hasPerm
FNDA:0,editDevice
FNDA:0,created
DA:53,0
DA:59,0
DA:63,0
DA:67,0
DA:73,0
DA:77,0
DA:78,0
DA:85,0
DA:86,0
DA:87,0
DA:94,0
DA:100,0
DA:103,0
DA:104,0
DA:106,0
DA:117,0
DA:118,0
DA:123,0
LF:18
LH:0
BRDA:73,0,0,0
BRDA:73,0,1,0
BRDA:77,1,0,0
BRDA:77,1,1,0
BRDA:86,2,0,0
BRDA:86,2,1,0
BRDA:103,3,0,0
BRDA:103,3,1,0
BRDA:117,4,0,0
BRDA:117,4,1,0
BRF:10
BRH:0
end_of_record
TN:
SF:G:\UpworkTask\VictorSemenkov\Alex Zehnbacht\RealDijoca\Dijoca\src\pages\Devices\Device\MCU.vue
FN:14,data
FN:18,me
FN:22,device
FNF:3
FNH:0
FNDA:0,data
FNDA:0,me
FNDA:0,device
DA:14,0
DA:19,0
DA:23,0
LF:3
LH:0
BRF:0
BRH:0
end_of_record
TN:
SF:G:\UpworkTask\VictorSemenkov\Alex Zehnbacht\RealDijoca\Dijoca\src\pages\Devices\Device\index.vue
FN:49,data
FN:54,me
FN:58,log
FN:62,device
FN:66,scope
FN:72,isConsoleEnabled
FN:78,hasPerm
FN:83,created
FNF:8
FNH:0
FNDA:0,data
FNDA:0,me
FNDA:0,log
FNDA:0,device
FNDA:0,scope
FNDA:0,isConsoleEnabled
FNDA:0,hasPerm
FNDA:0,created
DA:49,0
DA:55,0
DA:59,0
DA:63,0
DA:67,0
DA:73,0
DA:79,0
DA:84,0
DA:85,0
DA:90,0
LF:10
LH:0
BRDA:67,0,0,0
BRDA:67,0,1,0
BRDA:84,1,0,0
BRDA:84,1,1,0
BRF:4
BRH:0
end_of_record
TN:
SF:G:\UpworkTask\VictorSemenkov\Alex Zehnbacht\RealDijoca\Dijoca\src\pages\Locations\Location.vue
FN:28,data
FN:31,urlScope
FN:36,created
FNF:3
FNH:0
FNDA:0,data
FNDA:0,urlScope
FNDA:0,created
DA:28,0
DA:32,0
LF:2
LH:0
BRDA:32,0,0,0
BRDA:32,0,1,0
BRF:2
BRH:0
end_of_record
TN:
SF:G:\UpworkTask\VictorSemenkov\Alex Zehnbacht\RealDijoca\Dijoca\src\pages\Locations\LocationDetails.vue
FN:52,data
FN:60,location
FN:66,saveLocation
FN:71,destroyLocation
FN:73,(anonymous_10)
FN:81,hasPerm
FN:84,editLocation
FN:98,created
FNF:8
FNH:0
FNDA:0,data
FNDA:0,location
FNDA:0,saveLocation
FNDA:0,destroyLocation
FNDA:0,(anonymous_10)
FNDA:0,hasPerm
FNDA:0,editLocation
FNDA:0,created
DA:47,0
DA:52,0
DA:61,0
DA:67,0
DA:71,0
DA:72,0
DA:73,0
DA:77,0
DA:78,0
DA:82,0
DA:85,0
DA:86,0
DA:88,0
DA:99,0
DA:100,0
LF:15
LH:0
BRDA:72,0,0,0
BRDA:72,0,1,0
BRDA:77,1,0,0
BRDA:77,1,1,0
BRDA:85,2,0,0
BRDA:85,2,1,0
BRDA:99,3,0,0
BRDA:99,3,1,0
BRF:8
BRH:0
end_of_record
TN:
SF:G:\UpworkTask\VictorSemenkov\Alex Zehnbacht\RealDijoca\Dijoca\src\pages\Locations\Locations.vue
FN:36,data
FN:42,columns
FN:57,field
FN:70,field
FN:77,locations
FN:87,getUserName
FN:95,createLocation
FN:102,selectLocation
FN:106,hasPerm
FN:109,addLocation
FN:123,mounted
FNF:11
FNH:0
FNDA:0,data
FNDA:0,columns
FNDA:0,field
FNDA:0,field
FNDA:0,locations
FNDA:0,getUserName
FNDA:0,createLocation
FNDA:0,selectLocation
FNDA:0,hasPerm
FNDA:0,addLocation
FNDA:0,mounted
DA:31,0
DA:36,0
DA:42,0
DA:43,0
DA:57,0
DA:62,0
DA:65,0
DA:70,0
DA:75,0
DA:78,0
DA:79,0
DA:81,0
DA:88,0
DA:89,0
DA:90,0
DA:92,0
DA:96,0
DA:97,0
DA:100,0
DA:103,0
DA:104,0
DA:107,0
DA:110,0
DA:111,0
DA:113,0
DA:124,0
DA:125,0
DA:127,0
DA:128,0
LF:29
LH:0
BRDA:62,0,0,0
BRDA:62,0,1,0
BRDA:78,1,0,0
BRDA:78,1,1,0
BRDA:89,2,0,0
BRDA:89,2,1,0
BRDA:96,3,0,0
BRDA:96,3,1,0
BRDA:103,4,0,0
BRDA:103,4,1,0
BRDA:110,5,0,0
BRDA:110,5,1,0
BRDA:124,6,0,0
BRDA:124,6,1,0
BRDA:125,7,0,0
BRDA:125,7,1,0
BRF:16
BRH:0
end_of_record
TN:
SF:G:\UpworkTask\VictorSemenkov\Alex Zehnbacht\RealDijoca\Dijoca\src\pages\My\Dashboard.vue
FN:25,data
FN:33,locations
FN:38,me
FN:42,created
FNF:4
FNH:0
FNDA:0,data
FNDA:0,locations
FNDA:0,me
FNDA:0,created
DA:21,0
DA:26,0
DA:34,0
DA:39,0
DA:43,0
LF:5
LH:0
BRDA:39,0,0,0
BRDA:39,0,1,0
BRDA:43,1,0,0
BRDA:43,1,1,0
BRF:4
BRH:0
end_of_record
TN:
SF:G:\UpworkTask\VictorSemenkov\Alex Zehnbacht\RealDijoca\Dijoca\src\pages\My\Dashboard_mine.vue
FN:78,data
FNF:1
FNH:0
FNDA:0,data
DA:74,0
DA:79,0
LF:2
LH:0
BRF:0
BRH:0
end_of_record
TN:
SF:G:\UpworkTask\VictorSemenkov\Alex Zehnbacht\RealDijoca\Dijoca\src\pages\My\Profile.vue
FN:61,data
FN:80,getCurrentUserData
FN:83,changePassword
FN:86,saveChanges
FN:97,(anonymous_10)
FN:104,(anonymous_11)
FN:118,me
FN:120,created
FNF:8
FNH:0
FNDA:0,data
FNDA:0,getCurrentUserData
FNDA:0,changePassword
FNDA:0,saveChanges
FNDA:0,(anonymous_10)
FNDA:0,(anonymous_11)
FNDA:0,me
FNDA:0,created
DA:53,0
DA:54,0
DA:55,0
DA:56,0
DA:62,0
DA:81,0
DA:84,0
DA:86,0
DA:87,0
DA:88,0
DA:89,0
DA:96,0
DA:97,0
DA:99,0
DA:106,0
DA:118,0
DA:120,0
LF:17
LH:0
BRDA:88,0,0,0
BRDA:88,0,1,0
BRDA:88,1,0,0
BRDA:88,1,1,0
BRDA:88,1,2,0
BRF:5
BRH:0
end_of_record
TN:
SF:G:\UpworkTask\VictorSemenkov\Alex Zehnbacht\RealDijoca\Dijoca\src\pages\My\Locations\BottomTabs.vue
FN:40,data
FNF:1
FNH:0
FNDA:0,data
DA:40,0
LF:1
LH:0
BRF:0
BRH:0
end_of_record
TN:
SF:G:\UpworkTask\VictorSemenkov\Alex Zehnbacht\RealDijoca\Dijoca\src\pages\My\Locations\BottomTabsDetails.vue
FN:28,data
FNF:1
FNH:0
FNDA:0,data
DA:28,0
LF:1
LH:0
BRF:0
BRH:0
end_of_record
TN:
SF:G:\UpworkTask\VictorSemenkov\Alex Zehnbacht\RealDijoca\Dijoca\src\pages\My\Locations\Location.vue
FN:11,data
FN:17,location
FN:23,updateRouteMeta
FN:27,loadLocation
FN:35,(anonymous_10)
FN:46,me
FN:50,created
FN:53,updated
FNF:8
FNH:0
FNDA:0,data
FNDA:0,location
FNDA:0,updateRouteMeta
FNDA:0,loadLocation
FNDA:0,(anonymous_10)
FNDA:0,me
FNDA:0,created
FNDA:0,updated
DA:6,0
DA:11,0
DA:18,0
DA:24,0
DA:25,0
DA:27,0
DA:28,0
DA:29,0
DA:30,0
DA:31,0
DA:32,0
DA:34,0
DA:39,0
DA:47,0
DA:51,0
DA:54,0
LF:16
LH:0
BRDA:30,0,0,0
BRDA:30,0,1,0
BRDA:31,1,0,0
BRDA:31,1,1,0
BRF:4
BRH:0
end_of_record
TN:
SF:G:\UpworkTask\VictorSemenkov\Alex Zehnbacht\RealDijoca\Dijoca\src\pages\My\Locations\LocationList.vue
FN:49,data
FN:58,locations
FN:64,currentCountryConfig
FN:67,addressTandem
FN:74,getUserName
FN:82,createLocation
FN:89,selectLocation
FN:92,addLocation
FN:95,loadLocations
FN:103,me
FN:108,created
FNF:11
FNH:0
FNDA:0,data
FNDA:0,locations
FNDA:0,currentCountryConfig
FNDA:0,addressTandem
FNDA:0,getUserName
FNDA:0,createLocation
FNDA:0,selectLocation
FNDA:0,addLocation
FNDA:0,loadLocations
FNDA:0,me
FNDA:0,created
DA:44,0
DA:45,0
DA:50,0
DA:59,0
DA:65,0
DA:68,0
DA:69,0
DA:71,0
DA:75,0
DA:76,0
DA:77,0
DA:79,0
DA:83,0
DA:84,0
DA:87,0
DA:90,0
DA:93,0
DA:96,0
DA:97,0
DA:104,0
DA:109,0
LF:21
LH:0
BRDA:65,0,0,0
BRDA:65,0,1,0
BRDA:68,1,0,0
BRDA:68,1,1,0
BRDA:76,2,0,0
BRDA:76,2,1,0
BRDA:96,3,0,0
BRDA:96,3,1,0
BRF:8
BRH:0
end_of_record
TN:
SF:G:\UpworkTask\VictorSemenkov\Alex Zehnbacht\RealDijoca\Dijoca\src\pages\My\Locations\layout.vue
FN:18,data
FNF:1
FNH:0
FNDA:0,data
DA:18,0
LF:1
LH:0
BRF:0
BRH:0
end_of_record
TN:
SF:G:\UpworkTask\VictorSemenkov\Alex Zehnbacht\RealDijoca\Dijoca\src\pages\My\Locations\Tabs\Details.vue
FN:74,data
FN:111,location
FN:117,toTitleCase
FN:118,(anonymous_9)
FN:122,getCurrentLocationData
FN:125,updateRouteMeta
FN:129,buildAddressJson
FN:133,changePic
FN:141,saveChanges
FN:143,(anonymous_15)
FN:155,(anonymous_16)
FN:163,(anonymous_17)
FN:179,location
FN:184,created
FNF:14
FNH:0
FNDA:0,data
FNDA:0,location
FNDA:0,toTitleCase
FNDA:0,(anonymous_9)
FNDA:0,getCurrentLocationData
FNDA:0,updateRouteMeta
FNDA:0,buildAddressJson
FNDA:0,changePic
FNDA:0,saveChanges
FNDA:0,(anonymous_15)
FNDA:0,(anonymous_16)
FNDA:0,(anonymous_17)
FNDA:0,location
FNDA:0,created
DA:67,0
DA:68,0
DA:69,0
DA:75,0
DA:112,0
DA:118,0
DA:119,0
DA:123,0
DA:126,0
DA:127,0
DA:130,0
DA:131,0
DA:134,0
DA:141,0
DA:142,0
DA:143,0
DA:144,0
DA:146,0
DA:147,0
DA:154,0
DA:155,0
DA:158,0
DA:165,0
DA:180,0
DA:181,0
DA:185,0
DA:188,0
DA:189,0
LF:28
LH:0
BRDA:146,0,0,0
BRDA:146,0,1,0
BRDA:188,1,0,0
BRDA:188,1,1,0
BRF:4
BRH:0
end_of_record
TN:
SF:G:\UpworkTask\VictorSemenkov\Alex Zehnbacht\RealDijoca\Dijoca\src\pages\My\Locations\Tabs\History.vue
FN:24,data
FN:30,location
FNF:2
FNH:0
FNDA:0,data
FNDA:0,location
DA:19,0
DA:24,0
DA:31,0
LF:3
LH:0
BRF:0
BRH:0
end_of_record
TN:
SF:G:\UpworkTask\VictorSemenkov\Alex Zehnbacht\RealDijoca\Dijoca\src\pages\My\Locations\Tabs\Home.vue
FN:29,data
FN:38,location
FN:41,currentCountryConfig
FN:44,addressTandem
FNF:4
FNH:0
FNDA:0,data
FNDA:0,location
FNDA:0,currentCountryConfig
FNDA:0,addressTandem
DA:23,0
DA:24,0
DA:29,0
DA:39,0
DA:42,0
DA:45,0
LF:6
LH:0
BRDA:42,0,0,0
BRDA:42,0,1,0
BRF:2
BRH:0
end_of_record
TN:
SF:G:\UpworkTask\VictorSemenkov\Alex Zehnbacht\RealDijoca\Dijoca\src\pages\My\Locations\Tabs\Schedule.vue
FN:24,data
FN:30,location
FNF:2
FNH:0
FNDA:0,data
FNDA:0,location
DA:19,0
DA:24,0
DA:31,0
LF:3
LH:0
BRF:0
BRH:0
end_of_record
TN:
SF:G:\UpworkTask\VictorSemenkov\Alex Zehnbacht\RealDijoca\Dijoca\src\pages\My\Locations\Tabs\Zones.vue
FN:24,data
FN:30,location
FNF:2
FNH:0
FNDA:0,data
FNDA:0,location
DA:19,0
DA:24,0
DA:31,0
LF:3
LH:0
BRF:0
BRH:0
end_of_record
TN:
SF:G:\UpworkTask\VictorSemenkov\Alex Zehnbacht\RealDijoca\Dijoca\src\pages\My\Locations\Tabs\Share\Add.vue
FN:24,data
FN:30,location
FN:38,me
FN:49,created
FNF:4
FNH:0
FNDA:0,data
FNDA:0,location
FNDA:0,me
FNDA:0,created
DA:19,0
DA:24,0
DA:31,0
DA:39,0
DA:40,0
DA:44,0
DA:50,0
DA:51,0
DA:55,0
LF:9
LH:0
BRDA:39,0,0,0
BRDA:39,0,1,0
BRDA:50,1,0,0
BRDA:50,1,1,0
BRF:4
BRH:0
end_of_record
TN:
SF:G:\UpworkTask\VictorSemenkov\Alex Zehnbacht\RealDijoca\Dijoca\src\pages\My\Locations\Tabs\Share\List.vue
FN:34,data
FN:40,location
FN:48,me
FN:59,created
FNF:4
FNH:0
FNDA:0,data
FNDA:0,location
FNDA:0,me
FNDA:0,created
DA:29,0
DA:34,0
DA:41,0
DA:49,0
DA:50,0
DA:54,0
DA:60,0
DA:61,0
DA:65,0
LF:9
LH:0
BRDA:49,0,0,0
BRDA:49,0,1,0
BRDA:60,1,0,0
BRDA:60,1,1,0
BRF:4
BRH:0
end_of_record
TN:
SF:G:\UpworkTask\VictorSemenkov\Alex Zehnbacht\RealDijoca\Dijoca\src\pages\My\Locations\Tabs\Share\Router.vue
FN:18,data
FN:25,location
FNF:2
FNH:0
FNDA:0,data
FNDA:0,location
DA:13,0
DA:18,0
DA:26,0
LF:3
LH:0
BRF:0
BRH:0
end_of_record
TN:
SF:G:\UpworkTask\VictorSemenkov\Alex Zehnbacht\RealDijoca\Dijoca\src\pages\Users\AddUser.vue
FN:42,data
FN:59,createUser
FN:67,(anonymous_3)
FN:72,(anonymous_4)
FN:81,hasPerm
FNF:5
FNH:0
FNDA:0,data
FNDA:0,createUser
FNDA:0,(anonymous_3)
FNDA:0,(anonymous_4)
FNDA:0,hasPerm
DA:39,0
DA:42,0
DA:59,0
DA:60,0
DA:62,0
DA:63,0
DA:66,0
DA:67,0
DA:69,0
DA:70,0
DA:71,0
DA:74,0
DA:82,0
LF:13
LH:0
BRDA:62,0,0,0
BRDA:62,0,1,0
BRF:2
BRH:0
end_of_record
TN:
SF:G:\UpworkTask\VictorSemenkov\Alex Zehnbacht\RealDijoca\Dijoca\src\pages\Users\User.vue
FN:95,data
FN:100,permissions
FN:103,permsAsOptions
FN:106,(anonymous_4)
FN:113,user
FN:119,getLocationTitle
FN:122,saveUser
FN:127,destroyUser
FN:129,(anonymous_9)
FN:136,hasPerm
FN:139,editUser
FN:153,created
FNF:12
FNH:0
FNDA:0,data
FNDA:0,permissions
FNDA:0,permsAsOptions
FNDA:0,(anonymous_4)
FNDA:0,user
FNDA:0,getLocationTitle
FNDA:0,saveUser
FNDA:0,destroyUser
FNDA:0,(anonymous_9)
FNDA:0,hasPerm
FNDA:0,editUser
FNDA:0,created
DA:95,0
DA:101,0
DA:104,0
DA:106,0
DA:107,0
DA:114,0
DA:120,0
DA:123,0
DA:127,0
DA:128,0
DA:133,0
DA:137,0
DA:140,0
DA:141,0
DA:143,0
DA:154,0
DA:157,0
LF:17
LH:0
BRDA:120,0,0,0
BRDA:120,0,1,0
BRDA:140,1,0,0
BRDA:140,1,1,0
BRF:4
BRH:0
end_of_record
TN:
SF:G:\UpworkTask\VictorSemenkov\Alex Zehnbacht\RealDijoca\Dijoca\src\pages\Users\Users.vue
FN:40,data
FN:51,columns
FN:58,field
FN:66,users
FN:72,selectUser
FN:75,hasPerm
FN:78,addUser
FN:92,created
FNF:8
FNH:0
FNDA:0,data
FNDA:0,columns
FNDA:0,field
FNDA:0,users
FNDA:0,selectUser
FNDA:0,hasPerm
FNDA:0,addUser
FNDA:0,created
DA:40,0
DA:52,0
DA:58,0
DA:64,0
DA:67,0
DA:73,0
DA:76,0
DA:79,0
DA:80,0
DA:82,0
DA:93,0
LF:11
LH:0
BRDA:58,0,0,0
BRDA:58,0,1,0
BRDA:79,1,0,0
BRDA:79,1,1,0
BRF:4
BRH:0
end_of_record
TN:
SF:G:\UpworkTask\VictorSemenkov\Alex Zehnbacht\RealDijoca\Dijoca\src\router\devices.js
FN:1,deviceDetails
FN:6,(anonymous_1)
FN:7,(anonymous_2)
FN:13,(anonymous_3)
FN:18,(anonymous_4)
FN:24,(anonymous_5)
FN:30,(anonymous_6)
FN:36,(anonymous_7)
FN:49,(anonymous_8)
FN:54,(anonymous_9)
FN:59,(anonymous_10)
FNF:11
FNH:0
FNDA:0,deviceDetails
FNDA:0,(anonymous_1)
FNDA:0,(anonymous_2)
FNDA:0,(anonymous_3)
FNDA:0,(anonymous_4)
FNDA:0,(anonymous_5)
FNDA:0,(anonymous_6)
FNDA:0,(anonymous_7)
FNDA:0,(anonymous_8)
FNDA:0,(anonymous_9)
FNDA:0,(anonymous_10)
DA:2,0
DA:6,0
DA:7,0
DA:13,0
DA:18,0
DA:24,0
DA:30,0
DA:36,0
DA:49,0
DA:54,0
DA:59,0
LF:11
LH:0
BRF:0
BRH:0
end_of_record
TN:
SF:G:\UpworkTask\VictorSemenkov\Alex Zehnbacht\RealDijoca\Dijoca\src\router\index copy.js
FN:13,(anonymous_0)
FN:15,(anonymous_1)
FNF:2
FNH:0
FNDA:0,(anonymous_0)
FNDA:0,(anonymous_1)
DA:6,0
DA:14,0
DA:15,0
DA:25,0
LF:4
LH:0
BRF:0
BRH:0
end_of_record
TN:
SF:G:\UpworkTask\VictorSemenkov\Alex Zehnbacht\RealDijoca\Dijoca\src\router\index.js
FN:13,(anonymous_0)
FN:15,(anonymous_1)
FNF:2
FNH:0
FNDA:0,(anonymous_0)
FNDA:0,(anonymous_1)
DA:6,0
DA:14,0
DA:15,0
DA:25,0
LF:4
LH:0
BRF:0
BRH:0
end_of_record
TN:
SF:G:\UpworkTask\VictorSemenkov\Alex Zehnbacht\RealDijoca\Dijoca\src\router\locations.js
FN:7,(anonymous_0)
FN:8,(anonymous_1)
FN:14,(anonymous_2)
FN:19,(anonymous_3)
FNF:4
FNH:0
FNDA:0,(anonymous_0)
FNDA:0,(anonymous_1)
FNDA:0,(anonymous_2)
FNDA:0,(anonymous_3)
DA:7,0
DA:8,0
DA:14,0
DA:19,0
LF:4
LH:0
BRF:0
BRH:0
end_of_record
TN:
SF:G:\UpworkTask\VictorSemenkov\Alex Zehnbacht\RealDijoca\Dijoca\src\router\my.js
FN:7,(anonymous_0)
FN:8,(anonymous_1)
FN:124,(anonymous_2)
FNF:3
FNH:0
FNDA:0,(anonymous_0)
FNDA:0,(anonymous_1)
FNDA:0,(anonymous_2)
DA:7,0
DA:8,0
DA:124,0
LF:3
LH:0
BRF:0
BRH:0
end_of_record
TN:
SF:G:\UpworkTask\VictorSemenkov\Alex Zehnbacht\RealDijoca\Dijoca\src\router\routes copy.js
FN:9,(anonymous_0)
FN:11,(anonymous_1)
FN:16,(anonymous_2)
FN:18,(anonymous_3)
FN:23,(anonymous_4)
FN:25,(anonymous_5)
FN:30,(anonymous_6)
FN:32,(anonymous_7)
FN:37,(anonymous_8)
FN:41,(anonymous_9)
FN:47,(anonymous_10)
FN:63,(anonymous_11)
FNF:12
FNH:0
FNDA:0,(anonymous_0)
FNDA:0,(anonymous_1)
FNDA:0,(anonymous_2)
FNDA:0,(anonymous_3)
FNDA:0,(anonymous_4)
FNDA:0,(anonymous_5)
FNDA:0,(anonymous_6)
FNDA:0,(anonymous_7)
FNDA:0,(anonymous_8)
FNDA:0,(anonymous_9)
FNDA:0,(anonymous_10)
FNDA:0,(anonymous_11)
DA:6,0
DA:9,0
DA:11,0
DA:16,0
DA:18,0
DA:23,0
DA:25,0
DA:30,0
DA:32,0
DA:37,0
DA:41,0
DA:47,0
DA:60,0
DA:61,0
DA:63,0
LF:15
LH:0
BRDA:60,0,0,0
BRDA:60,0,1,0
BRF:2
BRH:0
end_of_record
TN:
SF:G:\UpworkTask\VictorSemenkov\Alex Zehnbacht\RealDijoca\Dijoca\src\router\routes.js
FN:6,(anonymous_0)
FN:8,(anonymous_1)
FN:13,(anonymous_2)
FN:15,(anonymous_3)
FN:27,(anonymous_4)
FN:29,(anonymous_5)
FN:34,(anonymous_6)
FN:38,(anonymous_7)
FN:44,(anonymous_8)
FN:62,(anonymous_9)
FNF:10
FNH:0
FNDA:0,(anonymous_0)
FNDA:0,(anonymous_1)
FNDA:0,(anonymous_2)
FNDA:0,(anonymous_3)
FNDA:0,(anonymous_4)
FNDA:0,(anonymous_5)
FNDA:0,(anonymous_6)
FNDA:0,(anonymous_7)
FNDA:0,(anonymous_8)
FNDA:0,(anonymous_9)
DA:3,0
DA:6,0
DA:8,0
DA:13,0
DA:15,0
DA:27,0
DA:29,0
DA:34,0
DA:38,0
DA:44,0
DA:59,0
DA:60,0
DA:62,0
LF:13
LH:0
BRDA:59,0,0,0
BRDA:59,0,1,0
BRF:2
BRH:0
end_of_record
TN:
SF:G:\UpworkTask\VictorSemenkov\Alex Zehnbacht\RealDijoca\Dijoca\src\router\users.js
FN:5,(anonymous_0)
FN:6,(anonymous_1)
FN:19,(anonymous_2)
FN:20,(anonymous_3)
FN:27,(anonymous_4)
FN:28,(anonymous_5)
FNF:6
FNH:0
FNDA:0,(anonymous_0)
FNDA:0,(anonymous_1)
FNDA:0,(anonymous_2)
FNDA:0,(anonymous_3)
FNDA:0,(anonymous_4)
FNDA:0,(anonymous_5)
DA:5,0
DA:6,0
DA:19,0
DA:20,0
DA:27,0
DA:28,0
LF:6
LH:0
BRF:0
BRH:0
end_of_record
TN:
SF:G:\UpworkTask\VictorSemenkov\Alex Zehnbacht\RealDijoca\Dijoca\src\store\index.js
FN:20,(anonymous_0)
FNF:1
FNH:0
FNDA:0,(anonymous_0)
DA:13,0
DA:21,0
DA:34,0
LF:3
LH:0
BRF:0
BRH:0
end_of_record
TN:
SF:G:\UpworkTask\VictorSemenkov\Alex Zehnbacht\RealDijoca\Dijoca\src\store\auth\actions.js
FN:4,login
FN:5,(anonymous_1)
FN:7,(anonymous_2)
FN:14,(anonymous_3)
FN:21,logout
FN:22,(anonymous_5)
FN:28,loadCurrentUser
FN:29,(anonymous_7)
FN:31,(anonymous_8)
FN:35,(anonymous_9)
FN:43,updateCurrentUser
FN:44,(anonymous_11)
FN:46,(anonymous_12)
FN:50,(anonymous_13)
FN:56,loadPermissionsList
FN:57,(anonymous_15)
FN:59,(anonymous_16)
FN:63,(anonymous_17)
FN:71,checkLoggedIn
FN:72,(anonymous_19)
FN:80,(anonymous_20)
FN:90,setAxiosHeaders
FNF:22
FNH:0
FNDA:0,login
FNDA:0,(anonymous_1)
FNDA:0,(anonymous_2)
FNDA:0,(anonymous_3)
FNDA:0,logout
FNDA:0,(anonymous_5)
FNDA:0,loadCurrentUser
FNDA:0,(anonymous_7)
FNDA:0,(anonymous_8)
FNDA:0,(anonymous_9)
FNDA:0,updateCurrentUser
FNDA:0,(anonymous_11)
FNDA:0,(anonymous_12)
FNDA:0,(anonymous_13)
FNDA:0,loadPermissionsList
FNDA:0,(anonymous_15)
FNDA:0,(anonymous_16)
FNDA:0,(anonymous_17)
FNDA:0,checkLoggedIn
FNDA:0,(anonymous_19)
FNDA:0,(anonymous_20)
FNDA:0,setAxiosHeaders
DA:5,0
DA:6,0
DA:8,0
DA:9,0
DA:11,0
DA:12,0
DA:15,0
DA:16,0
DA:22,0
DA:23,0
DA:24,0
DA:29,0
DA:30,0
DA:32,0
DA:33,0
DA:36,0
DA:37,0
DA:44,0
DA:45,0
DA:47,0
DA:48,0
DA:51,0
DA:57,0
DA:58,0
DA:60,0
DA:61,0
DA:64,0
DA:65,0
DA:72,0
DA:73,0
DA:74,0
DA:76,0
DA:77,0
DA:78,0
DA:80,0
DA:81,0
DA:82,0
DA:85,0
DA:91,0
LF:39
LH:0
BRDA:76,0,0,0
BRDA:76,0,1,0
BRF:2
BRH:0
end_of_record
TN:
SF:G:\UpworkTask\VictorSemenkov\Alex Zehnbacht\RealDijoca\Dijoca\src\store\auth\getters.js
FN:1,token
FN:5,currentUser
FN:9,permissions
FN:13,hasPerm
FN:14,(anonymous_4)
FNF:5
FNH:0
FNDA:0,token
FNDA:0,currentUser
FNDA:0,permissions
FNDA:0,hasPerm
FNDA:0,(anonymous_4)
DA:2,0
DA:6,0
DA:10,0
DA:14,0
LF:4
LH:0
BRDA:14,0,0,0
BRDA:14,0,1,0
BRF:2
BRH:0
end_of_record
TN:
SF:G:\UpworkTask\VictorSemenkov\Alex Zehnbacht\RealDijoca\Dijoca\src\store\auth\index.js
FNF:0
FNH:0
LF:0
LH:0
BRF:0
BRH:0
end_of_record
TN:
SF:G:\UpworkTask\VictorSemenkov\Alex Zehnbacht\RealDijoca\Dijoca\src\store\auth\mutations.js
FN:1,login
FN:8,logout
FN:17,setCurrentUser
FN:21,setPermissions
FNF:4
FNH:0
FNDA:0,login
FNDA:0,logout
FNDA:0,setCurrentUser
FNDA:0,setPermissions
DA:2,0
DA:3,0
DA:4,0
DA:5,0
DA:9,0
DA:10,0
DA:11,0
DA:12,0
DA:14,0
DA:18,0
DA:22,0
LF:11
LH:0
BRF:0
BRH:0
end_of_record
TN:
SF:G:\UpworkTask\VictorSemenkov\Alex Zehnbacht\RealDijoca\Dijoca\src\store\auth\state.js
FNF:0
FNH:0
LF:0
LH:0
BRF:0
BRH:0
end_of_record
TN:
SF:G:\UpworkTask\VictorSemenkov\Alex Zehnbacht\RealDijoca\Dijoca\src\store\device-models\actions.js
FN:3,loadDeviceModels
FN:4,(anonymous_1)
FN:6,(anonymous_2)
FN:10,(anonymous_3)
FNF:4
FNH:0
FNDA:0,loadDeviceModels
FNDA:0,(anonymous_1)
FNDA:0,(anonymous_2)
FNDA:0,(anonymous_3)
DA:4,0
DA:5,0
DA:7,0
DA:8,0
DA:11,0
DA:12,0
LF:6
LH:0
BRF:0
BRH:0
end_of_record
TN:
SF:G:\UpworkTask\VictorSemenkov\Alex Zehnbacht\RealDijoca\Dijoca\src\store\device-models\getters.js
FN:1,all
FN:9,byId
FN:10,(anonymous_2)
FNF:3
FNH:0
FNDA:0,all
FNDA:0,byId
FNDA:0,(anonymous_2)
DA:2,0
DA:10,0
LF:2
LH:0
BRDA:10,0,0,0
BRDA:10,0,1,0
BRF:2
BRH:0
end_of_record
TN:
SF:G:\UpworkTask\VictorSemenkov\Alex Zehnbacht\RealDijoca\Dijoca\src\store\device-models\index.js
FNF:0
FNH:0
LF:0
LH:0
BRF:0
BRH:0
end_of_record
TN:
SF:G:\UpworkTask\VictorSemenkov\Alex Zehnbacht\RealDijoca\Dijoca\src\store\device-models\mutations.js
FN:3,importDeviceModel
FN:9,importDeviceModels
FN:15,removeDeviceModel
FNF:3
FNH:0
FNDA:0,importDeviceModel
FNDA:0,importDeviceModels
FNDA:0,removeDeviceModel
DA:4,0
DA:5,0
DA:10,0
DA:11,0
DA:16,0
LF:5
LH:0
BRDA:4,0,0,0
BRDA:4,0,1,0
BRF:2
BRH:0
end_of_record
TN:
SF:G:\UpworkTask\VictorSemenkov\Alex Zehnbacht\RealDijoca\Dijoca\src\store\device-models\state.js
FNF:0
FNH:0
LF:0
LH:0
BRF:0
BRH:0
end_of_record
TN:
SF:G:\UpworkTask\VictorSemenkov\Alex Zehnbacht\RealDijoca\Dijoca\src\store\device-software\actions.js
FN:3,loadDeviceSoftwares
FN:4,(anonymous_1)
FN:6,(anonymous_2)
FN:10,(anonymous_3)
FNF:4
FNH:0
FNDA:0,loadDeviceSoftwares
FNDA:0,(anonymous_1)
FNDA:0,(anonymous_2)
FNDA:0,(anonymous_3)
DA:4,0
DA:5,0
DA:7,0
DA:8,0
DA:11,0
DA:12,0
LF:6
LH:0
BRF:0
BRH:0
end_of_record
TN:
SF:G:\UpworkTask\VictorSemenkov\Alex Zehnbacht\RealDijoca\Dijoca\src\store\device-software\getters.js
FN:1,all
FN:9,byId
FN:10,(anonymous_2)
FNF:3
FNH:0
FNDA:0,all
FNDA:0,byId
FNDA:0,(anonymous_2)
DA:2,0
DA:10,0
LF:2
LH:0
BRDA:10,0,0,0
BRDA:10,0,1,0
BRF:2
BRH:0
end_of_record
TN:
SF:G:\UpworkTask\VictorSemenkov\Alex Zehnbacht\RealDijoca\Dijoca\src\store\device-software\index.js
FNF:0
FNH:0
LF:0
LH:0
BRF:0
BRH:0
end_of_record
TN:
SF:G:\UpworkTask\VictorSemenkov\Alex Zehnbacht\RealDijoca\Dijoca\src\store\device-software\mutations.js
FN:3,importDeviceSoftware
FN:9,importDeviceSoftwares
FN:15,removeDeviceSoftware
FNF:3
FNH:0
FNDA:0,importDeviceSoftware
FNDA:0,importDeviceSoftwares
FNDA:0,removeDeviceSoftware
DA:4,0
DA:5,0
DA:10,0
DA:11,0
DA:16,0
LF:5
LH:0
BRDA:4,0,0,0
BRDA:4,0,1,0
BRF:2
BRH:0
end_of_record
TN:
SF:G:\UpworkTask\VictorSemenkov\Alex Zehnbacht\RealDijoca\Dijoca\src\store\device-software\state.js
FNF:0
FNH:0
LF:0
LH:0
BRF:0
BRH:0
end_of_record
TN:
SF:G:\UpworkTask\VictorSemenkov\Alex Zehnbacht\RealDijoca\Dijoca\src\store\device-types\actions.js
FN:3,loadDeviceTypes
FN:4,(anonymous_1)
FN:6,(anonymous_2)
FN:10,(anonymous_3)
FNF:4
FNH:0
FNDA:0,loadDeviceTypes
FNDA:0,(anonymous_1)
FNDA:0,(anonymous_2)
FNDA:0,(anonymous_3)
DA:4,0
DA:5,0
DA:7,0
DA:8,0
DA:11,0
DA:12,0
LF:6
LH:0
BRF:0
BRH:0
end_of_record
TN:
SF:G:\UpworkTask\VictorSemenkov\Alex Zehnbacht\RealDijoca\Dijoca\src\store\device-types\getters.js
FN:1,all
FN:9,byId
FN:10,(anonymous_2)
FNF:3
FNH:0
FNDA:0,all
FNDA:0,byId
FNDA:0,(anonymous_2)
DA:2,0
DA:10,0
LF:2
LH:0
BRDA:10,0,0,0
BRDA:10,0,1,0
BRF:2
BRH:0
end_of_record
TN:
SF:G:\UpworkTask\VictorSemenkov\Alex Zehnbacht\RealDijoca\Dijoca\src\store\device-types\index.js
FNF:0
FNH:0
LF:0
LH:0
BRF:0
BRH:0
end_of_record
TN:
SF:G:\UpworkTask\VictorSemenkov\Alex Zehnbacht\RealDijoca\Dijoca\src\store\device-types\mutations.js
FN:3,importDeviceType
FN:9,importDeviceTypes
FN:15,removeDeviceType
FNF:3
FNH:0
FNDA:0,importDeviceType
FNDA:0,importDeviceTypes
FNDA:0,removeDeviceType
DA:4,0
DA:5,0
DA:10,0
DA:11,0
DA:16,0
LF:5
LH:0
BRDA:4,0,0,0
BRDA:4,0,1,0
BRF:2
BRH:0
end_of_record
TN:
SF:G:\UpworkTask\VictorSemenkov\Alex Zehnbacht\RealDijoca\Dijoca\src\store\device-types\state.js
FNF:0
FNH:0
LF:0
LH:0
BRF:0
BRH:0
end_of_record
TN:
SF:G:\UpworkTask\VictorSemenkov\Alex Zehnbacht\RealDijoca\Dijoca\src\store\devices\actions.js
FN:3,loadDevices
FN:4,(anonymous_1)
FN:6,(anonymous_2)
FN:10,(anonymous_3)
FN:18,loadDevice
FN:19,(anonymous_5)
FN:21,(anonymous_6)
FN:25,(anonymous_7)
FN:33,importDevice
FN:36,importDevices
FN:40,update
FN:43,(anonymous_11)
FN:46,(anonymous_12)
FN:46,(anonymous_13)
FN:50,create
FN:51,(anonymous_15)
FN:53,(anonymous_16)
FN:56,(anonymous_17)
FN:61,destroy
FN:62,(anonymous_19)
FN:64,(anonymous_20)
FN:68,(anonymous_21)
FNF:22
FNH:0
FNDA:0,loadDevices
FNDA:0,(anonymous_1)
FNDA:0,(anonymous_2)
FNDA:0,(anonymous_3)
FNDA:0,loadDevice
FNDA:0,(anonymous_5)
FNDA:0,(anonymous_6)
FNDA:0,(anonymous_7)
FNDA:0,importDevice
FNDA:0,importDevices
FNDA:0,update
FNDA:0,(anonymous_11)
FNDA:0,(anonymous_12)
FNDA:0,(anonymous_13)
FNDA:0,create
FNDA:0,(anonymous_15)
FNDA:0,(anonymous_16)
FNDA:0,(anonymous_17)
FNDA:0,destroy
FNDA:0,(anonymous_19)
FNDA:0,(anonymous_20)
FNDA:0,(anonymous_21)
DA:4,0
DA:5,0
DA:7,0
DA:8,0
DA:11,0
DA:12,0
DA:19,0
DA:20,0
DA:22,0
DA:23,0
DA:26,0
DA:27,0
DA:34,0
DA:37,0
DA:41,0
DA:43,0
DA:44,0
DA:51,0
DA:52,0
DA:54,0
DA:62,0
DA:63,0
DA:65,0
DA:66,0
LF:24
LH:0
BRF:0
BRH:0
end_of_record
TN:
SF:G:\UpworkTask\VictorSemenkov\Alex Zehnbacht\RealDijoca\Dijoca\src\store\devices\getters.js
FN:1,all
FN:5,my
FN:16,byLocationId
FN:17,(anonymous_3)
FN:17,(anonymous_4)
FN:20,byId
FN:21,(anonymous_6)
FNF:7
FNH:0
FNDA:0,all
FNDA:0,my
FNDA:0,byLocationId
FNDA:0,(anonymous_3)
FNDA:0,(anonymous_4)
FNDA:0,byId
FNDA:0,(anonymous_6)
DA:2,0
DA:13,0
DA:17,0
DA:21,0
LF:4
LH:0
BRDA:21,0,0,0
BRDA:21,0,1,0
BRF:2
BRH:0
end_of_record
TN:
SF:G:\UpworkTask\VictorSemenkov\Alex Zehnbacht\RealDijoca\Dijoca\src\store\devices\index.js
FNF:0
FNH:0
LF:0
LH:0
BRF:0
BRH:0
end_of_record
TN:
SF:G:\UpworkTask\VictorSemenkov\Alex Zehnbacht\RealDijoca\Dijoca\src\store\devices\mutations.js
FN:3,importDevice
FN:9,importDevices
FN:15,removeDevice
FNF:3
FNH:0
FNDA:0,importDevice
FNDA:0,importDevices
FNDA:0,removeDevice
DA:4,0
DA:5,0
DA:10,0
DA:11,0
DA:16,0
LF:5
LH:0
BRDA:4,0,0,0
BRDA:4,0,1,0
BRF:2
BRH:0
end_of_record
TN:
SF:G:\UpworkTask\VictorSemenkov\Alex Zehnbacht\RealDijoca\Dijoca\src\store\devices\state.js
FNF:0
FNH:0
LF:0
LH:0
BRF:0
BRH:0
end_of_record
TN:
SF:G:\UpworkTask\VictorSemenkov\Alex Zehnbacht\RealDijoca\Dijoca\src\store\locations\actions.js
FN:3,loadLocations
FN:4,(anonymous_1)
FN:6,(anonymous_2)
FN:10,(anonymous_3)
FN:18,loadLocation
FN:19,(anonymous_5)
FN:21,(anonymous_6)
FN:25,(anonymous_7)
FN:33,update
FN:36,(anonymous_9)
FN:43,create
FN:44,(anonymous_11)
FN:46,(anonymous_12)
FN:55,destroy
FN:56,(anonymous_14)
FN:58,(anonymous_15)
FNF:16
FNH:0
FNDA:0,loadLocations
FNDA:0,(anonymous_1)
FNDA:0,(anonymous_2)
FNDA:0,(anonymous_3)
FNDA:0,loadLocation
FNDA:0,(anonymous_5)
FNDA:0,(anonymous_6)
FNDA:0,(anonymous_7)
FNDA:0,update
FNDA:0,(anonymous_9)
FNDA:0,create
FNDA:0,(anonymous_11)
FNDA:0,(anonymous_12)
FNDA:0,destroy
FNDA:0,(anonymous_14)
FNDA:0,(anonymous_15)
DA:4,0
DA:5,0
DA:7,0
DA:8,0
DA:11,0
DA:12,0
DA:19,0
DA:20,0
DA:22,0
DA:23,0
DA:26,0
DA:27,0
DA:34,0
DA:36,0
DA:37,0
DA:44,0
DA:45,0
DA:47,0
DA:48,0
DA:56,0
DA:57,0
DA:59,0
DA:60,0
LF:23
LH:0
BRF:0
BRH:0
end_of_record
TN:
SF:G:\UpworkTask\VictorSemenkov\Alex Zehnbacht\RealDijoca\Dijoca\src\store\locations\getters.js
FN:1,all
FN:4,my
FN:11,(anonymous_2)
FN:20,byId
FN:21,(anonymous_4)
FNF:5
FNH:0
FNDA:0,all
FNDA:0,my
FNDA:0,(anonymous_2)
FNDA:0,byId
FNDA:0,(anonymous_4)
DA:2,0
DA:5,0
DA:7,0
DA:8,0
DA:10,0
DA:12,0
DA:16,0
DA:21,0
LF:8
LH:0
BRDA:7,0,0,0
BRDA:7,0,1,0
BRDA:21,1,0,0
BRDA:21,1,1,0
BRF:4
BRH:0
end_of_record
TN:
SF:G:\UpworkTask\VictorSemenkov\Alex Zehnbacht\RealDijoca\Dijoca\src\store\locations\index.js
FNF:0
FNH:0
LF:0
LH:0
BRF:0
BRH:0
end_of_record
TN:
SF:G:\UpworkTask\VictorSemenkov\Alex Zehnbacht\RealDijoca\Dijoca\src\store\locations\mutations.js
FN:3,importLocation
FN:9,importLocations
FN:17,removeLocation
FNF:3
FNH:0
FNDA:0,importLocation
FNDA:0,importLocations
FNDA:0,removeLocation
DA:4,0
DA:5,0
DA:10,0
DA:11,0
DA:13,0
DA:18,0
LF:6
LH:0
BRDA:4,0,0,0
BRDA:4,0,1,0
BRF:2
BRH:0
end_of_record
TN:
SF:G:\UpworkTask\VictorSemenkov\Alex Zehnbacht\RealDijoca\Dijoca\src\store\locations\state.js
FNF:0
FNH:0
LF:0
LH:0
BRF:0
BRH:0
end_of_record
TN:
SF:G:\UpworkTask\VictorSemenkov\Alex Zehnbacht\RealDijoca\Dijoca\src\store\logs\actions.js
FN:2,importLogEntry
FN:7,create
FNF:2
FNH:0
FNDA:0,importLogEntry
FNDA:0,create
DA:3,0
DA:8,0
LF:2
LH:0
BRF:0
BRH:0
end_of_record
TN:
SF:G:\UpworkTask\VictorSemenkov\Alex Zehnbacht\RealDijoca\Dijoca\src\store\logs\getters.js
FN:1,all
FN:5,byReporterId
FN:6,(anonymous_2)
FN:6,(anonymous_3)
FNF:4
FNH:0
FNDA:0,all
FNDA:0,byReporterId
FNDA:0,(anonymous_2)
FNDA:0,(anonymous_3)
DA:2,0
DA:6,0
LF:2
LH:0
BRF:0
BRH:0
end_of_record
TN:
SF:G:\UpworkTask\VictorSemenkov\Alex Zehnbacht\RealDijoca\Dijoca\src\store\logs\index.js
FNF:0
FNH:0
LF:0
LH:0
BRF:0
BRH:0
end_of_record
TN:
SF:G:\UpworkTask\VictorSemenkov\Alex Zehnbacht\RealDijoca\Dijoca\src\store\logs\mutations.js
FN:1,importLogEntry
FNF:1
FNH:0
FNDA:0,importLogEntry
DA:2,0
LF:1
LH:0
BRF:0
BRH:0
end_of_record
TN:
SF:G:\UpworkTask\VictorSemenkov\Alex Zehnbacht\RealDijoca\Dijoca\src\store\logs\state.js
FNF:0
FNH:0
LF:0
LH:0
BRF:0
BRH:0
end_of_record
TN:
SF:G:\UpworkTask\VictorSemenkov\Alex Zehnbacht\RealDijoca\Dijoca\src\store\users\actions.js
FN:3,loadUsers
FN:4,(anonymous_1)
FN:6,(anonymous_2)
FN:10,(anonymous_3)
FN:18,loadUser
FN:19,(anonymous_5)
FN:21,(anonymous_6)
FN:25,(anonymous_7)
FN:33,importUser
FN:36,importUsers
FN:40,update
FN:43,(anonymous_11)
FN:44,(anonymous_12)
FN:44,(anonymous_13)
FN:48,create
FN:49,(anonymous_15)
FN:50,(anonymous_16)
FN:57,destroy
FN:58,(anonymous_18)
FN:60,(anonymous_19)
FN:64,(anonymous_20)
FNF:21
FNH:0
FNDA:0,loadUsers
FNDA:0,(anonymous_1)
FNDA:0,(anonymous_2)
FNDA:0,(anonymous_3)
FNDA:0,loadUser
FNDA:0,(anonymous_5)
FNDA:0,(anonymous_6)
FNDA:0,(anonymous_7)
FNDA:0,importUser
FNDA:0,importUsers
FNDA:0,update
FNDA:0,(anonymous_11)
FNDA:0,(anonymous_12)
FNDA:0,(anonymous_13)
FNDA:0,create
FNDA:0,(anonymous_15)
FNDA:0,(anonymous_16)
FNDA:0,destroy
FNDA:0,(anonymous_18)
FNDA:0,(anonymous_19)
FNDA:0,(anonymous_20)
DA:4,0
DA:5,0
DA:7,0
DA:8,0
DA:11,0
DA:12,0
DA:19,0
DA:20,0
DA:22,0
DA:23,0
DA:26,0
DA:27,0
DA:34,0
DA:37,0
DA:41,0
DA:43,0
DA:44,0
DA:49,0
DA:50,0
DA:51,0
DA:52,0
DA:58,0
DA:59,0
DA:61,0
DA:62,0
LF:25
LH:0
BRF:0
BRH:0
end_of_record
TN:
SF:G:\UpworkTask\VictorSemenkov\Alex Zehnbacht\RealDijoca\Dijoca\src\store\users\getters.js
FN:1,all
FN:5,my
FN:16,byId
FN:17,(anonymous_3)
FNF:4
FNH:0
FNDA:0,all
FNDA:0,my
FNDA:0,byId
FNDA:0,(anonymous_3)
DA:2,0
DA:13,0
DA:17,0
LF:3
LH:0
BRDA:17,0,0,0
BRDA:17,0,1,0
BRF:2
BRH:0
end_of_record
TN:
SF:G:\UpworkTask\VictorSemenkov\Alex Zehnbacht\RealDijoca\Dijoca\src\store\users\index.js
FNF:0
FNH:0
LF:0
LH:0
BRF:0
BRH:0
end_of_record
TN:
SF:G:\UpworkTask\VictorSemenkov\Alex Zehnbacht\RealDijoca\Dijoca\src\store\users\mutations.js
FN:3,importUser
FN:9,importUsers
FN:15,removeUser
FNF:3
FNH:0
FNDA:0,importUser
FNDA:0,importUsers
FNDA:0,removeUser
DA:4,0
DA:5,0
DA:10,0
DA:11,0
DA:16,0
LF:5
LH:0
BRDA:4,0,0,0
BRDA:4,0,1,0
BRF:2
BRH:0
end_of_record
TN:
SF:G:\UpworkTask\VictorSemenkov\Alex Zehnbacht\RealDijoca\Dijoca\src\store\users\state.js
FNF:0
FNH:0
LF:0
LH:0
BRF:0
BRH:0
end_of_record
